
2021-01-21 21:24:32
正在进行第0轮训练...
2021-01-21 21:34:06
第0轮训练完成，耗时09分34秒，
训练集上的loss=0.591776；
验证集上的loss=0.5422，mIoU=0.165068
最好的结果是第0轮，mIoU=0.165068

2021-01-21 21:34:06
正在进行第1轮训练...
2021-01-21 21:43:45
第1轮训练完成，耗时09分39秒，
训练集上的loss=0.516576；
验证集上的loss=0.4969，mIoU=0.193945
最好的结果是第1轮，mIoU=0.193945

2021-01-21 21:43:45
正在进行第2轮训练...
2021-01-21 21:53:28
第2轮训练完成，耗时09分42秒，
训练集上的loss=0.486903；
验证集上的loss=0.5042，mIoU=0.190000
最好的结果是第1轮，mIoU=0.193945

2021-01-21 21:53:28
正在进行第3轮训练...
2021-01-21 22:03:30
第3轮训练完成，耗时10分02秒，
训练集上的loss=0.457084；
验证集上的loss=0.4418，mIoU=0.255380
最好的结果是第3轮，mIoU=0.255380

2021-01-21 22:03:30
正在进行第4轮训练...
2021-01-21 22:15:50
第4轮训练完成，耗时12分19秒，
训练集上的loss=0.432876；
验证集上的loss=0.4179，mIoU=0.244097
最好的结果是第4轮，mIoU=0.244097

2021-01-21 22:15:50
正在进行第5轮训练...
2021-01-21 22:28:29
第5轮训练完成，耗时12分38秒，
训练集上的loss=0.401586；
验证集上的loss=0.3950，mIoU=0.275192
最好的结果是第5轮，mIoU=0.275192

2021-01-21 22:28:29
正在进行第6轮训练...
2021-01-21 22:41:04
第6轮训练完成，耗时12分35秒，
训练集上的loss=0.386223；
验证集上的loss=0.3887，mIoU=0.299259
最好的结果是第6轮，mIoU=0.299259

2021-01-21 22:41:04
正在进行第7轮训练...
2021-01-21 22:53:42
第7轮训练完成，耗时12分38秒，
训练集上的loss=0.371094；
验证集上的loss=0.3774，mIoU=0.302097
最好的结果是第7轮，mIoU=0.302097

2021-01-21 22:53:42
正在进行第8轮训练...
2021-01-21 23:06:17
第8轮训练完成，耗时12分34秒，
训练集上的loss=0.356205；
验证集上的loss=0.3493，mIoU=0.340749
最好的结果是第8轮，mIoU=0.340749

2021-01-21 23:06:17
正在进行第9轮训练...
2021-01-21 23:18:53
第9轮训练完成，耗时12分35秒，
训练集上的loss=0.342790；
验证集上的loss=0.3497，mIoU=0.328154
最好的结果是第8轮，mIoU=0.340749

2021-01-21 23:18:53
正在进行第10轮训练...
2021-01-21 23:31:27
第10轮训练完成，耗时12分33秒，
训练集上的loss=0.331806；
验证集上的loss=0.3306，mIoU=0.356670
最好的结果是第10轮，mIoU=0.356670

2021-01-21 23:31:27
正在进行第11轮训练...
2021-01-21 23:44:05
第11轮训练完成，耗时12分38秒，
训练集上的loss=0.318392；
验证集上的loss=0.3285，mIoU=0.352872
最好的结果是第11轮，mIoU=0.352872

2021-01-21 23:44:05
正在进行第12轮训练...
2021-01-21 23:56:43
第12轮训练完成，耗时12分38秒，
训练集上的loss=0.307162；
验证集上的loss=0.3207，mIoU=0.368338
最好的结果是第12轮，mIoU=0.368338

2021-01-21 23:56:43
正在进行第13轮训练...
2021-01-22 00:09:14
第13轮训练完成，耗时12分31秒，
训练集上的loss=0.293667；
验证集上的loss=0.3225，mIoU=0.334769
最好的结果是第12轮，mIoU=0.368338

2021-01-22 00:09:14
正在进行第14轮训练...
2021-01-22 00:21:46
第14轮训练完成，耗时12分31秒，
训练集上的loss=0.277106；
验证集上的loss=0.2991，mIoU=0.401944
最好的结果是第14轮，mIoU=0.401944

2021-01-22 00:21:46
正在进行第15轮训练...
2021-01-22 00:34:15
第15轮训练完成，耗时12分29秒，
训练集上的loss=0.262621；
验证集上的loss=0.2925，mIoU=0.399331
最好的结果是第15轮，mIoU=0.399331

2021-01-22 00:34:15
正在进行第16轮训练...
2021-01-22 00:46:45
第16轮训练完成，耗时12分29秒，
训练集上的loss=0.246680；
验证集上的loss=0.2931，mIoU=0.412266
最好的结果是第15轮，mIoU=0.399331

2021-01-22 00:46:45
正在进行第17轮训练...
2021-01-22 00:59:13
第17轮训练完成，耗时12分27秒，
训练集上的loss=0.228708；
验证集上的loss=0.2744，mIoU=0.429849
最好的结果是第17轮，mIoU=0.429849

2021-01-22 00:59:13
正在进行第18轮训练...
2021-01-22 01:11:44
第18轮训练完成，耗时12分31秒，
训练集上的loss=0.214901；
验证集上的loss=0.2888，mIoU=0.418754
最好的结果是第17轮，mIoU=0.429849

2021-01-22 01:11:44
正在进行第19轮训练...
2021-01-22 01:24:10
第19轮训练完成，耗时12分26秒，
训练集上的loss=0.205228；
验证集上的loss=0.2523，mIoU=0.499858
最好的结果是第19轮，mIoU=0.499858

2021-01-22 01:24:10
正在进行第20轮训练...
2021-01-22 01:36:36
第20轮训练完成，耗时12分25秒，
训练集上的loss=0.179115；
验证集上的loss=0.2474，mIoU=0.518461
最好的结果是第20轮，mIoU=0.518461

2021-01-22 01:36:36
正在进行第21轮训练...
2021-01-22 01:49:05
第21轮训练完成，耗时12分28秒，
训练集上的loss=0.169173；
验证集上的loss=0.2492，mIoU=0.525180
最好的结果是第20轮，mIoU=0.518461

2021-01-22 01:49:05
正在进行第22轮训练...
2021-01-22 02:01:29
第22轮训练完成，耗时12分24秒，
训练集上的loss=0.158791；
验证集上的loss=0.2429，mIoU=0.545621
最好的结果是第22轮，mIoU=0.545621

2021-01-22 02:01:29
正在进行第23轮训练...
2021-01-22 02:13:56
第23轮训练完成，耗时12分26秒，
训练集上的loss=0.147980；
验证集上的loss=0.2388，mIoU=0.551605
最好的结果是第23轮，mIoU=0.551605

2021-01-22 02:13:56
正在进行第24轮训练...
2021-01-22 02:26:20
第24轮训练完成，耗时12分24秒，
训练集上的loss=0.144420；
验证集上的loss=0.2348，mIoU=0.572373
最好的结果是第24轮，mIoU=0.572373

2021-01-22 02:26:20
正在进行第25轮训练...
2021-01-22 02:38:45
第25轮训练完成，耗时12分24秒，
训练集上的loss=0.130234；
验证集上的loss=0.2344，mIoU=0.581032
最好的结果是第25轮，mIoU=0.581032

2021-01-22 02:38:45
正在进行第26轮训练...
2021-01-22 02:51:07
第26轮训练完成，耗时12分22秒，
训练集上的loss=0.123378；
验证集上的loss=0.2354，mIoU=0.588594
最好的结果是第25轮，mIoU=0.581032

2021-01-22 02:51:07
正在进行第27轮训练...
2021-01-22 03:03:34
第27轮训练完成，耗时12分27秒，
训练集上的loss=0.117283；
验证集上的loss=0.2338，mIoU=0.587413
最好的结果是第27轮，mIoU=0.587413

2021-01-22 03:03:34
正在进行第28轮训练...
2021-01-22 03:15:55
第28轮训练完成，耗时12分20秒，
训练集上的loss=0.119013；
验证集上的loss=0.2335，mIoU=0.597346
最好的结果是第28轮，mIoU=0.597346

2021-01-22 03:15:55
正在进行第29轮训练...
2021-01-22 03:28:21
第29轮训练完成，耗时12分25秒，
训练集上的loss=0.107090；
验证集上的loss=0.2338，mIoU=0.616151
最好的结果是第28轮，mIoU=0.597346

2021-01-22 03:28:21
正在进行第30轮训练...
2021-01-22 03:40:44
第30轮训练完成，耗时12分23秒，
训练集上的loss=0.101985；
验证集上的loss=0.2307，mIoU=0.620236
最好的结果是第30轮，mIoU=0.620236

2021-01-22 03:40:44
正在进行第31轮训练...
2021-01-22 03:53:09
第31轮训练完成，耗时12分24秒，
训练集上的loss=0.097722；
验证集上的loss=0.2317，mIoU=0.619941
最好的结果是第30轮，mIoU=0.620236

2021-01-22 03:53:09
正在进行第32轮训练...
2021-01-22 04:05:34
第32轮训练完成，耗时12分25秒，
训练集上的loss=0.093824；
验证集上的loss=0.2417，mIoU=0.615751
最好的结果是第30轮，mIoU=0.620236

2021-01-22 04:05:34
正在进行第33轮训练...
2021-01-22 04:17:59
第33轮训练完成，耗时12分25秒，
训练集上的loss=0.091805；
验证集上的loss=0.2363，mIoU=0.624729
最好的结果是第30轮，mIoU=0.620236

2021-01-22 04:17:59
正在进行第34轮训练...
2021-01-22 04:30:26
第34轮训练完成，耗时12分26秒，
训练集上的loss=0.087832；
验证集上的loss=0.2338，mIoU=0.637773
最好的结果是第30轮，mIoU=0.620236

2021-01-22 04:30:26
正在进行第35轮训练...
2021-01-22 04:42:50
第35轮训练完成，耗时12分23秒，
训练集上的loss=0.082687；
验证集上的loss=0.2375，mIoU=0.637918
最好的结果是第30轮，mIoU=0.620236

2021-01-22 04:42:50
正在进行第36轮训练...
2021-01-22 04:55:16
第36轮训练完成，耗时12分26秒，
训练集上的loss=0.080258；
验证集上的loss=0.2385，mIoU=0.640752
最好的结果是第30轮，mIoU=0.620236

2021-01-22 04:55:16
正在进行第37轮训练...
2021-01-22 05:07:37
第37轮训练完成，耗时12分20秒，
训练集上的loss=0.078763；
验证集上的loss=0.2452，mIoU=0.641133
最好的结果是第30轮，mIoU=0.620236

2021-01-22 05:07:37
正在进行第38轮训练...
2021-01-22 05:20:01
第38轮训练完成，耗时12分24秒，
训练集上的loss=0.095618；
验证集上的loss=0.2383，mIoU=0.642389
最好的结果是第30轮，mIoU=0.620236

2021-01-22 05:20:01
正在进行第39轮训练...
2021-01-22 05:32:25
第39轮训练完成，耗时12分24秒，
训练集上的loss=0.073867；
验证集上的loss=0.2502，mIoU=0.643473
最好的结果是第30轮，mIoU=0.620236

2021-01-22 05:32:25
正在进行第40轮训练...
2021-01-22 05:44:48
第40轮训练完成，耗时12分23秒，
训练集上的loss=0.071317；
验证集上的loss=0.2452，mIoU=0.647034
最好的结果是第30轮，mIoU=0.620236

2021-01-22 05:44:48
正在进行第41轮训练...
2021-01-22 05:57:11
第41轮训练完成，耗时12分22秒，
训练集上的loss=0.068774；
验证集上的loss=0.2448，mIoU=0.655004
最好的结果是第30轮，mIoU=0.620236

2021-01-22 05:57:11
正在进行第42轮训练...
2021-01-22 06:09:32
第42轮训练完成，耗时12分21秒，
训练集上的loss=0.066777；
验证集上的loss=0.2529，mIoU=0.659010
最好的结果是第30轮，mIoU=0.620236

2021-01-22 06:09:32
正在进行第43轮训练...
2021-01-22 06:21:58
第43轮训练完成，耗时12分26秒，
训练集上的loss=0.066455；
验证集上的loss=0.2557，mIoU=0.655310
最好的结果是第30轮，mIoU=0.620236

2021-01-22 06:21:58
正在进行第44轮训练...
2021-01-22 06:34:19
第44轮训练完成，耗时12分20秒，
训练集上的loss=0.065865；
验证集上的loss=0.2515，mIoU=0.656009
最好的结果是第30轮，mIoU=0.620236

2021-01-22 06:34:19
正在进行第45轮训练...
2021-01-22 06:46:40
第45轮训练完成，耗时12分21秒，
训练集上的loss=0.063338；
验证集上的loss=0.2509，mIoU=0.655841
最好的结果是第30轮，mIoU=0.620236

2021-01-22 06:46:40
正在进行第46轮训练...
2021-01-22 06:59:06
第46轮训练完成，耗时12分25秒，
训练集上的loss=0.061868；
验证集上的loss=0.2520，mIoU=0.665647
最好的结果是第30轮，mIoU=0.620236

2021-01-22 06:59:06
正在进行第47轮训练...
2021-01-22 07:11:24
第47轮训练完成，耗时12分18秒，
训练集上的loss=0.059803；
验证集上的loss=0.2625，mIoU=0.662347
最好的结果是第30轮，mIoU=0.620236

2021-01-22 07:11:24
正在进行第48轮训练...
2021-01-22 07:23:49
第48轮训练完成，耗时12分24秒，
训练集上的loss=0.063312；
验证集上的loss=0.2511，mIoU=0.654347
最好的结果是第30轮，mIoU=0.620236

2021-01-22 07:23:49
正在进行第49轮训练...
2021-01-22 07:36:05
第49轮训练完成，耗时12分16秒，
训练集上的loss=0.058466；
验证集上的loss=0.2595，mIoU=0.668567
最好的结果是第30轮，mIoU=0.620236

2021-01-22 07:36:05
正在进行第50轮训练...
2021-01-22 07:48:26
第50轮训练完成，耗时12分20秒，
训练集上的loss=0.054826；
验证集上的loss=0.2635，mIoU=0.664617
最好的结果是第30轮，mIoU=0.620236

2021-01-22 07:48:26
正在进行第51轮训练...
2021-01-22 08:00:45
第51轮训练完成，耗时12分18秒，
训练集上的loss=0.075669；
验证集上的loss=0.2473，mIoU=0.652026
最好的结果是第30轮，mIoU=0.620236

2021-01-22 08:00:45
正在进行第52轮训练...
2021-01-22 08:13:06
第52轮训练完成，耗时12分21秒，
训练集上的loss=0.057029；
验证集上的loss=0.2605，mIoU=0.675787
最好的结果是第30轮，mIoU=0.620236

2021-01-22 08:13:06
正在进行第53轮训练...
2021-01-22 08:25:26
第53轮训练完成，耗时12分19秒，
训练集上的loss=0.050808；
验证集上的loss=0.2733，mIoU=0.673191
最好的结果是第30轮，mIoU=0.620236

2021-01-22 08:25:26
正在进行第54轮训练...
2021-01-22 08:37:41
第54轮训练完成，耗时12分15秒，
训练集上的loss=0.049866；
验证集上的loss=0.2734，mIoU=0.672385
最好的结果是第30轮，mIoU=0.620236

2021-01-22 08:37:41
正在进行第55轮训练...
2021-01-22 08:49:42
第55轮训练完成，耗时12分01秒，
训练集上的loss=0.053302；
验证集上的loss=0.2750，mIoU=0.675540
最好的结果是第30轮，mIoU=0.620236

2021-01-22 08:49:42
正在进行第56轮训练...
2021-01-22 09:01:30
第56轮训练完成，耗时11分47秒，
训练集上的loss=0.049838；
验证集上的loss=0.2727，mIoU=0.674535
最好的结果是第30轮，mIoU=0.620236

2021-01-22 09:01:30
正在进行第57轮训练...
2021-01-22 09:13:11
第57轮训练完成，耗时11分40秒，
训练集上的loss=0.049382；
验证集上的loss=0.2794，mIoU=0.673405
最好的结果是第30轮，mIoU=0.620236

2021-01-22 09:13:11
正在进行第58轮训练...
2021-01-22 09:24:45
第58轮训练完成，耗时11分33秒，
训练集上的loss=0.053924；
验证集上的loss=0.3711，mIoU=0.354841
最好的结果是第30轮，mIoU=0.620236

2021-01-22 09:24:45
正在进行第59轮训练...
2021-01-22 09:36:31
第59轮训练完成，耗时11分46秒，
训练集上的loss=0.066891；
验证集上的loss=0.2621，mIoU=0.677102
最好的结果是第30轮，mIoU=0.620236

2021-01-22 09:36:31
正在进行第60轮训练...
2021-01-22 09:48:22
第60轮训练完成，耗时11分51秒，
训练集上的loss=0.045631；
验证集上的loss=0.2763，mIoU=0.680701
最好的结果是第30轮，mIoU=0.620236

2021-01-22 09:48:22
正在进行第61轮训练...
2021-01-22 10:00:14
第61轮训练完成，耗时11分51秒，
训练集上的loss=0.044032；
验证集上的loss=0.2812，mIoU=0.674541
最好的结果是第30轮，mIoU=0.620236

2021-01-22 10:00:14
正在进行第62轮训练...
2021-01-22 10:12:13
第62轮训练完成，耗时11分59秒，
训练集上的loss=0.044862；
验证集上的loss=0.2845，mIoU=0.677731
最好的结果是第30轮，mIoU=0.620236

2021-01-22 10:12:13
正在进行第63轮训练...
2021-01-22 10:24:16
第63轮训练完成，耗时12分03秒，
训练集上的loss=0.045433；
验证集上的loss=0.2882，mIoU=0.678930
最好的结果是第30轮，mIoU=0.620236

2021-01-22 10:24:16
正在进行第64轮训练...
2021-01-22 10:36:21
第64轮训练完成，耗时12分04秒，
训练集上的loss=0.045430；
验证集上的loss=0.2903，mIoU=0.680416
最好的结果是第30轮，mIoU=0.620236

2021-01-22 10:36:21
正在进行第65轮训练...
2021-01-22 10:48:25
第65轮训练完成，耗时12分04秒，
训练集上的loss=0.045165；
验证集上的loss=0.2805，mIoU=0.678444
最好的结果是第30轮，mIoU=0.620236

2021-01-22 10:48:25
正在进行第66轮训练...
2021-01-22 11:00:32
第66轮训练完成，耗时12分06秒，
训练集上的loss=0.059913；
验证集上的loss=0.2737，mIoU=0.680807
最好的结果是第30轮，mIoU=0.620236

2021-01-22 11:00:32
正在进行第67轮训练...
2021-01-22 11:12:37
第67轮训练完成，耗时12分04秒，
训练集上的loss=0.043022；
验证集上的loss=0.2839，mIoU=0.686206
最好的结果是第30轮，mIoU=0.620236

2021-01-22 11:12:37
正在进行第68轮训练...
2021-01-22 11:24:51
第68轮训练完成，耗时12分13秒，
训练集上的loss=0.041012；
验证集上的loss=0.2903，mIoU=0.686456
最好的结果是第30轮，mIoU=0.620236

2021-01-22 11:24:51
正在进行第69轮训练...
2021-01-22 11:37:09
第69轮训练完成，耗时12分17秒，
训练集上的loss=0.040578；
验证集上的loss=0.2957，mIoU=0.684127
最好的结果是第30轮，mIoU=0.620236

2021-01-22 11:37:09
正在进行第70轮训练...
2021-01-22 11:49:27
第70轮训练完成，耗时12分18秒，
训练集上的loss=0.040606；
验证集上的loss=0.3009，mIoU=0.679860
最好的结果是第30轮，mIoU=0.620236

2021-01-22 11:49:27
正在进行第71轮训练...
2021-01-22 12:01:48
第71轮训练完成，耗时12分20秒，
训练集上的loss=0.041173；
验证集上的loss=0.2937，mIoU=0.683316
最好的结果是第30轮，mIoU=0.620236

2021-01-22 12:01:48
正在进行第72轮训练...
2021-01-22 12:13:49
第72轮训练完成，耗时12分01秒，
训练集上的loss=0.040807；
验证集上的loss=0.2817，mIoU=0.674101
最好的结果是第30轮，mIoU=0.620236

2021-01-22 12:13:49
正在进行第73轮训练...
2021-01-22 12:25:39
第73轮训练完成，耗时11分50秒，
训练集上的loss=0.040670；
验证集上的loss=0.2976，mIoU=0.684616
最好的结果是第30轮，mIoU=0.620236

2021-01-22 12:25:39
正在进行第74轮训练...
2021-01-22 12:37:23
第74轮训练完成，耗时11分43秒，
训练集上的loss=0.039674；
验证集上的loss=0.2989，mIoU=0.687867
最好的结果是第30轮，mIoU=0.620236

2021-01-22 12:37:23
正在进行第75轮训练...
2021-01-22 12:49:04
第75轮训练完成，耗时11分41秒，
训练集上的loss=0.039482；
验证集上的loss=0.2835，mIoU=0.671672
最好的结果是第30轮，mIoU=0.620236

2021-01-22 12:49:04
正在进行第76轮训练...
2021-01-22 13:00:42
第76轮训练完成，耗时11分37秒，
训练集上的loss=0.039479；
验证集上的loss=0.3002，mIoU=0.685095
最好的结果是第30轮，mIoU=0.620236

2021-01-22 13:00:42
正在进行第77轮训练...
2021-01-22 13:12:39
第77轮训练完成，耗时11分57秒，
训练集上的loss=0.037578；
验证集上的loss=0.3092，mIoU=0.686602
最好的结果是第30轮，mIoU=0.620236

2021-01-22 13:12:39
正在进行第78轮训练...
2021-01-22 13:24:52
第78轮训练完成，耗时12分12秒，
训练集上的loss=0.049316；
验证集上的loss=0.2615，mIoU=0.650311
最好的结果是第30轮，mIoU=0.620236

2021-01-22 13:24:52
正在进行第79轮训练...
2021-01-22 13:37:20
第79轮训练完成，耗时12分28秒，
训练集上的loss=0.042652；
验证集上的loss=0.2968，mIoU=0.689290
最好的结果是第30轮，mIoU=0.620236

2021-01-22 13:37:20
正在进行第80轮训练...
2021-01-22 13:50:16
第80轮训练完成，耗时12分55秒，
训练集上的loss=0.034685；
验证集上的loss=0.3175，mIoU=0.690479
最好的结果是第30轮，mIoU=0.620236

2021-01-22 13:50:16
正在进行第81轮训练...
2021-01-22 14:03:18
第81轮训练完成，耗时13分01秒，
训练集上的loss=0.034218；
验证集上的loss=0.3262，mIoU=0.689566
最好的结果是第30轮，mIoU=0.620236

2021-01-22 14:03:18
正在进行第82轮训练...
2021-01-22 14:16:25
第82轮训练完成，耗时13分07秒，
训练集上的loss=0.035005；
验证集上的loss=0.3204，mIoU=0.688949
最好的结果是第30轮，mIoU=0.620236

2021-01-22 14:16:25
正在进行第83轮训练...
2021-01-22 14:29:37
第83轮训练完成，耗时13分11秒，
训练集上的loss=0.035382；
验证集上的loss=0.3164，mIoU=0.687863
最好的结果是第30轮，mIoU=0.620236

2021-01-22 14:29:37
正在进行第84轮训练...
2021-01-22 14:42:48
第84轮训练完成，耗时13分11秒，
训练集上的loss=0.042102；
验证集上的loss=0.3054，mIoU=0.686613
最好的结果是第30轮，mIoU=0.620236

2021-01-22 14:42:48
正在进行第85轮训练...
2021-01-22 14:56:12
第85轮训练完成，耗时13分24秒，
训练集上的loss=0.035328；
验证集上的loss=0.3067，mIoU=0.692498
最好的结果是第30轮，mIoU=0.620236

2021-01-22 14:56:12
正在进行第86轮训练...
2021-01-22 15:09:01
第86轮训练完成，耗时12分48秒，
训练集上的loss=0.047190；
验证集上的loss=0.2854，mIoU=0.681374
最好的结果是第30轮，mIoU=0.620236

2021-01-22 15:09:01
正在进行第87轮训练...
2021-01-22 15:21:52
第87轮训练完成，耗时12分51秒，
训练集上的loss=0.035064；
验证集上的loss=0.3030，mIoU=0.692468
最好的结果是第30轮，mIoU=0.620236

2021-01-22 15:21:52
正在进行第88轮训练...
2021-01-22 15:35:13
第88轮训练完成，耗时13分21秒，
训练集上的loss=0.031882；
验证集上的loss=0.3188，mIoU=0.695402
最好的结果是第30轮，mIoU=0.620236

2021-01-22 15:35:13
正在进行第89轮训练...
2021-01-22 15:48:50
第89轮训练完成，耗时13分37秒，
训练集上的loss=0.032192；
验证集上的loss=0.3210，mIoU=0.692054
最好的结果是第30轮，mIoU=0.620236

2021-01-22 15:48:50
正在进行第90轮训练...
2021-01-22 16:02:41
第90轮训练完成，耗时13分50秒，
训练集上的loss=0.033309；
验证集上的loss=0.3223，mIoU=0.691907
最好的结果是第30轮，mIoU=0.620236

2021-01-22 16:02:41
正在进行第91轮训练...
2021-01-22 16:18:29
第91轮训练完成，耗时15分47秒，
训练集上的loss=0.033448；
验证集上的loss=0.3240，mIoU=0.690053
最好的结果是第30轮，mIoU=0.620236

2021-01-22 16:18:29
正在进行第92轮训练...
2021-01-22 16:37:00
第92轮训练完成，耗时18分30秒，
训练集上的loss=0.033654；
验证集上的loss=0.3243，mIoU=0.689017
最好的结果是第30轮，mIoU=0.620236

2021-01-22 16:37:00
正在进行第93轮训练...
2021-01-22 16:55:46
第93轮训练完成，耗时18分46秒，
训练集上的loss=0.033493；
验证集上的loss=0.3198，mIoU=0.687075
最好的结果是第30轮，mIoU=0.620236

2021-01-22 16:55:46
正在进行第94轮训练...
2021-01-22 17:13:15
第94轮训练完成，耗时17分28秒，
训练集上的loss=0.032628；
验证集上的loss=0.3328，mIoU=0.693072
最好的结果是第30轮，mIoU=0.620236

2021-01-22 17:13:15
正在进行第95轮训练...
2021-01-22 17:30:02
第95轮训练完成，耗时16分47秒，
训练集上的loss=0.032122；
验证集上的loss=0.3218，mIoU=0.692706
最好的结果是第30轮，mIoU=0.620236

2021-01-22 17:30:02
正在进行第96轮训练...
2021-01-22 17:47:32
第96轮训练完成，耗时17分29秒，
训练集上的loss=0.033336；
验证集上的loss=0.3509，mIoU=0.689537
最好的结果是第30轮，mIoU=0.620236

2021-01-22 17:47:32
正在进行第97轮训练...
2021-01-22 18:05:27
第97轮训练完成，耗时17分55秒，
训练集上的loss=0.033739；
验证集上的loss=0.3302，mIoU=0.694200
最好的结果是第30轮，mIoU=0.620236

2021-01-22 18:05:27
正在进行第98轮训练...
2021-01-22 18:23:32
第98轮训练完成，耗时18分05秒，
训练集上的loss=0.030926；
验证集上的loss=0.3309，mIoU=0.694730
最好的结果是第30轮，mIoU=0.620236

2021-01-22 18:23:32
正在进行第99轮训练...
2021-01-22 18:41:44
第99轮训练完成，耗时18分11秒，
训练集上的loss=0.032534；
验证集上的loss=0.3396，mIoU=0.694613
最好的结果是第30轮，mIoU=0.620236
end
