
2021-01-19 19:51:32
正在进行第0轮训练...
2021-01-19 19:55:12
第0轮训练完成，耗时03分39秒，
训练集上的loss=0.684946；
验证集上的loss=0.5989，mIoU=0.168454
最好的结果是第0轮，mIoU=0.168454

2021-01-19 19:55:12
正在进行第1轮训练...
2021-01-19 19:58:57
第1轮训练完成，耗时03分45秒，
训练集上的loss=0.584535；
验证集上的loss=0.5510，mIoU=0.175850
最好的结果是第1轮，mIoU=0.175850

2021-01-19 19:58:57
正在进行第2轮训练...
2021-01-19 20:02:42
第2轮训练完成，耗时03分44秒，
训练集上的loss=0.546197；
验证集上的loss=0.5218，mIoU=0.199294
最好的结果是第2轮，mIoU=0.199294

2021-01-19 20:02:42
正在进行第3轮训练...
2021-01-19 20:06:27
第3轮训练完成，耗时03分44秒，
训练集上的loss=0.514327；
验证集上的loss=0.5064，mIoU=0.195904
最好的结果是第3轮，mIoU=0.195904

2021-01-19 20:06:27
正在进行第4轮训练...
2021-01-19 20:10:12
第4轮训练完成，耗时03分45秒，
训练集上的loss=0.492311；
验证集上的loss=0.4908，mIoU=0.216434
最好的结果是第4轮，mIoU=0.216434

2021-01-19 20:10:12
正在进行第5轮训练...
2021-01-19 20:13:58
第5轮训练完成，耗时03分45秒，
训练集上的loss=0.473596；
验证集上的loss=0.4637，mIoU=0.243038
最好的结果是第5轮，mIoU=0.243038

2021-01-19 20:13:58
正在进行第6轮训练...
2021-01-19 20:17:43
第6轮训练完成，耗时03分45秒，
训练集上的loss=0.456826；
验证集上的loss=0.4552，mIoU=0.254381
最好的结果是第6轮，mIoU=0.254381

2021-01-19 20:17:43
正在进行第7轮训练...
2021-01-19 20:21:28
第7轮训练完成，耗时03分44秒，
训练集上的loss=0.446041；
验证集上的loss=0.4288，mIoU=0.261796
最好的结果是第7轮，mIoU=0.261796

2021-01-19 20:21:28
正在进行第8轮训练...
2021-01-19 20:25:13
第8轮训练完成，耗时03分45秒，
训练集上的loss=0.436406；
验证集上的loss=0.4288，mIoU=0.289580
最好的结果是第8轮，mIoU=0.289580

2021-01-19 20:25:13
正在进行第9轮训练...
2021-01-19 20:28:57
第9轮训练完成，耗时03分44秒，
训练集上的loss=0.430225；
验证集上的loss=0.4299，mIoU=0.265906
最好的结果是第8轮，mIoU=0.289580

2021-01-19 20:28:57
正在进行第10轮训练...
2021-01-19 20:32:43
第10轮训练完成，耗时03分45秒，
训练集上的loss=0.423311；
验证集上的loss=0.4199，mIoU=0.284830
最好的结果是第10轮，mIoU=0.284830

2021-01-19 20:32:43
正在进行第11轮训练...
2021-01-19 20:36:27
第11轮训练完成，耗时03分44秒，
训练集上的loss=0.417531；
验证集上的loss=0.4210，mIoU=0.259301
最好的结果是第10轮，mIoU=0.284830

2021-01-19 20:36:27
正在进行第12轮训练...
2021-01-19 20:40:13
第12轮训练完成，耗时03分45秒，
训练集上的loss=0.412759；
验证集上的loss=0.4044，mIoU=0.283193
最好的结果是第12轮，mIoU=0.283193

2021-01-19 20:40:13
正在进行第13轮训练...
2021-01-19 20:43:57
第13轮训练完成，耗时03分44秒，
训练集上的loss=0.406237；
验证集上的loss=0.4235，mIoU=0.293830
最好的结果是第12轮，mIoU=0.283193

2021-01-19 20:43:57
正在进行第14轮训练...
2021-01-19 20:47:43
第14轮训练完成，耗时03分45秒，
训练集上的loss=0.402274；
验证集上的loss=0.3977，mIoU=0.298805
最好的结果是第14轮，mIoU=0.298805

2021-01-19 20:47:43
正在进行第15轮训练...
2021-01-19 20:51:27
第15轮训练完成，耗时03分44秒，
训练集上的loss=0.399967；
验证集上的loss=0.4052，mIoU=0.297697
最好的结果是第14轮，mIoU=0.298805

2021-01-19 20:51:27
正在进行第16轮训练...
2021-01-19 20:55:12
第16轮训练完成，耗时03分44秒，
训练集上的loss=0.394799；
验证集上的loss=0.3982，mIoU=0.317922
最好的结果是第14轮，mIoU=0.298805

2021-01-19 20:55:12
正在进行第17轮训练...
2021-01-19 20:58:56
第17轮训练完成，耗时03分44秒，
训练集上的loss=0.392003；
验证集上的loss=0.4002，mIoU=0.274148
最好的结果是第14轮，mIoU=0.298805

2021-01-19 20:58:56
正在进行第18轮训练...
2021-01-19 21:02:40
第18轮训练完成，耗时03分43秒，
训练集上的loss=0.389064；
验证集上的loss=0.4011，mIoU=0.303960
最好的结果是第14轮，mIoU=0.298805

2021-01-19 21:02:40
正在进行第19轮训练...
2021-01-19 21:06:24
第19轮训练完成，耗时03分44秒，
训练集上的loss=0.386517；
验证集上的loss=0.3933，mIoU=0.314067
最好的结果是第19轮，mIoU=0.314067

2021-01-19 21:06:24
正在进行第20轮训练...
2021-01-19 21:10:08
第20轮训练完成，耗时03分43秒，
训练集上的loss=0.382414；
验证集上的loss=0.3763，mIoU=0.338026
最好的结果是第20轮，mIoU=0.338026

2021-01-19 21:10:08
正在进行第21轮训练...
2021-01-19 21:13:52
第21轮训练完成，耗时03分44秒，
训练集上的loss=0.380515；
验证集上的loss=0.3866，mIoU=0.323558
最好的结果是第20轮，mIoU=0.338026

2021-01-19 21:13:52
正在进行第22轮训练...
2021-01-19 21:17:36
第22轮训练完成，耗时03分43秒，
训练集上的loss=0.377969；
验证集上的loss=0.3806，mIoU=0.331611
最好的结果是第20轮，mIoU=0.338026

2021-01-19 21:17:36
正在进行第23轮训练...
2021-01-19 21:21:19
第23轮训练完成，耗时03分43秒，
训练集上的loss=0.373899；
验证集上的loss=0.3881，mIoU=0.328228
最好的结果是第20轮，mIoU=0.338026

2021-01-19 21:21:19
正在进行第24轮训练...
2021-01-19 21:25:03
第24轮训练完成，耗时03分43秒，
训练集上的loss=0.373140；
验证集上的loss=0.3951，mIoU=0.315813
最好的结果是第20轮，mIoU=0.338026

2021-01-19 21:25:03
正在进行第25轮训练...
2021-01-19 21:28:47
第25轮训练完成，耗时03分43秒，
训练集上的loss=0.372107；
验证集上的loss=0.3839，mIoU=0.328598
最好的结果是第20轮，mIoU=0.338026

2021-01-19 21:28:47
正在进行第26轮训练...
2021-01-19 21:32:31
第26轮训练完成，耗时03分44秒，
训练集上的loss=0.369642；
验证集上的loss=0.3841，mIoU=0.332493
最好的结果是第20轮，mIoU=0.338026

2021-01-19 21:32:31
正在进行第27轮训练...
2021-01-19 21:36:15
第27轮训练完成，耗时03分44秒，
训练集上的loss=0.367688；
验证集上的loss=0.3674，mIoU=0.334483
最好的结果是第27轮，mIoU=0.334483

2021-01-19 21:36:15
正在进行第28轮训练...
2021-01-19 21:40:00
第28轮训练完成，耗时03分44秒，
训练集上的loss=0.367170；
验证集上的loss=0.3809，mIoU=0.320160
最好的结果是第27轮，mIoU=0.334483

2021-01-19 21:40:00
正在进行第29轮训练...
2021-01-19 21:43:44
第29轮训练完成，耗时03分43秒，
训练集上的loss=0.362554；
验证集上的loss=0.3847，mIoU=0.338106
最好的结果是第27轮，mIoU=0.334483

2021-01-19 21:43:44
正在进行第30轮训练...
2021-01-19 21:47:28
第30轮训练完成，耗时03分43秒，
训练集上的loss=0.360993；
验证集上的loss=0.3794，mIoU=0.333203
最好的结果是第27轮，mIoU=0.334483

2021-01-19 21:47:28
正在进行第31轮训练...
2021-01-19 21:51:12
第31轮训练完成，耗时03分44秒，
训练集上的loss=0.360991；
验证集上的loss=0.3649，mIoU=0.351880
最好的结果是第31轮，mIoU=0.351880

2021-01-19 21:51:12
正在进行第32轮训练...
2021-01-19 21:54:57
第32轮训练完成，耗时03分44秒，
训练集上的loss=0.357462；
验证集上的loss=0.3741，mIoU=0.331954
最好的结果是第31轮，mIoU=0.351880

2021-01-19 21:54:57
正在进行第33轮训练...
2021-01-19 21:58:40
第33轮训练完成，耗时03分43秒，
训练集上的loss=0.357369；
验证集上的loss=0.3647，mIoU=0.349231
最好的结果是第33轮，mIoU=0.349231

2021-01-19 21:58:40
正在进行第34轮训练...
2021-01-19 22:02:24
第34轮训练完成，耗时03分43秒，
训练集上的loss=0.354461；
验证集上的loss=0.3604，mIoU=0.355742
最好的结果是第34轮，mIoU=0.355742

2021-01-19 22:02:24
正在进行第35轮训练...
2021-01-19 22:06:07
第35轮训练完成，耗时03分43秒，
训练集上的loss=0.352039；
验证集上的loss=0.3671，mIoU=0.351088
最好的结果是第34轮，mIoU=0.355742

2021-01-19 22:06:07
正在进行第36轮训练...
2021-01-19 22:09:51
第36轮训练完成，耗时03分43秒，
训练集上的loss=0.352928；
验证集上的loss=0.3747，mIoU=0.352028
最好的结果是第34轮，mIoU=0.355742

2021-01-19 22:09:51
正在进行第37轮训练...
2021-01-19 22:13:35
第37轮训练完成，耗时03分43秒，
训练集上的loss=0.350024；
验证集上的loss=0.3688，mIoU=0.345794
最好的结果是第34轮，mIoU=0.355742

2021-01-19 22:13:35
正在进行第38轮训练...
2021-01-19 22:17:19
第38轮训练完成，耗时03分44秒，
训练集上的loss=0.349567；
验证集上的loss=0.3649，mIoU=0.365191
最好的结果是第34轮，mIoU=0.355742

2021-01-19 22:17:19
正在进行第39轮训练...
2021-01-19 22:21:03
第39轮训练完成，耗时03分44秒，
训练集上的loss=0.347558；
验证集上的loss=0.3680，mIoU=0.356844
最好的结果是第34轮，mIoU=0.355742

2021-01-19 22:21:03
正在进行第40轮训练...
2021-01-19 22:24:47
第40轮训练完成，耗时03分43秒，
训练集上的loss=0.346008；
验证集上的loss=0.3671，mIoU=0.349382
最好的结果是第34轮，mIoU=0.355742

2021-01-19 22:24:47
正在进行第41轮训练...
2021-01-19 22:28:31
第41轮训练完成，耗时03分43秒，
训练集上的loss=0.344298；
验证集上的loss=0.3539，mIoU=0.360322
最好的结果是第41轮，mIoU=0.360322

2021-01-19 22:28:31
正在进行第42轮训练...
2021-01-19 22:32:15
第42轮训练完成，耗时03分43秒，
训练集上的loss=0.344095；
验证集上的loss=0.3638，mIoU=0.359541
最好的结果是第41轮，mIoU=0.360322

2021-01-19 22:32:15
正在进行第43轮训练...
2021-01-19 22:35:59
第43轮训练完成，耗时03分44秒，
训练集上的loss=0.341327；
验证集上的loss=0.3582，mIoU=0.360713
最好的结果是第41轮，mIoU=0.360322

2021-01-19 22:35:59
正在进行第44轮训练...
2021-01-19 22:39:43
第44轮训练完成，耗时03分43秒，
训练集上的loss=0.340378；
验证集上的loss=0.3574，mIoU=0.362911
最好的结果是第41轮，mIoU=0.360322

2021-01-19 22:39:43
正在进行第45轮训练...
2021-01-19 22:43:26
第45轮训练完成，耗时03分43秒，
训练集上的loss=0.340667；
验证集上的loss=0.3549，mIoU=0.359044
最好的结果是第41轮，mIoU=0.360322

2021-01-19 22:43:26
正在进行第46轮训练...
2021-01-19 22:47:10
第46轮训练完成，耗时03分43秒，
训练集上的loss=0.336802；
验证集上的loss=0.3476，mIoU=0.372891
最好的结果是第46轮，mIoU=0.372891

2021-01-19 22:47:10
正在进行第47轮训练...
2021-01-19 22:50:53
第47轮训练完成，耗时03分43秒，
训练集上的loss=0.334845；
验证集上的loss=0.3620，mIoU=0.346338
最好的结果是第46轮，mIoU=0.372891

2021-01-19 22:50:53
正在进行第48轮训练...
2021-01-19 22:54:37
第48轮训练完成，耗时03分43秒，
训练集上的loss=0.334164；
验证集上的loss=0.3518，mIoU=0.367864
最好的结果是第46轮，mIoU=0.372891

2021-01-19 22:54:37
正在进行第49轮训练...
2021-01-19 22:58:20
第49轮训练完成，耗时03分43秒，
训练集上的loss=0.333331；
验证集上的loss=0.3650，mIoU=0.349319
最好的结果是第46轮，mIoU=0.372891

2021-01-19 22:58:20
正在进行第50轮训练...
2021-01-19 23:02:03
第50轮训练完成，耗时03分43秒，
训练集上的loss=0.331925；
验证集上的loss=0.3511，mIoU=0.367760
最好的结果是第46轮，mIoU=0.372891

2021-01-19 23:02:03
正在进行第51轮训练...
2021-01-19 23:05:46
第51轮训练完成，耗时03分42秒，
训练集上的loss=0.330275；
验证集上的loss=0.3504，mIoU=0.364718
最好的结果是第46轮，mIoU=0.372891

2021-01-19 23:05:46
正在进行第52轮训练...
2021-01-19 23:09:29
第52轮训练完成，耗时03分42秒，
训练集上的loss=0.328374；
验证集上的loss=0.3483，mIoU=0.372204
最好的结果是第46轮，mIoU=0.372891

2021-01-19 23:09:29
正在进行第53轮训练...
2021-01-19 23:13:11
第53轮训练完成，耗时03分42秒，
训练集上的loss=0.328079；
验证集上的loss=0.3515，mIoU=0.359468
最好的结果是第46轮，mIoU=0.372891

2021-01-19 23:13:11
正在进行第54轮训练...
2021-01-19 23:16:54
第54轮训练完成，耗时03分42秒，
训练集上的loss=0.325979；
验证集上的loss=0.3502，mIoU=0.361635
最好的结果是第46轮，mIoU=0.372891

2021-01-19 23:16:54
正在进行第55轮训练...
2021-01-19 23:20:36
第55轮训练完成，耗时03分42秒，
训练集上的loss=0.322759；
验证集上的loss=0.3474，mIoU=0.380835
最好的结果是第55轮，mIoU=0.380835

2021-01-19 23:20:36
正在进行第56轮训练...
2021-01-19 23:24:19
第56轮训练完成，耗时03分42秒，
训练集上的loss=0.324288；
验证集上的loss=0.3541，mIoU=0.357667
最好的结果是第55轮，mIoU=0.380835

2021-01-19 23:24:19
正在进行第57轮训练...
2021-01-19 23:28:02
第57轮训练完成，耗时03分42秒，
训练集上的loss=0.321530；
验证集上的loss=0.3519，mIoU=0.374206
最好的结果是第55轮，mIoU=0.380835

2021-01-19 23:28:02
正在进行第58轮训练...
2021-01-19 23:31:45
第58轮训练完成，耗时03分43秒，
训练集上的loss=0.320637；
验证集上的loss=0.3523，mIoU=0.380803
最好的结果是第55轮，mIoU=0.380835

2021-01-19 23:31:45
正在进行第59轮训练...
2021-01-19 23:35:28
第59轮训练完成，耗时03分42秒，
训练集上的loss=0.319025；
验证集上的loss=0.3497，mIoU=0.378720
最好的结果是第55轮，mIoU=0.380835

2021-01-19 23:35:28
正在进行第60轮训练...
2021-01-19 23:39:11
第60轮训练完成，耗时03分42秒，
训练集上的loss=0.318107；
验证集上的loss=0.3492，mIoU=0.365528
最好的结果是第55轮，mIoU=0.380835

2021-01-19 23:39:11
正在进行第61轮训练...
2021-01-19 23:42:55
第61轮训练完成，耗时03分43秒，
训练集上的loss=0.317525；
验证集上的loss=0.3499，mIoU=0.368067
最好的结果是第55轮，mIoU=0.380835

2021-01-19 23:42:55
正在进行第62轮训练...
2021-01-19 23:46:38
第62轮训练完成，耗时03分43秒，
训练集上的loss=0.313855；
验证集上的loss=0.3523，mIoU=0.369105
最好的结果是第55轮，mIoU=0.380835

2021-01-19 23:46:38
正在进行第63轮训练...
2021-01-19 23:50:22
第63轮训练完成，耗时03分43秒，
训练集上的loss=0.313845；
验证集上的loss=0.3432，mIoU=0.389644
最好的结果是第63轮，mIoU=0.389644

2021-01-19 23:50:22
正在进行第64轮训练...
2021-01-19 23:54:06
第64轮训练完成，耗时03分43秒，
训练集上的loss=0.311138；
验证集上的loss=0.3428，mIoU=0.386511
最好的结果是第64轮，mIoU=0.386511

2021-01-19 23:54:06
正在进行第65轮训练...
2021-01-19 23:57:49
第65轮训练完成，耗时03分43秒，
训练集上的loss=0.309584；
验证集上的loss=0.3431，mIoU=0.382584
最好的结果是第64轮，mIoU=0.386511

2021-01-19 23:57:49
正在进行第66轮训练...
2021-01-20 00:01:33
第66轮训练完成，耗时03分44秒，
训练集上的loss=0.308047；
验证集上的loss=0.3429，mIoU=0.384233
最好的结果是第64轮，mIoU=0.386511

2021-01-20 00:01:33
正在进行第67轮训练...
2021-01-20 00:05:17
第67轮训练完成，耗时03分43秒，
训练集上的loss=0.306384；
验证集上的loss=0.3397，mIoU=0.388959
最好的结果是第67轮，mIoU=0.388959

2021-01-20 00:05:17
正在进行第68轮训练...
2021-01-20 00:09:01
第68轮训练完成，耗时03分44秒，
训练集上的loss=0.302269；
验证集上的loss=0.3348，mIoU=0.389594
最好的结果是第68轮，mIoU=0.389594

2021-01-20 00:09:01
正在进行第69轮训练...
2021-01-20 00:12:46
第69轮训练完成，耗时03分44秒，
训练集上的loss=0.288156；
验证集上的loss=0.3276，mIoU=0.387672
最好的结果是第69轮，mIoU=0.387672

2021-01-20 00:12:46
正在进行第70轮训练...
2021-01-20 00:16:30
第70轮训练完成，耗时03分44秒，
训练集上的loss=0.272916；
验证集上的loss=0.3223，mIoU=0.394814
最好的结果是第70轮，mIoU=0.394814

2021-01-20 00:16:30
正在进行第71轮训练...
2021-01-20 00:20:14
第71轮训练完成，耗时03分43秒，
训练集上的loss=0.265898；
验证集上的loss=0.3238，mIoU=0.380941
最好的结果是第70轮，mIoU=0.394814

2021-01-20 00:20:14
正在进行第72轮训练...
2021-01-20 00:23:57
第72轮训练完成，耗时03分43秒，
训练集上的loss=0.259621；
验证集上的loss=0.3230，mIoU=0.401015
最好的结果是第70轮，mIoU=0.394814

2021-01-20 00:23:57
正在进行第73轮训练...
2021-01-20 00:27:41
第73轮训练完成，耗时03分43秒，
训练集上的loss=0.248908；
验证集上的loss=0.3180，mIoU=0.386557
最好的结果是第73轮，mIoU=0.386557

2021-01-20 00:27:41
正在进行第74轮训练...
2021-01-20 00:31:25
第74轮训练完成，耗时03分43秒，
训练集上的loss=0.238029；
验证集上的loss=0.3161，mIoU=0.409805
最好的结果是第74轮，mIoU=0.409805

2021-01-20 00:31:25
正在进行第75轮训练...
2021-01-20 00:35:08
第75轮训练完成，耗时03分42秒，
训练集上的loss=0.229650；
验证集上的loss=0.3132，mIoU=0.404355
最好的结果是第75轮，mIoU=0.404355

2021-01-20 00:35:08
正在进行第76轮训练...
2021-01-20 00:38:52
第76轮训练完成，耗时03分44秒，
训练集上的loss=0.222731；
验证集上的loss=0.3084，mIoU=0.422888
最好的结果是第76轮，mIoU=0.422888

2021-01-20 00:38:52
正在进行第77轮训练...
2021-01-20 00:42:36
第77轮训练完成，耗时03分43秒，
训练集上的loss=0.217159；
验证集上的loss=0.3039，mIoU=0.422908
最好的结果是第77轮，mIoU=0.422908

2021-01-20 00:42:36
正在进行第78轮训练...
2021-01-20 00:46:20
第78轮训练完成，耗时03分44秒，
训练集上的loss=0.212456；
验证集上的loss=0.3061，mIoU=0.425316
最好的结果是第77轮，mIoU=0.422908

2021-01-20 00:46:20
正在进行第79轮训练...
2021-01-20 00:50:04
第79轮训练完成，耗时03分44秒，
训练集上的loss=0.209433；
验证集上的loss=0.3222，mIoU=0.403686
最好的结果是第77轮，mIoU=0.422908

2021-01-20 00:50:04
正在进行第80轮训练...
2021-01-20 00:53:48
第80轮训练完成，耗时03分44秒，
训练集上的loss=0.207619；
验证集上的loss=0.3105，mIoU=0.431649
最好的结果是第77轮，mIoU=0.422908

2021-01-20 00:53:48
正在进行第81轮训练...
2021-01-20 00:57:32
第81轮训练完成，耗时03分43秒，
训练集上的loss=0.201897；
验证集上的loss=0.3245，mIoU=0.408002
最好的结果是第77轮，mIoU=0.422908

2021-01-20 00:57:32
正在进行第82轮训练...
2021-01-20 01:01:16
第82轮训练完成，耗时03分43秒，
训练集上的loss=0.197049；
验证集上的loss=0.3090，mIoU=0.437513
最好的结果是第77轮，mIoU=0.422908

2021-01-20 01:01:16
正在进行第83轮训练...
2021-01-20 01:05:00
第83轮训练完成，耗时03分44秒，
训练集上的loss=0.195539；
验证集上的loss=0.3048，mIoU=0.440228
最好的结果是第77轮，mIoU=0.422908

2021-01-20 01:05:00
正在进行第84轮训练...
2021-01-20 01:08:45
第84轮训练完成，耗时03分44秒，
训练集上的loss=0.191094；
验证集上的loss=0.3080，mIoU=0.425552
最好的结果是第77轮，mIoU=0.422908

2021-01-20 01:08:45
正在进行第85轮训练...
2021-01-20 01:12:29
第85轮训练完成，耗时03分43秒，
训练集上的loss=0.186563；
验证集上的loss=0.3053，mIoU=0.437846
最好的结果是第77轮，mIoU=0.422908

2021-01-20 01:12:29
正在进行第86轮训练...
2021-01-20 01:16:13
第86轮训练完成，耗时03分44秒，
训练集上的loss=0.185463；
验证集上的loss=0.3103，mIoU=0.435972
最好的结果是第77轮，mIoU=0.422908

2021-01-20 01:16:13
正在进行第87轮训练...
2021-01-20 01:19:57
第87轮训练完成，耗时03分43秒，
训练集上的loss=0.181724；
验证集上的loss=0.3091，mIoU=0.446477
最好的结果是第77轮，mIoU=0.422908

2021-01-20 01:19:57
正在进行第88轮训练...
2021-01-20 01:23:41
第88轮训练完成，耗时03分43秒，
训练集上的loss=0.181881；
验证集上的loss=0.3045，mIoU=0.459735
最好的结果是第77轮，mIoU=0.422908

2021-01-20 01:23:41
正在进行第89轮训练...
2021-01-20 01:27:25
第89轮训练完成，耗时03分44秒，
训练集上的loss=0.182681；
验证集上的loss=0.3230，mIoU=0.442152
最好的结果是第77轮，mIoU=0.422908

2021-01-20 01:27:25
正在进行第90轮训练...
2021-01-20 01:31:09
第90轮训练完成，耗时03分43秒，
训练集上的loss=0.173732；
验证集上的loss=0.3085，mIoU=0.452193
最好的结果是第77轮，mIoU=0.422908

2021-01-20 01:31:09
正在进行第91轮训练...
2021-01-20 01:34:52
第91轮训练完成，耗时03分43秒，
训练集上的loss=0.172934；
验证集上的loss=0.3152，mIoU=0.456607
最好的结果是第77轮，mIoU=0.422908

2021-01-20 01:34:52
正在进行第92轮训练...
2021-01-20 01:38:36
第92轮训练完成，耗时03分43秒，
训练集上的loss=0.173008；
验证集上的loss=0.3019，mIoU=0.458400
最好的结果是第92轮，mIoU=0.458400

2021-01-20 01:38:36
正在进行第93轮训练...
2021-01-20 01:42:21
第93轮训练完成，耗时03分44秒，
训练集上的loss=0.169605；
验证集上的loss=0.3048，mIoU=0.455978
最好的结果是第92轮，mIoU=0.458400

2021-01-20 01:42:21
正在进行第94轮训练...
2021-01-20 01:46:04
第94轮训练完成，耗时03分43秒，
训练集上的loss=0.172263；
验证集上的loss=0.3093，mIoU=0.458845
最好的结果是第92轮，mIoU=0.458400

2021-01-20 01:46:04
正在进行第95轮训练...
2021-01-20 01:49:48
第95轮训练完成，耗时03分43秒，
训练集上的loss=0.165031；
验证集上的loss=0.3070，mIoU=0.455369
最好的结果是第92轮，mIoU=0.458400

2021-01-20 01:49:48
正在进行第96轮训练...
2021-01-20 01:53:31
第96轮训练完成，耗时03分43秒，
训练集上的loss=0.166594；
验证集上的loss=0.3173，mIoU=0.466543
最好的结果是第92轮，mIoU=0.458400

2021-01-20 01:53:31
正在进行第97轮训练...
2021-01-20 01:57:16
第97轮训练完成，耗时03分44秒，
训练集上的loss=0.168004；
验证集上的loss=0.3025，mIoU=0.463868
最好的结果是第92轮，mIoU=0.458400

2021-01-20 01:57:16
正在进行第98轮训练...
2021-01-20 02:01:00
第98轮训练完成，耗时03分43秒，
训练集上的loss=0.160058；
验证集上的loss=0.3167，mIoU=0.459972
最好的结果是第92轮，mIoU=0.458400

2021-01-20 02:01:00
正在进行第99轮训练...
2021-01-20 02:04:43
第99轮训练完成，耗时03分43秒，
训练集上的loss=0.161303；
验证集上的loss=0.3102，mIoU=0.467273
最好的结果是第92轮，mIoU=0.458400
end
