2021-01-19 09:38:34
正在进行第0轮训练...
2021-01-19 09:38:58
第0轮训练完成，耗时00分23秒，
训练集上的loss=10.000000；
验证集上的loss=2.5309，mIoU=0.016259
最好的结果是第0轮，mIoU=0.016259

2021-01-19 09:38:58
正在进行第1轮训练...
2021-01-19 09:42:43
第1轮训练完成，耗时03分45秒，
训练集上的loss=0.688652；
验证集上的loss=0.6195，mIoU=0.158741
最好的结果是第1轮，mIoU=0.158741

2021-01-19 09:42:43
正在进行第2轮训练...
2021-01-19 09:46:29
第2轮训练完成，耗时03分45秒，
训练集上的loss=0.577973；
验证集上的loss=0.6073，mIoU=0.165221
最好的结果是第2轮，mIoU=0.165221

2021-01-19 09:46:29
正在进行第3轮训练...
2021-01-19 09:50:14
第3轮训练完成，耗时03分45秒，
训练集上的loss=0.541287；
验证集上的loss=0.5707，mIoU=0.194008
最好的结果是第3轮，mIoU=0.194008

2021-01-19 09:50:14
正在进行第4轮训练...
2021-01-19 09:53:58
第4轮训练完成，耗时03分43秒，
训练集上的loss=0.506996；
验证集上的loss=0.5172，mIoU=0.213714
最好的结果是第4轮，mIoU=0.213714

2021-01-19 09:53:58
正在进行第5轮训练...
2021-01-19 09:57:43
第5轮训练完成，耗时03分45秒，
训练集上的loss=0.483563；
验证集上的loss=0.4944，mIoU=0.215878
最好的结果是第5轮，mIoU=0.215878

2021-01-19 09:57:43
正在进行第6轮训练...
2021-01-19 10:01:27
第6轮训练完成，耗时03分44秒，
训练集上的loss=0.464741；
验证集上的loss=0.4498，mIoU=0.235669
最好的结果是第6轮，mIoU=0.235669

2021-01-19 10:01:27
正在进行第7轮训练...
2021-01-19 10:05:13
第7轮训练完成，耗时03分45秒，
训练集上的loss=0.449934；
验证集上的loss=0.4371，mIoU=0.245600
最好的结果是第7轮，mIoU=0.245600

2021-01-19 10:05:13
正在进行第8轮训练...
2021-01-19 10:08:57
第8轮训练完成，耗时03分43秒，
训练集上的loss=0.435468；
验证集上的loss=0.4261，mIoU=0.255838
最好的结果是第8轮，mIoU=0.255838

2021-01-19 10:08:57
正在进行第9轮训练...
2021-01-19 10:12:41
第9轮训练完成，耗时03分44秒，
训练集上的loss=0.427943；
验证集上的loss=0.4162，mIoU=0.286601
最好的结果是第9轮，mIoU=0.286601

2021-01-19 10:12:41
正在进行第10轮训练...
2021-01-19 10:16:25
第10轮训练完成，耗时03分44秒，
训练集上的loss=0.420322；
验证集上的loss=0.4183，mIoU=0.262260
最好的结果是第9轮，mIoU=0.286601

2021-01-19 10:16:25
正在进行第11轮训练...
2021-01-19 10:20:09
第11轮训练完成，耗时03分44秒，
训练集上的loss=0.410182；
验证集上的loss=0.4154，mIoU=0.273908
最好的结果是第11轮，mIoU=0.273908

2021-01-19 10:20:09
正在进行第12轮训练...
2021-01-19 10:23:54
第12轮训练完成，耗时03分44秒，
训练集上的loss=0.404188；
验证集上的loss=0.4065，mIoU=0.296619
最好的结果是第12轮，mIoU=0.296619

2021-01-19 10:23:54
正在进行第13轮训练...
2021-01-19 10:27:38
第13轮训练完成，耗时03分44秒，
训练集上的loss=0.397048；
验证集上的loss=0.4007，mIoU=0.286045
最好的结果是第13轮，mIoU=0.286045

2021-01-19 10:27:38
正在进行第14轮训练...
2021-01-19 10:31:23
第14轮训练完成，耗时03分45秒，
训练集上的loss=0.393169；
验证集上的loss=0.3912，mIoU=0.301057
最好的结果是第14轮，mIoU=0.301057

2021-01-19 10:31:23
正在进行第15轮训练...
2021-01-19 10:35:08
第15轮训练完成，耗时03分44秒，
训练集上的loss=0.388410；
验证集上的loss=0.3830，mIoU=0.320806
最好的结果是第15轮，mIoU=0.320806

2021-01-19 10:35:08
正在进行第16轮训练...
2021-01-19 10:38:53
第16轮训练完成，耗时03分45秒，
训练集上的loss=0.385289；
验证集上的loss=0.3995，mIoU=0.307092
最好的结果是第15轮，mIoU=0.320806

2021-01-19 10:38:53
正在进行第17轮训练...
2021-01-19 10:42:37
第17轮训练完成，耗时03分43秒，
训练集上的loss=0.380238；
验证集上的loss=0.3846，mIoU=0.323570
最好的结果是第15轮，mIoU=0.320806

2021-01-19 10:42:37
正在进行第18轮训练...
2021-01-19 10:46:21
第18轮训练完成，耗时03分44秒，
训练集上的loss=0.376537；
验证集上的loss=0.3888，mIoU=0.290139
最好的结果是第15轮，mIoU=0.320806

2021-01-19 10:46:21
正在进行第19轮训练...
2021-01-19 10:50:05
第19轮训练完成，耗时03分44秒，
训练集上的loss=0.373891；
验证集上的loss=0.3827，mIoU=0.321432
最好的结果是第19轮，mIoU=0.321432

2021-01-19 10:50:05
正在进行第20轮训练...
2021-01-19 10:53:49
第20轮训练完成，耗时03分43秒，
训练集上的loss=0.373368；
验证集上的loss=0.3998，mIoU=0.303894
最好的结果是第19轮，mIoU=0.321432

2021-01-19 10:53:49
正在进行第21轮训练...
2021-01-19 10:57:33
第21轮训练完成，耗时03分43秒，
训练集上的loss=0.367915；
验证集上的loss=0.3823，mIoU=0.298263
最好的结果是第21轮，mIoU=0.298263

2021-01-19 10:57:33
正在进行第22轮训练...
2021-01-19 11:01:17
第22轮训练完成，耗时03分43秒，
训练集上的loss=0.368830；
验证集上的loss=0.3732，mIoU=0.322668
最好的结果是第22轮，mIoU=0.322668

2021-01-19 11:01:17
正在进行第23轮训练...
2021-01-19 11:05:00
第23轮训练完成，耗时03分43秒，
训练集上的loss=0.362422；
验证集上的loss=0.3715，mIoU=0.335182
最好的结果是第23轮，mIoU=0.335182

2021-01-19 11:05:00
正在进行第24轮训练...
2021-01-19 11:08:45
第24轮训练完成，耗时03分44秒，
训练集上的loss=0.362116；
验证集上的loss=0.3880，mIoU=0.317273
最好的结果是第23轮，mIoU=0.335182

2021-01-19 11:08:45
正在进行第25轮训练...
2021-01-19 11:12:28
第25轮训练完成，耗时03分43秒，
训练集上的loss=0.357998；
验证集上的loss=0.3637，mIoU=0.334495
最好的结果是第25轮，mIoU=0.334495

2021-01-19 11:12:28
正在进行第26轮训练...
2021-01-19 11:16:13
第26轮训练完成，耗时03分44秒，
训练集上的loss=0.359092；
验证集上的loss=0.3655，mIoU=0.328037
最好的结果是第25轮，mIoU=0.334495

2021-01-19 11:16:13
正在进行第27轮训练...
2021-01-19 11:19:58
第27轮训练完成，耗时03分45秒，
训练集上的loss=0.353713；
验证集上的loss=0.3632，mIoU=0.342735
最好的结果是第27轮，mIoU=0.342735

2021-01-19 11:19:58
正在进行第28轮训练...
2021-01-19 11:23:42
第28轮训练完成，耗时03分44秒，
训练集上的loss=0.353591；
验证集上的loss=0.3699，mIoU=0.335152
最好的结果是第27轮，mIoU=0.342735

2021-01-19 11:23:42
正在进行第29轮训练...
2021-01-19 11:27:27
第29轮训练完成，耗时03分44秒，
训练集上的loss=0.350534；
验证集上的loss=0.3593，mIoU=0.340476
最好的结果是第29轮，mIoU=0.340476

2021-01-19 11:27:27
正在进行第30轮训练...
2021-01-19 11:31:10
第30轮训练完成，耗时03分43秒，
训练集上的loss=0.349107；
验证集上的loss=0.3693，mIoU=0.332855
最好的结果是第29轮，mIoU=0.340476

2021-01-19 11:31:10
正在进行第31轮训练...
2021-01-19 11:34:54
第31轮训练完成，耗时03分43秒，
训练集上的loss=0.344714；
验证集上的loss=0.3530，mIoU=0.348363
最好的结果是第31轮，mIoU=0.348363

2021-01-19 11:34:54
正在进行第32轮训练...
2021-01-19 11:38:37
第32轮训练完成，耗时03分43秒，
训练集上的loss=0.344654；
验证集上的loss=0.3695，mIoU=0.322805
最好的结果是第31轮，mIoU=0.348363

2021-01-19 11:38:37
正在进行第33轮训练...
2021-01-19 11:42:22
第33轮训练完成，耗时03分44秒，
训练集上的loss=0.344606；
验证集上的loss=0.3693，mIoU=0.341614
最好的结果是第31轮，mIoU=0.348363

2021-01-19 11:42:22
正在进行第34轮训练...
2021-01-19 11:46:06
第34轮训练完成，耗时03分44秒，
训练集上的loss=0.340165；
验证集上的loss=0.3568，mIoU=0.346329
最好的结果是第31轮，mIoU=0.348363

2021-01-19 11:46:06
正在进行第35轮训练...
2021-01-19 11:49:50
第35轮训练完成，耗时03分43秒，
训练集上的loss=0.342373；
验证集上的loss=0.3577，mIoU=0.348380
最好的结果是第31轮，mIoU=0.348363

2021-01-19 11:49:50
正在进行第36轮训练...
2021-01-19 11:53:34
第36轮训练完成，耗时03分44秒，
训练集上的loss=0.339711；
验证集上的loss=0.3515，mIoU=0.345880
最好的结果是第36轮，mIoU=0.345880

2021-01-19 11:53:34
正在进行第37轮训练...
2021-01-19 11:57:18
第37轮训练完成，耗时03分43秒，
训练集上的loss=0.349002；
验证集上的loss=0.3697，mIoU=0.333868
最好的结果是第36轮，mIoU=0.345880

2021-01-19 11:57:18
正在进行第38轮训练...
2021-01-19 12:01:02
第38轮训练完成，耗时03分44秒，
训练集上的loss=0.338967；
验证集上的loss=0.3585，mIoU=0.318257
最好的结果是第36轮，mIoU=0.345880

2021-01-19 12:01:02
正在进行第39轮训练...
2021-01-19 12:04:46
第39轮训练完成，耗时03分44秒，
训练集上的loss=0.333468；
验证集上的loss=0.3505，mIoU=0.355937
最好的结果是第39轮，mIoU=0.355937

2021-01-19 12:04:46
正在进行第40轮训练...
2021-01-19 12:08:29
第40轮训练完成，耗时03分43秒，
训练集上的loss=0.331409；
验证集上的loss=0.3485，mIoU=0.353341
最好的结果是第40轮，mIoU=0.353341

2021-01-19 12:08:29
正在进行第41轮训练...
2021-01-19 12:12:13
第41轮训练完成，耗时03分43秒，
训练集上的loss=0.330440；
验证集上的loss=0.3493，mIoU=0.354794
最好的结果是第40轮，mIoU=0.353341

2021-01-19 12:12:13
正在进行第42轮训练...
2021-01-19 12:15:58
第42轮训练完成，耗时03分44秒，
训练集上的loss=0.327725；
验证集上的loss=0.3486，mIoU=0.351204
最好的结果是第40轮，mIoU=0.353341

2021-01-19 12:15:58
正在进行第43轮训练...
2021-01-19 12:19:41
第43轮训练完成，耗时03分43秒，
训练集上的loss=0.323631；
验证集上的loss=0.3512，mIoU=0.346670
最好的结果是第40轮，mIoU=0.353341

2021-01-19 12:19:41
正在进行第44轮训练...
2021-01-19 12:23:25
第44轮训练完成，耗时03分43秒，
训练集上的loss=0.324535；
验证集上的loss=0.3505，mIoU=0.357984
最好的结果是第40轮，mIoU=0.353341

2021-01-19 12:23:25
正在进行第45轮训练...
2021-01-19 12:27:09
第45轮训练完成，耗时03分43秒，
训练集上的loss=0.341161；
验证集上的loss=0.3454，mIoU=0.359116
最好的结果是第45轮，mIoU=0.359116

2021-01-19 12:27:09
正在进行第46轮训练...
2021-01-19 12:30:53
第46轮训练完成，耗时03分44秒，
训练集上的loss=0.320430；
验证集上的loss=0.3445，mIoU=0.360051
最好的结果是第46轮，mIoU=0.360051

2021-01-19 12:30:53
正在进行第47轮训练...
2021-01-19 12:34:38
第47轮训练完成，耗时03分44秒，
训练集上的loss=0.318131；
验证集上的loss=0.3438，mIoU=0.334274
最好的结果是第47轮，mIoU=0.334274

2021-01-19 12:34:38
正在进行第48轮训练...
2021-01-19 12:38:22
第48轮训练完成，耗时03分44秒，
训练集上的loss=0.316789；
验证集上的loss=0.3458，mIoU=0.362692
最好的结果是第47轮，mIoU=0.334274

2021-01-19 12:38:22
正在进行第49轮训练...
2021-01-19 12:42:06
第49轮训练完成，耗时03分44秒，
训练集上的loss=0.316006；
验证集上的loss=0.3389，mIoU=0.367281
最好的结果是第49轮，mIoU=0.367281

2021-01-19 12:42:06
正在进行第50轮训练...
2021-01-19 12:45:49
第50轮训练完成，耗时03分43秒，
训练集上的loss=0.312250；
验证集上的loss=0.3385，mIoU=0.374669
最好的结果是第50轮，mIoU=0.374669

2021-01-19 12:45:49
正在进行第51轮训练...
2021-01-19 12:49:33
第51轮训练完成，耗时03分43秒，
训练集上的loss=0.310828；
验证集上的loss=0.3505，mIoU=0.350560
最好的结果是第50轮，mIoU=0.374669

2021-01-19 12:49:33
正在进行第52轮训练...
2021-01-19 12:53:17
第52轮训练完成，耗时03分44秒，
训练集上的loss=0.307994；
验证集上的loss=0.3376，mIoU=0.379667
最好的结果是第52轮，mIoU=0.379667

2021-01-19 12:53:17
正在进行第53轮训练...
2021-01-19 12:57:01
第53轮训练完成，耗时03分43秒，
训练集上的loss=0.307169；
验证集上的loss=0.3414，mIoU=0.370178
最好的结果是第52轮，mIoU=0.379667

2021-01-19 12:57:01
正在进行第54轮训练...
2021-01-19 13:00:45
第54轮训练完成，耗时03分44秒，
训练集上的loss=0.305020；
验证集上的loss=0.3373，mIoU=0.372044
最好的结果是第54轮，mIoU=0.372044

2021-01-19 13:00:45
正在进行第55轮训练...
2021-01-19 13:04:30
第55轮训练完成，耗时03分44秒，
训练集上的loss=0.304001；
验证集上的loss=0.3564，mIoU=0.369098
最好的结果是第54轮，mIoU=0.372044

2021-01-19 13:04:30
正在进行第56轮训练...
2021-01-19 13:08:14
第56轮训练完成，耗时03分44秒，
训练集上的loss=0.301204；
验证集上的loss=0.3439，mIoU=0.381938
最好的结果是第54轮，mIoU=0.372044

2021-01-19 13:08:14
正在进行第57轮训练...
2021-01-19 13:11:58
第57轮训练完成，耗时03分44秒，
训练集上的loss=0.299998；
验证集上的loss=0.3359，mIoU=0.355516
最好的结果是第57轮，mIoU=0.355516

2021-01-19 13:11:58
正在进行第58轮训练...
2021-01-19 13:15:42
第58轮训练完成，耗时03分43秒，
训练集上的loss=0.298225；
验证集上的loss=0.3354，mIoU=0.385573
最好的结果是第58轮，mIoU=0.385573

2021-01-19 13:15:42
正在进行第59轮训练...
2021-01-19 13:19:26
第59轮训练完成，耗时03分44秒，
训练集上的loss=0.297012；
验证集上的loss=0.3339，mIoU=0.386755
最好的结果是第59轮，mIoU=0.386755

2021-01-19 13:19:26
正在进行第60轮训练...
2021-01-19 13:23:11
第60轮训练完成，耗时03分44秒，
训练集上的loss=0.294260；
验证集上的loss=0.3378，mIoU=0.380583
最好的结果是第59轮，mIoU=0.386755

2021-01-19 13:23:11
正在进行第61轮训练...
2021-01-19 13:26:55
第61轮训练完成，耗时03分44秒，
训练集上的loss=0.291759；
验证集上的loss=0.3299，mIoU=0.390947
最好的结果是第61轮，mIoU=0.390947

2021-01-19 13:26:55
正在进行第62轮训练...
2021-01-19 13:30:39
第62轮训练完成，耗时03分44秒，
训练集上的loss=0.326262；
验证集上的loss=0.3437，mIoU=0.366738
最好的结果是第61轮，mIoU=0.390947

2021-01-19 13:30:39
正在进行第63轮训练...
2021-01-19 13:34:25
第63轮训练完成，耗时03分45秒，
训练集上的loss=0.296237；
验证集上的loss=0.3349，mIoU=0.398294
最好的结果是第61轮，mIoU=0.390947

2021-01-19 13:34:25
正在进行第64轮训练...
2021-01-19 13:38:11
第64轮训练完成，耗时03分46秒，
训练集上的loss=0.287923；
验证集上的loss=0.3324，mIoU=0.389488
最好的结果是第61轮，mIoU=0.390947

2021-01-19 13:38:11
正在进行第65轮训练...
2021-01-19 13:41:56
第65轮训练完成，耗时03分45秒，
训练集上的loss=0.286489；
验证集上的loss=0.3333，mIoU=0.388137
最好的结果是第61轮，mIoU=0.390947

2021-01-19 13:41:56
正在进行第66轮训练...
2021-01-19 13:45:42
第66轮训练完成，耗时03分46秒，
训练集上的loss=0.284111；
验证集上的loss=0.3425，mIoU=0.375328
最好的结果是第61轮，mIoU=0.390947

2021-01-19 13:45:42
正在进行第67轮训练...
2021-01-19 13:49:28
第67轮训练完成，耗时03分45秒，
训练集上的loss=0.282969；
验证集上的loss=0.3307，mIoU=0.384415
最好的结果是第61轮，mIoU=0.390947

2021-01-19 13:49:28
正在进行第68轮训练...
2021-01-19 13:53:13
第68轮训练完成，耗时03分45秒，
训练集上的loss=0.281974；
验证集上的loss=0.3372，mIoU=0.378831
最好的结果是第61轮，mIoU=0.390947

2021-01-19 13:53:13
正在进行第69轮训练...
2021-01-19 13:56:59
第69轮训练完成，耗时03分45秒，
训练集上的loss=0.279855；
验证集上的loss=0.3373，mIoU=0.400814
最好的结果是第61轮，mIoU=0.390947

2021-01-19 13:56:59
正在进行第70轮训练...
2021-01-19 14:00:44
第70轮训练完成，耗时03分45秒，
训练集上的loss=0.277818；
验证集上的loss=0.3279，mIoU=0.406825
最好的结果是第70轮，mIoU=0.406825

2021-01-19 14:00:44
正在进行第71轮训练...
2021-01-19 14:04:31
第71轮训练完成，耗时03分46秒，
训练集上的loss=0.277249；
验证集上的loss=0.3526，mIoU=0.377690
最好的结果是第70轮，mIoU=0.406825

2021-01-19 14:04:31
正在进行第72轮训练...
2021-01-19 14:08:17
第72轮训练完成，耗时03分46秒，
训练集上的loss=0.277626；
验证集上的loss=0.3288，mIoU=0.405452
最好的结果是第70轮，mIoU=0.406825

2021-01-19 14:08:17
正在进行第73轮训练...
2021-01-19 14:12:03
第73轮训练完成，耗时03分46秒，
训练集上的loss=0.272760；
验证集上的loss=0.3267，mIoU=0.410425
最好的结果是第73轮，mIoU=0.410425

2021-01-19 14:12:03
正在进行第74轮训练...
2021-01-19 14:15:50
第74轮训练完成，耗时03分46秒，
训练集上的loss=0.270223；
验证集上的loss=0.3311，mIoU=0.398955
最好的结果是第73轮，mIoU=0.410425

2021-01-19 14:15:50
正在进行第75轮训练...
2021-01-19 14:19:37
第75轮训练完成，耗时03分47秒，
训练集上的loss=0.269483；
验证集上的loss=0.3325，mIoU=0.400619
最好的结果是第73轮，mIoU=0.410425

2021-01-19 14:19:37
正在进行第76轮训练...
2021-01-19 14:23:23
第76轮训练完成，耗时03分45秒，
训练集上的loss=0.269492；
验证集上的loss=0.3313，mIoU=0.401920
最好的结果是第73轮，mIoU=0.410425

2021-01-19 14:23:23
正在进行第77轮训练...
2021-01-19 14:27:09
第77轮训练完成，耗时03分46秒，
训练集上的loss=0.266738；
验证集上的loss=0.3237，mIoU=0.419749
最好的结果是第77轮，mIoU=0.419749

2021-01-19 14:27:09
正在进行第78轮训练...
2021-01-19 14:30:56
第78轮训练完成，耗时03分46秒，
训练集上的loss=0.264580；
验证集上的loss=0.3286，mIoU=0.400262
最好的结果是第77轮，mIoU=0.419749

2021-01-19 14:30:56
正在进行第79轮训练...
2021-01-19 14:34:43
第79轮训练完成，耗时03分47秒，
训练集上的loss=0.262761；
验证集上的loss=0.3255，mIoU=0.417306
最好的结果是第77轮，mIoU=0.419749

2021-01-19 14:34:43
正在进行第80轮训练...
2021-01-19 14:38:30
第80轮训练完成，耗时03分46秒，
训练集上的loss=0.260395；
验证集上的loss=0.3252，mIoU=0.417211
最好的结果是第77轮，mIoU=0.419749

2021-01-19 14:38:30
正在进行第81轮训练...
2021-01-19 14:42:15
第81轮训练完成，耗时03分45秒，
训练集上的loss=0.260813；
验证集上的loss=0.3228，mIoU=0.429043
最好的结果是第81轮，mIoU=0.429043

2021-01-19 14:42:15
正在进行第82轮训练...
2021-01-19 14:46:01
第82轮训练完成，耗时03分45秒，
训练集上的loss=0.258787；
验证集上的loss=0.3225，mIoU=0.427584
最好的结果是第82轮，mIoU=0.427584

2021-01-19 14:46:01
正在进行第83轮训练...
2021-01-19 14:49:46
第83轮训练完成，耗时03分45秒，
训练集上的loss=0.262527；
验证集上的loss=0.3339，mIoU=0.414460
最好的结果是第82轮，mIoU=0.427584

2021-01-19 14:49:46
正在进行第84轮训练...
2021-01-19 14:53:33
第84轮训练完成，耗时03分46秒，
训练集上的loss=0.256365；
验证集上的loss=0.3210，mIoU=0.438346
最好的结果是第84轮，mIoU=0.438346

2021-01-19 14:53:33
正在进行第85轮训练...
2021-01-19 14:57:19
第85轮训练完成，耗时03分46秒，
训练集上的loss=0.255440；
验证集上的loss=0.3252，mIoU=0.427484
最好的结果是第84轮，mIoU=0.438346

2021-01-19 14:57:19
正在进行第86轮训练...
2021-01-19 15:01:05
第86轮训练完成，耗时03分45秒，
训练集上的loss=0.253141；
验证集上的loss=0.3211，mIoU=0.440422
最好的结果是第84轮，mIoU=0.438346

2021-01-19 15:01:05
正在进行第87轮训练...
2021-01-19 15:04:49
第87轮训练完成，耗时03分44秒，
训练集上的loss=0.250474；
验证集上的loss=0.3304，mIoU=0.430654
最好的结果是第84轮，mIoU=0.438346

2021-01-19 15:04:49
正在进行第88轮训练...
2021-01-19 15:08:35
第88轮训练完成，耗时03分45秒，
训练集上的loss=0.251724；
验证集上的loss=0.3349，mIoU=0.415460
最好的结果是第84轮，mIoU=0.438346

2021-01-19 15:08:35
正在进行第89轮训练...
2021-01-19 15:12:19
第89轮训练完成，耗时03分44秒，
训练集上的loss=0.250327；
验证集上的loss=0.3269，mIoU=0.416120
最好的结果是第84轮，mIoU=0.438346

2021-01-19 15:12:19
正在进行第90轮训练...
2021-01-19 15:16:05
第90轮训练完成，耗时03分45秒，
训练集上的loss=0.247745；
验证集上的loss=0.3218，mIoU=0.429955
最好的结果是第84轮，mIoU=0.438346

2021-01-19 15:16:05
正在进行第91轮训练...
2021-01-19 15:19:52
第91轮训练完成，耗时03分46秒，
训练集上的loss=0.246701；
验证集上的loss=0.3315，mIoU=0.426088
最好的结果是第84轮，mIoU=0.438346

2021-01-19 15:19:52
正在进行第92轮训练...
2021-01-19 15:23:38
第92轮训练完成，耗时03分45秒，
训练集上的loss=0.246599；
验证集上的loss=0.3230，mIoU=0.424683
最好的结果是第84轮，mIoU=0.438346

2021-01-19 15:23:38
正在进行第93轮训练...
2021-01-19 15:27:24
第93轮训练完成，耗时03分45秒，
训练集上的loss=0.245740；
验证集上的loss=0.3234，mIoU=0.438462
最好的结果是第84轮，mIoU=0.438346

2021-01-19 15:27:24
正在进行第94轮训练...
2021-01-19 15:31:09
第94轮训练完成，耗时03分45秒，
训练集上的loss=0.242382；
验证集上的loss=0.3252，mIoU=0.436482
最好的结果是第84轮，mIoU=0.438346

2021-01-19 15:31:09
正在进行第95轮训练...
2021-01-19 15:34:54
第95轮训练完成，耗时03分45秒，
训练集上的loss=0.242268；
验证集上的loss=0.3269，mIoU=0.424822
最好的结果是第84轮，mIoU=0.438346

2021-01-19 15:34:54
正在进行第96轮训练...
2021-01-19 15:38:40
第96轮训练完成，耗时03分46秒，
训练集上的loss=0.241786；
验证集上的loss=0.3276，mIoU=0.434126
最好的结果是第84轮，mIoU=0.438346

2021-01-19 15:38:40
正在进行第97轮训练...
2021-01-19 15:42:26
第97轮训练完成，耗时03分45秒，
训练集上的loss=0.240641；
验证集上的loss=0.3208，mIoU=0.423297
最好的结果是第97轮，mIoU=0.423297

2021-01-19 15:42:26
正在进行第98轮训练...
2021-01-19 15:46:11
第98轮训练完成，耗时03分45秒，
训练集上的loss=0.238741；
验证集上的loss=0.3272，mIoU=0.430588
最好的结果是第97轮，mIoU=0.423297

2021-01-19 15:46:11
正在进行第99轮训练...
2021-01-19 15:49:57
第99轮训练完成，耗时03分45秒，
训练集上的loss=0.238495；
验证集上的loss=0.3195，mIoU=0.442304
最好的结果是第99轮，mIoU=0.442304
