
2021-01-21 21:59:28
正在进行第0轮训练...
2021-01-21 22:20:39
第0轮训练完成，耗时21分10秒，
训练集上的loss=0.579616；
验证集上的loss=0.5327，mIoU=0.166098
最好的结果是第0轮，mIoU=0.166098

2021-01-21 22:20:39
正在进行第1轮训练...
2021-01-21 22:42:10
第1轮训练完成，耗时21分31秒，
训练集上的loss=0.497922；
验证集上的loss=0.4697，mIoU=0.210800
最好的结果是第1轮，mIoU=0.210800

2021-01-21 22:42:10
正在进行第2轮训练...
2021-01-21 23:03:43
第2轮训练完成，耗时21分32秒，
训练集上的loss=0.451128；
验证集上的loss=0.4183，mIoU=0.276248
最好的结果是第2轮，mIoU=0.276248

2021-01-21 23:03:43
正在进行第3轮训练...
2021-01-21 23:25:14
第3轮训练完成，耗时21分30秒，
训练集上的loss=0.405433；
验证集上的loss=0.3968，mIoU=0.295715
最好的结果是第3轮，mIoU=0.295715

2021-01-21 23:25:14
正在进行第4轮训练...
2021-01-21 23:46:46
第4轮训练完成，耗时21分32秒，
训练集上的loss=0.383077；
验证集上的loss=0.3699，mIoU=0.308126
最好的结果是第4轮，mIoU=0.308126

2021-01-21 23:46:46
正在进行第5轮训练...
2021-01-22 00:08:16
第5轮训练完成，耗时21分30秒，
训练集上的loss=0.367143；
验证集上的loss=0.3654，mIoU=0.324175
最好的结果是第5轮，mIoU=0.324175

2021-01-22 00:08:16
正在进行第6轮训练...
2021-01-22 00:29:49
第6轮训练完成，耗时21分32秒，
训练集上的loss=0.351420；
验证集上的loss=0.3479，mIoU=0.346314
最好的结果是第6轮，mIoU=0.346314

2021-01-22 00:29:49
正在进行第7轮训练...
2021-01-22 00:51:18
第7轮训练完成，耗时21分29秒，
训练集上的loss=0.335825；
验证集上的loss=0.3385，mIoU=0.329431
最好的结果是第7轮，mIoU=0.329431

2021-01-22 00:51:18
正在进行第8轮训练...
2021-01-22 01:12:48
第8轮训练完成，耗时21分29秒，
训练集上的loss=0.322567；
验证集上的loss=0.3317，mIoU=0.346141
最好的结果是第8轮，mIoU=0.346141

2021-01-22 01:12:48
正在进行第9轮训练...
2021-01-22 01:34:17
第9轮训练完成，耗时21分29秒，
训练集上的loss=0.307965；
验证集上的loss=0.3200，mIoU=0.382264
最好的结果是第9轮，mIoU=0.382264

2021-01-22 01:34:17
正在进行第10轮训练...
2021-01-22 01:55:45
第10轮训练完成，耗时21分27秒，
训练集上的loss=0.290263；
验证集上的loss=0.3097，mIoU=0.365340
最好的结果是第10轮，mIoU=0.365340

2021-01-22 01:55:45
正在进行第11轮训练...
2021-01-22 02:17:13
第11轮训练完成，耗时21分28秒，
训练集上的loss=0.271943；
验证集上的loss=0.3033，mIoU=0.392778
最好的结果是第11轮，mIoU=0.392778

2021-01-22 02:17:13
正在进行第12轮训练...
2021-01-22 02:38:41
第12轮训练完成，耗时21分28秒，
训练集上的loss=0.259401；
验证集上的loss=0.2880，mIoU=0.415550
最好的结果是第12轮，mIoU=0.415550

2021-01-22 02:38:41
正在进行第13轮训练...
2021-01-22 03:00:09
第13轮训练完成，耗时21分28秒，
训练集上的loss=0.236334；
验证集上的loss=0.2848，mIoU=0.440832
最好的结果是第13轮，mIoU=0.440832

2021-01-22 03:00:09
正在进行第14轮训练...
2021-01-22 03:21:37
第14轮训练完成，耗时21分27秒，
训练集上的loss=0.219156；
验证集上的loss=0.2723，mIoU=0.460345
最好的结果是第14轮，mIoU=0.460345

2021-01-22 03:21:37
正在进行第15轮训练...
2021-01-22 03:43:04
第15轮训练完成，耗时21分26秒，
训练集上的loss=0.201904；
验证集上的loss=0.2676，mIoU=0.467113
最好的结果是第15轮，mIoU=0.467113

2021-01-22 03:43:04
正在进行第16轮训练...
2021-01-22 04:04:30
第16轮训练完成，耗时21分26秒，
训练集上的loss=0.190811；
验证集上的loss=0.2655，mIoU=0.480645
最好的结果是第16轮，mIoU=0.480645

2021-01-22 04:04:30
正在进行第17轮训练...
2021-01-22 04:25:58
第17轮训练完成，耗时21分27秒，
训练集上的loss=0.178370；
验证集上的loss=0.2578，mIoU=0.519099
最好的结果是第17轮，mIoU=0.519099

2021-01-22 04:25:58
正在进行第18轮训练...
2021-01-22 04:47:24
第18轮训练完成，耗时21分25秒，
训练集上的loss=0.168641；
验证集上的loss=0.2595，mIoU=0.533746
最好的结果是第17轮，mIoU=0.519099

2021-01-22 04:47:24
正在进行第19轮训练...
2021-01-22 05:08:54
第19轮训练完成，耗时21分30秒，
训练集上的loss=0.159603；
验证集上的loss=0.2515，mIoU=0.545462
最好的结果是第19轮，mIoU=0.545462

2021-01-22 05:08:54
正在进行第20轮训练...
2021-01-22 05:30:23
第20轮训练完成，耗时21分28秒，
训练集上的loss=0.149103；
验证集上的loss=0.2511，mIoU=0.552127
最好的结果是第20轮，mIoU=0.552127

2021-01-22 05:30:23
正在进行第21轮训练...
2021-01-22 05:51:52
第21轮训练完成，耗时21分28秒，
训练集上的loss=0.144674；
验证集上的loss=0.2464，mIoU=0.569425
最好的结果是第21轮，mIoU=0.569425

2021-01-22 05:51:52
正在进行第22轮训练...
2021-01-22 06:13:19
第22轮训练完成，耗时21分27秒，
训练集上的loss=0.135820；
验证集上的loss=0.2575，mIoU=0.538563
最好的结果是第21轮，mIoU=0.569425

2021-01-22 06:13:19
正在进行第23轮训练...
2021-01-22 06:34:47
第23轮训练完成，耗时21分27秒，
训练集上的loss=0.132365；
验证集上的loss=0.2484，mIoU=0.571669
最好的结果是第21轮，mIoU=0.569425

2021-01-22 06:34:47
正在进行第24轮训练...
2021-01-22 06:56:14
第24轮训练完成，耗时21分27秒，
训练集上的loss=0.128228；
验证集上的loss=0.2498，mIoU=0.579058
最好的结果是第21轮，mIoU=0.569425

2021-01-22 06:56:14
正在进行第25轮训练...
2021-01-22 07:17:42
第25轮训练完成，耗时21分27秒，
训练集上的loss=0.127677；
验证集上的loss=0.2455，mIoU=0.592054
最好的结果是第25轮，mIoU=0.592054

2021-01-22 07:17:42
正在进行第26轮训练...
2021-01-22 07:39:11
第26轮训练完成，耗时21分28秒，
训练集上的loss=0.114816；
验证集上的loss=0.2455，mIoU=0.586718
最好的结果是第26轮，mIoU=0.586718

2021-01-22 07:39:11
正在进行第27轮训练...
2021-01-22 08:00:38
第27轮训练完成，耗时21分26秒，
训练集上的loss=0.112972；
验证集上的loss=0.2497，mIoU=0.593837
最好的结果是第26轮，mIoU=0.586718

2021-01-22 08:00:38
正在进行第28轮训练...
2021-01-22 08:22:05
第28轮训练完成，耗时21分27秒，
训练集上的loss=0.108933；
验证集上的loss=0.2510，mIoU=0.599186
最好的结果是第26轮，mIoU=0.586718

2021-01-22 08:22:05
正在进行第29轮训练...
2021-01-22 08:43:32
第29轮训练完成，耗时21分26秒，
训练集上的loss=0.105484；
验证集上的loss=0.2558，mIoU=0.597039
最好的结果是第26轮，mIoU=0.586718

2021-01-22 08:43:32
正在进行第30轮训练...
2021-01-22 09:04:56
第30轮训练完成，耗时21分24秒，
训练集上的loss=0.102655；
验证集上的loss=0.2468，mIoU=0.598564
最好的结果是第26轮，mIoU=0.586718

2021-01-22 09:04:56
正在进行第31轮训练...
2021-01-22 09:26:19
第31轮训练完成，耗时21分22秒，
训练集上的loss=0.099036；
验证集上的loss=0.2499，mIoU=0.605999
最好的结果是第26轮，mIoU=0.586718

2021-01-22 09:26:19
正在进行第32轮训练...
2021-01-22 09:47:43
第32轮训练完成，耗时21分24秒，
训练集上的loss=0.096740；
验证集上的loss=0.2529，mIoU=0.613910
最好的结果是第26轮，mIoU=0.586718

2021-01-22 09:47:43
正在进行第33轮训练...
2021-01-22 10:09:09
第33轮训练完成，耗时21分25秒，
训练集上的loss=0.094280；
验证集上的loss=0.2595，mIoU=0.597506
最好的结果是第26轮，mIoU=0.586718

2021-01-22 10:09:09
正在进行第34轮训练...
2021-01-22 10:30:36
第34轮训练完成，耗时21分27秒，
训练集上的loss=0.091297；
验证集上的loss=0.2521，mIoU=0.616028
最好的结果是第26轮，mIoU=0.586718

2021-01-22 10:30:36
正在进行第35轮训练...
2021-01-22 10:52:02
第35轮训练完成，耗时21分25秒，
训练集上的loss=0.087833；
验证集上的loss=0.2579，mIoU=0.615489
最好的结果是第26轮，mIoU=0.586718

2021-01-22 10:52:02
正在进行第36轮训练...
2021-01-22 11:13:29
第36轮训练完成，耗时21分27秒，
训练集上的loss=0.087111；
验证集上的loss=0.2604，mIoU=0.615256
最好的结果是第26轮，mIoU=0.586718

2021-01-22 11:13:29
正在进行第37轮训练...
2021-01-22 11:34:56
第37轮训练完成，耗时21分26秒，
训练集上的loss=0.084074；
验证集上的loss=0.2666，mIoU=0.618873
最好的结果是第26轮，mIoU=0.586718

2021-01-22 11:34:56
正在进行第38轮训练...
2021-01-22 11:56:23
第38轮训练完成，耗时21分27秒，
训练集上的loss=0.082180；
验证集上的loss=0.2599，mIoU=0.621612
最好的结果是第26轮，mIoU=0.586718

2021-01-22 11:56:23
正在进行第39轮训练...
2021-01-22 12:17:51
第39轮训练完成，耗时21分27秒，
训练集上的loss=0.088419；
验证集上的loss=0.2612，mIoU=0.619124
最好的结果是第26轮，mIoU=0.586718

2021-01-22 12:17:51
正在进行第40轮训练...
2021-01-22 12:39:18
第40轮训练完成，耗时21分27秒，
训练集上的loss=0.076639；
验证集上的loss=0.2663，mIoU=0.637660
最好的结果是第26轮，mIoU=0.586718

2021-01-22 12:39:18
正在进行第41轮训练...
2021-01-22 13:00:44
第41轮训练完成，耗时21分25秒，
训练集上的loss=0.074998；
验证集上的loss=0.2723，mIoU=0.624800
最好的结果是第26轮，mIoU=0.586718

2021-01-22 13:00:44
正在进行第42轮训练...
2021-01-22 13:22:09
第42轮训练完成，耗时21分25秒，
训练集上的loss=0.075845；
验证集上的loss=0.2638，mIoU=0.620482
最好的结果是第26轮，mIoU=0.586718

2021-01-22 13:22:09
正在进行第43轮训练...
2021-01-22 13:43:37
第43轮训练完成，耗时21分28秒，
训练集上的loss=0.072732；
验证集上的loss=0.2734，mIoU=0.626367
最好的结果是第26轮，mIoU=0.586718

2021-01-22 13:43:37
正在进行第44轮训练...
2021-01-22 14:05:05
第44轮训练完成，耗时21分28秒，
训练集上的loss=0.072891；
验证集上的loss=0.2791，mIoU=0.629616
最好的结果是第26轮，mIoU=0.586718

2021-01-22 14:05:05
正在进行第45轮训练...
2021-01-22 14:26:34
第45轮训练完成，耗时21分28秒，
训练集上的loss=0.071687；
验证集上的loss=0.2702，mIoU=0.634135
最好的结果是第26轮，mIoU=0.586718

2021-01-22 14:26:34
正在进行第46轮训练...
2021-01-22 14:48:03
第46轮训练完成，耗时21分28秒，
训练集上的loss=0.069634；
验证集上的loss=0.2800，mIoU=0.629068
最好的结果是第26轮，mIoU=0.586718

2021-01-22 14:48:03
正在进行第47轮训练...
2021-01-22 15:09:31
第47轮训练完成，耗时21分27秒，
训练集上的loss=0.067813；
验证集上的loss=0.2791，mIoU=0.633214
最好的结果是第26轮，mIoU=0.586718

2021-01-22 15:09:31
正在进行第48轮训练...
2021-01-22 15:31:01
第48轮训练完成，耗时21分30秒，
训练集上的loss=0.072479；
验证集上的loss=0.2802，mIoU=0.626449
最好的结果是第26轮，mIoU=0.586718

2021-01-22 15:31:01
正在进行第49轮训练...
2021-01-22 15:52:34
第49轮训练完成，耗时21分32秒，
训练集上的loss=0.063339；
验证集上的loss=0.2799，mIoU=0.640910
最好的结果是第26轮，mIoU=0.586718

2021-01-22 15:52:34
正在进行第50轮训练...
2021-01-22 16:14:54
第50轮训练完成，耗时22分20秒，
训练集上的loss=0.063347；
验证集上的loss=0.2896，mIoU=0.643422
最好的结果是第26轮，mIoU=0.586718

2021-01-22 16:14:54
正在进行第51轮训练...
2021-01-22 16:40:11
第51轮训练完成，耗时25分16秒，
训练集上的loss=0.064181；
验证集上的loss=0.2896，mIoU=0.640248
最好的结果是第26轮，mIoU=0.586718

2021-01-22 16:40:11
正在进行第52轮训练...
2021-01-22 17:05:29
第52轮训练完成，耗时25分17秒，
训练集上的loss=0.061134；
验证集上的loss=0.2816，mIoU=0.645616
最好的结果是第26轮，mIoU=0.586718

2021-01-22 17:05:29
正在进行第53轮训练...
2021-01-22 17:29:34
第53轮训练完成，耗时24分05秒，
训练集上的loss=0.060996；
验证集上的loss=0.2916，mIoU=0.642898
最好的结果是第26轮，mIoU=0.586718

2021-01-22 17:29:34
正在进行第54轮训练...
2021-01-22 17:54:21
第54轮训练完成，耗时24分46秒，
训练集上的loss=0.059790；
验证集上的loss=0.2853，mIoU=0.647764
最好的结果是第26轮，mIoU=0.586718

2021-01-22 17:54:21
正在进行第55轮训练...
2021-01-22 18:19:26
第55轮训练完成，耗时25分04秒，
训练集上的loss=0.063646；
验证集上的loss=0.2841，mIoU=0.538015
最好的结果是第26轮，mIoU=0.586718

2021-01-22 18:19:26
正在进行第56轮训练...
2021-01-22 18:44:34
第56轮训练完成，耗时25分08秒，
训练集上的loss=0.064008；
验证集上的loss=0.2806，mIoU=0.643465
最好的结果是第26轮，mIoU=0.586718

2021-01-22 18:44:34
正在进行第57轮训练...
2021-01-22 19:10:29
第57轮训练完成，耗时25分54秒，
训练集上的loss=0.055461；
验证集上的loss=0.2929，mIoU=0.651588
最好的结果是第26轮，mIoU=0.586718

2021-01-22 19:10:29
正在进行第58轮训练...
2021-01-22 19:36:11
第58轮训练完成，耗时25分42秒，
训练集上的loss=0.056344；
验证集上的loss=0.3024，mIoU=0.639699
最好的结果是第26轮，mIoU=0.586718

2021-01-22 19:36:11
正在进行第59轮训练...
2021-01-22 20:02:04
第59轮训练完成，耗时25分52秒，
训练集上的loss=0.056091；
验证集上的loss=0.2972，mIoU=0.647322
最好的结果是第26轮，mIoU=0.586718

2021-01-22 20:02:04
正在进行第60轮训练...
2021-01-22 20:28:02
第60轮训练完成，耗时25分58秒，
训练集上的loss=0.054649；
验证集上的loss=0.2961，mIoU=0.645288
最好的结果是第26轮，mIoU=0.586718

2021-01-22 20:28:02
正在进行第61轮训练...
2021-01-22 20:53:43
第61轮训练完成，耗时25分41秒，
训练集上的loss=0.054880；
验证集上的loss=0.3052，mIoU=0.648650
最好的结果是第26轮，mIoU=0.586718

2021-01-22 20:53:43
正在进行第62轮训练...
2021-01-22 21:19:25
第62轮训练完成，耗时25分41秒，
训练集上的loss=0.053155；
验证集上的loss=0.2967，mIoU=0.647068
最好的结果是第26轮，mIoU=0.586718

2021-01-22 21:19:25
正在进行第63轮训练...
2021-01-22 21:45:12
第63轮训练完成，耗时25分47秒，
训练集上的loss=0.053502；
验证集上的loss=0.2965，mIoU=0.650096
最好的结果是第26轮，mIoU=0.586718

2021-01-22 21:45:12
正在进行第64轮训练...
2021-01-22 22:10:54
第64轮训练完成，耗时25分42秒，
训练集上的loss=0.052612；
验证集上的loss=0.3014，mIoU=0.648910
最好的结果是第26轮，mIoU=0.586718

2021-01-22 22:10:54
正在进行第65轮训练...
2021-01-22 22:36:33
第65轮训练完成，耗时25分38秒，
训练集上的loss=0.051208；
验证集上的loss=0.3043，mIoU=0.646292
最好的结果是第26轮，mIoU=0.586718

2021-01-22 22:36:33
正在进行第66轮训练...
2021-01-22 23:02:12
第66轮训练完成，耗时25分38秒，
训练集上的loss=0.050542；
验证集上的loss=0.3105，mIoU=0.649999
最好的结果是第26轮，mIoU=0.586718

2021-01-22 23:02:12
正在进行第67轮训练...
2021-01-22 23:28:06
第67轮训练完成，耗时25分54秒，
训练集上的loss=0.050158；
验证集上的loss=0.3144，mIoU=0.652690
最好的结果是第26轮，mIoU=0.586718

2021-01-22 23:28:06
正在进行第68轮训练...
2021-01-22 23:53:57
第68轮训练完成，耗时25分50秒，
训练集上的loss=0.054395；
验证集上的loss=0.2963，mIoU=0.643832
最好的结果是第26轮，mIoU=0.586718

2021-01-22 23:53:57
正在进行第69轮训练...
2021-01-23 00:19:47
第69轮训练完成，耗时25分49秒，
训练集上的loss=0.048273；
验证集上的loss=0.3115，mIoU=0.650777
最好的结果是第26轮，mIoU=0.586718

2021-01-23 00:19:47
正在进行第70轮训练...
2021-01-23 00:45:33
第70轮训练完成，耗时25分46秒，
训练集上的loss=0.046667；
验证集上的loss=0.3195，mIoU=0.653804
最好的结果是第26轮，mIoU=0.586718

2021-01-23 00:45:33
正在进行第71轮训练...
2021-01-23 01:11:20
第71轮训练完成，耗时25分46秒，
训练集上的loss=0.048217；
验证集上的loss=0.3136，mIoU=0.631482
最好的结果是第26轮，mIoU=0.586718

2021-01-23 01:11:20
正在进行第72轮训练...
2021-01-23 01:37:05
第72轮训练完成，耗时25分45秒，
训练集上的loss=0.050927；
验证集上的loss=0.2866，mIoU=0.638347
最好的结果是第26轮，mIoU=0.586718

2021-01-23 01:37:05
正在进行第73轮训练...
2021-01-23 02:02:46
第73轮训练完成，耗时25分40秒，
训练集上的loss=0.050252；
验证集上的loss=0.3143，mIoU=0.657711
最好的结果是第26轮，mIoU=0.586718

2021-01-23 02:02:46
正在进行第74轮训练...
2021-01-23 02:28:21
第74轮训练完成，耗时25分34秒，
训练集上的loss=0.044596；
验证集上的loss=0.3174，mIoU=0.647863
最好的结果是第26轮，mIoU=0.586718

2021-01-23 02:28:21
正在进行第75轮训练...
2021-01-23 02:53:53
第75轮训练完成，耗时25分32秒，
训练集上的loss=0.045743；
验证集上的loss=0.3231，mIoU=0.658351
最好的结果是第26轮，mIoU=0.586718

2021-01-23 02:53:53
正在进行第76轮训练...
2021-01-23 03:19:30
第76轮训练完成，耗时25分37秒，
训练集上的loss=0.046040；
验证集上的loss=0.3157，mIoU=0.658848
最好的结果是第26轮，mIoU=0.586718

2021-01-23 03:19:30
正在进行第77轮训练...
2021-01-23 03:45:04
第77轮训练完成，耗时25分33秒，
训练集上的loss=0.049500；
验证集上的loss=0.3180，mIoU=0.656992
最好的结果是第26轮，mIoU=0.586718

2021-01-23 03:45:04
正在进行第78轮训练...
2021-01-23 04:10:35
第78轮训练完成，耗时25分30秒，
训练集上的loss=0.046856；
验证集上的loss=0.3072，mIoU=0.652867
最好的结果是第26轮，mIoU=0.586718

2021-01-23 04:10:35
正在进行第79轮训练...
2021-01-23 04:35:57
第79轮训练完成，耗时25分22秒，
训练集上的loss=0.043302；
验证集上的loss=0.3342，mIoU=0.659013
最好的结果是第26轮，mIoU=0.586718

2021-01-23 04:35:57
正在进行第80轮训练...
2021-01-23 05:01:20
第80轮训练完成，耗时25分22秒，
训练集上的loss=0.044192；
验证集上的loss=0.3355，mIoU=0.655937
最好的结果是第26轮，mIoU=0.586718

2021-01-23 05:01:20
正在进行第81轮训练...
2021-01-23 05:26:42
第81轮训练完成，耗时25分21秒，
训练集上的loss=0.043152；
验证集上的loss=0.3375，mIoU=0.634607
最好的结果是第26轮，mIoU=0.586718

2021-01-23 05:26:42
正在进行第82轮训练...
2021-01-23 05:52:08
第82轮训练完成，耗时25分26秒，
训练集上的loss=0.043136；
验证集上的loss=0.3350，mIoU=0.658645
最好的结果是第26轮，mIoU=0.586718

2021-01-23 05:52:08
正在进行第83轮训练...
2021-01-23 06:15:04
第83轮训练完成，耗时22分56秒，
训练集上的loss=0.042954；
验证集上的loss=0.3403，mIoU=0.658854
最好的结果是第26轮，mIoU=0.586718

2021-01-23 06:15:04
正在进行第84轮训练...
2021-01-23 06:36:36
第84轮训练完成，耗时21分31秒，
训练集上的loss=0.041949；
验证集上的loss=0.3361，mIoU=0.658574
最好的结果是第26轮，mIoU=0.586718

2021-01-23 06:36:36
正在进行第85轮训练...
2021-01-23 06:58:05
第85轮训练完成，耗时21分29秒，
训练集上的loss=0.041788；
验证集上的loss=0.3373，mIoU=0.661610
最好的结果是第26轮，mIoU=0.586718

2021-01-23 06:58:05
正在进行第86轮训练...
2021-01-23 07:19:36
第86轮训练完成，耗时21分30秒，
训练集上的loss=0.044178；
验证集上的loss=0.3404，mIoU=0.659556
最好的结果是第26轮，mIoU=0.586718

2021-01-23 07:19:36
正在进行第87轮训练...
2021-01-23 07:41:06
第87轮训练完成，耗时21分29秒，
训练集上的loss=0.047938；
验证集上的loss=0.3314，mIoU=0.660734
最好的结果是第26轮，mIoU=0.586718

2021-01-23 07:41:06
正在进行第88轮训练...
2021-01-23 08:02:35
第88轮训练完成，耗时21分29秒，
训练集上的loss=0.040658；
验证集上的loss=0.3411，mIoU=0.664358
最好的结果是第26轮，mIoU=0.586718

2021-01-23 08:02:35
正在进行第89轮训练...
2021-01-23 08:24:08
第89轮训练完成，耗时21分32秒，
训练集上的loss=0.039320；
验证集上的loss=0.3408，mIoU=0.657051
最好的结果是第26轮，mIoU=0.586718

2021-01-23 08:24:08
正在进行第90轮训练...
2021-01-23 08:45:40
第90轮训练完成，耗时21分32秒，
训练集上的loss=0.039945；
验证集上的loss=0.3419，mIoU=0.660572
最好的结果是第26轮，mIoU=0.586718

2021-01-23 08:45:40
正在进行第91轮训练...
2021-01-23 09:07:12
第91轮训练完成，耗时21分31秒，
训练集上的loss=0.040238；
验证集上的loss=0.3542，mIoU=0.656660
最好的结果是第26轮，mIoU=0.586718

2021-01-23 09:07:12
正在进行第92轮训练...
2021-01-23 09:28:44
第92轮训练完成，耗时21分31秒，
训练集上的loss=0.039832；
验证集上的loss=0.3500，mIoU=0.663596
最好的结果是第26轮，mIoU=0.586718

2021-01-23 09:28:44
正在进行第93轮训练...
2021-01-23 09:50:16
第93轮训练完成，耗时21分32秒，
训练集上的loss=0.039487；
验证集上的loss=0.3512，mIoU=0.659616
最好的结果是第26轮，mIoU=0.586718

2021-01-23 09:50:16
正在进行第94轮训练...
2021-01-23 10:11:47
第94轮训练完成，耗时21分31秒，
训练集上的loss=0.039300；
验证集上的loss=0.3425，mIoU=0.663677
最好的结果是第26轮，mIoU=0.586718

2021-01-23 10:11:47
正在进行第95轮训练...
2021-01-23 10:33:17
第95轮训练完成，耗时21分30秒，
训练集上的loss=0.040064；
验证集上的loss=0.3306，mIoU=0.655719
最好的结果是第26轮，mIoU=0.586718

2021-01-23 10:33:17
正在进行第96轮训练...
2021-01-23 10:54:47
第96轮训练完成，耗时21分29秒，
训练集上的loss=0.038471；
验证集上的loss=0.3539，mIoU=0.662145
最好的结果是第26轮，mIoU=0.586718

2021-01-23 10:54:47
正在进行第97轮训练...
2021-01-23 11:16:18
第97轮训练完成，耗时21分31秒，
训练集上的loss=0.037808；
验证集上的loss=0.3570，mIoU=0.665210
最好的结果是第26轮，mIoU=0.586718

2021-01-23 11:16:18
正在进行第98轮训练...
2021-01-23 11:37:49
第98轮训练完成，耗时21分31秒，
训练集上的loss=0.037576；
验证集上的loss=0.3480，mIoU=0.663723
最好的结果是第26轮，mIoU=0.586718

2021-01-23 11:37:49
正在进行第99轮训练...
2021-01-23 11:59:19
第99轮训练完成，耗时21分30秒，
训练集上的loss=0.037951；
验证集上的loss=0.3463，mIoU=0.660376
最好的结果是第26轮，mIoU=0.586718
end
