Traceback (most recent call last):
  File "main.py", line 19, in <module>
    train_main(cfg=cfg)
  File "/home/cm/landUseProj/code/tools/train.py", line 62, in train_main
    model = build_model(model_cfg).to(device)
  File "/home/cm/landUseProj/code/model/build_model.py", line 20, in build_model
    raise Exception('没有该模型！')
Exception: 没有该模型！

2021-01-20 19:24:40
正在进行第0轮训练...
2021-01-20 19:32:55
第0轮训练完成，耗时08分15秒，
训练集上的loss=0.087849；
验证集上的loss=0.2571，mIoU=0.626896
最好的结果是第0轮，mIoU=0.626896

2021-01-20 19:32:55
正在进行第1轮训练...
2021-01-20 19:41:17
第1轮训练完成，耗时08分21秒，
训练集上的loss=0.083521；
验证集上的loss=0.2496，mIoU=0.625533
最好的结果是第1轮，mIoU=0.625533

2021-01-20 19:41:17
正在进行第2轮训练...
2021-01-20 19:49:37
第2轮训练完成，耗时08分19秒，
训练集上的loss=0.081821；
验证集上的loss=0.2469，mIoU=0.641337
最好的结果是第2轮，mIoU=0.641337

2021-01-20 19:49:37
正在进行第3轮训练...
2021-01-20 19:57:57
第3轮训练完成，耗时08分20秒，
训练集上的loss=0.086056；
验证集上的loss=0.2620，mIoU=0.555626
最好的结果是第2轮，mIoU=0.641337

2021-01-20 19:57:57
正在进行第4轮训练...
2021-01-20 20:06:18
第4轮训练完成，耗时08分20秒，
训练集上的loss=0.084460；
验证集上的loss=0.2487，mIoU=0.645091
最好的结果是第2轮，mIoU=0.641337

2021-01-20 20:06:18
正在进行第5轮训练...
2021-01-20 20:14:38
第5轮训练完成，耗时08分20秒，
训练集上的loss=0.072732；
验证集上的loss=0.2542，mIoU=0.652968
最好的结果是第2轮，mIoU=0.641337

2021-01-20 20:14:38
正在进行第6轮训练...
2021-01-20 20:22:58
第6轮训练完成，耗时08分20秒，
训练集上的loss=0.076470；
验证集上的loss=0.2546，mIoU=0.643647
最好的结果是第2轮，mIoU=0.641337

2021-01-20 20:22:58
正在进行第7轮训练...
2021-01-20 20:31:18
第7轮训练完成，耗时08分20秒，
训练集上的loss=0.070174；
验证集上的loss=0.2517，mIoU=0.650011
最好的结果是第2轮，mIoU=0.641337

2021-01-20 20:31:18
正在进行第8轮训练...
2021-01-20 20:39:38
第8轮训练完成，耗时08分20秒，
训练集上的loss=0.069721；
验证集上的loss=0.2552，mIoU=0.652099
最好的结果是第2轮，mIoU=0.641337

2021-01-20 20:39:38
正在进行第9轮训练...
2021-01-20 20:48:00
第9轮训练完成，耗时08分21秒，
训练集上的loss=0.066766；
验证集上的loss=0.2585，mIoU=0.651483
最好的结果是第2轮，mIoU=0.641337

2021-01-20 20:48:00
正在进行第10轮训练...
2021-01-20 20:56:20
第10轮训练完成，耗时08分20秒，
训练集上的loss=0.065405；
验证集上的loss=0.2655，mIoU=0.655541
最好的结果是第2轮，mIoU=0.641337

2021-01-20 20:56:20
正在进行第11轮训练...
2021-01-20 21:04:42
第11轮训练完成，耗时08分21秒，
训练集上的loss=0.066600；
验证集上的loss=0.2620，mIoU=0.651420
最好的结果是第2轮，mIoU=0.641337

2021-01-20 21:04:42
正在进行第12轮训练...
2021-01-20 21:13:03
第12轮训练完成，耗时08分21秒，
训练集上的loss=0.071191；
验证集上的loss=0.2767，mIoU=0.551124
最好的结果是第2轮，mIoU=0.641337

2021-01-20 21:13:03
正在进行第13轮训练...
2021-01-20 21:21:24
第13轮训练完成，耗时08分21秒，
训练集上的loss=0.085146；
验证集上的loss=0.2556，mIoU=0.661101
最好的结果是第2轮，mIoU=0.641337

2021-01-20 21:21:24
正在进行第14轮训练...
2021-01-20 21:29:46
第14轮训练完成，耗时08分21秒，
训练集上的loss=0.058137；
验证集上的loss=0.2700，mIoU=0.664729
最好的结果是第2轮，mIoU=0.641337

2021-01-20 21:29:46
正在进行第15轮训练...
2021-01-20 21:38:07
第15轮训练完成，耗时08分20秒，
训练集上的loss=0.055749；
验证集上的loss=0.2695，mIoU=0.661555
最好的结果是第2轮，mIoU=0.641337

2021-01-20 21:38:07
正在进行第16轮训练...
2021-01-20 21:46:27
第16轮训练完成，耗时08分20秒，
训练集上的loss=0.056064；
验证集上的loss=0.2739，mIoU=0.661412
最好的结果是第2轮，mIoU=0.641337

2021-01-20 21:46:27
正在进行第17轮训练...
2021-01-20 21:54:48
第17轮训练完成，耗时08分20秒，
训练集上的loss=0.056684；
验证集上的loss=0.2689，mIoU=0.661371
最好的结果是第2轮，mIoU=0.641337

2021-01-20 21:54:48
正在进行第18轮训练...
2021-01-20 22:03:10
第18轮训练完成，耗时08分21秒，
训练集上的loss=0.056210；
验证集上的loss=0.2700，mIoU=0.657759
最好的结果是第2轮，mIoU=0.641337

2021-01-20 22:03:10
正在进行第19轮训练...
2021-01-20 22:11:32
第19轮训练完成，耗时08分21秒，
训练集上的loss=0.055197；
验证集上的loss=0.2770，mIoU=0.667245
最好的结果是第2轮，mIoU=0.641337

2021-01-20 22:11:32
正在进行第20轮训练...
2021-01-20 22:19:53
第20轮训练完成，耗时08分21秒，
训练集上的loss=0.059714；
验证集上的loss=0.2732，mIoU=0.669191
最好的结果是第2轮，mIoU=0.641337

2021-01-20 22:19:53
正在进行第21轮训练...
2021-01-20 22:28:10
第21轮训练完成，耗时08分17秒，
训练集上的loss=0.053727；
验证集上的loss=0.2767，mIoU=0.670098
最好的结果是第2轮，mIoU=0.641337

2021-01-20 22:28:10
正在进行第22轮训练...
2021-01-20 22:36:27
第22轮训练完成，耗时08分17秒，
训练集上的loss=0.050241；
验证集上的loss=0.2799，mIoU=0.673469
最好的结果是第2轮，mIoU=0.641337

2021-01-20 22:36:27
正在进行第23轮训练...
2021-01-20 22:44:45
第23轮训练完成，耗时08分17秒，
训练集上的loss=0.050103；
验证集上的loss=0.2884，mIoU=0.667697
最好的结果是第2轮，mIoU=0.641337

2021-01-20 22:44:45
正在进行第24轮训练...
2021-01-20 22:53:03
第24轮训练完成，耗时08分18秒，
训练集上的loss=0.050546；
验证集上的loss=0.3006，mIoU=0.654648
最好的结果是第2轮，mIoU=0.641337

2021-01-20 22:53:03
正在进行第25轮训练...
2021-01-20 23:01:21
第25轮训练完成，耗时08分17秒，
训练集上的loss=0.050165；
验证集上的loss=0.2866，mIoU=0.670046
最好的结果是第2轮，mIoU=0.641337

2021-01-20 23:01:21
正在进行第26轮训练...
2021-01-20 23:09:39
第26轮训练完成，耗时08分18秒，
训练集上的loss=0.054918；
验证集上的loss=0.2818，mIoU=0.672588
最好的结果是第2轮，mIoU=0.641337

2021-01-20 23:09:39
正在进行第27轮训练...
2021-01-20 23:17:56
第27轮训练完成，耗时08分17秒，
训练集上的loss=0.046984；
验证集上的loss=0.2910，mIoU=0.674941
最好的结果是第2轮，mIoU=0.641337

2021-01-20 23:17:56
正在进行第28轮训练...
2021-01-20 23:26:14
第28轮训练完成，耗时08分18秒，
训练集上的loss=0.045812；
验证集上的loss=0.2931，mIoU=0.676745
最好的结果是第2轮，mIoU=0.641337

2021-01-20 23:26:14
正在进行第29轮训练...
2021-01-20 23:34:33
第29轮训练完成，耗时08分18秒，
训练集上的loss=0.046140；
验证集上的loss=0.2992，mIoU=0.677277
最好的结果是第2轮，mIoU=0.641337

2021-01-20 23:34:33
正在进行第30轮训练...
2021-01-20 23:42:51
第30轮训练完成，耗时08分18秒，
训练集上的loss=0.047560；
验证集上的loss=0.2984，mIoU=0.675548
最好的结果是第2轮，mIoU=0.641337

2021-01-20 23:42:51
正在进行第31轮训练...
2021-01-20 23:51:09
第31轮训练完成，耗时08分18秒，
训练集上的loss=0.044791；
验证集上的loss=0.3023，mIoU=0.677905
最好的结果是第2轮，mIoU=0.641337

2021-01-20 23:51:09
正在进行第32轮训练...
2021-01-20 23:59:28
第32轮训练完成，耗时08分18秒，
训练集上的loss=0.045497；
验证集上的loss=0.2968，mIoU=0.675551
最好的结果是第2轮，mIoU=0.641337

2021-01-20 23:59:28
正在进行第33轮训练...
2021-01-21 00:07:46
第33轮训练完成，耗时08分17秒，
训练集上的loss=0.043577；
验证集上的loss=0.3053，mIoU=0.676754
最好的结果是第2轮，mIoU=0.641337

2021-01-21 00:07:46
正在进行第34轮训练...
2021-01-21 00:16:04
第34轮训练完成，耗时08分18秒，
训练集上的loss=0.042900；
验证集上的loss=0.3114，mIoU=0.679204
最好的结果是第2轮，mIoU=0.641337

2021-01-21 00:16:04
正在进行第35轮训练...
2021-01-21 00:24:23
第35轮训练完成，耗时08分18秒，
训练集上的loss=0.059040；
验证集上的loss=0.2774，mIoU=0.661441
最好的结果是第2轮，mIoU=0.641337

2021-01-21 00:24:23
正在进行第36轮训练...
2021-01-21 00:32:41
第36轮训练完成，耗时08分18秒，
训练集上的loss=0.043296；
验证集上的loss=0.2958，mIoU=0.680850
最好的结果是第2轮，mIoU=0.641337

2021-01-21 00:32:41
正在进行第37轮训练...
2021-01-21 00:41:00
第37轮训练完成，耗时08分18秒，
训练集上的loss=0.038980；
验证集上的loss=0.3158，mIoU=0.683040
最好的结果是第2轮，mIoU=0.641337

2021-01-21 00:41:00
正在进行第38轮训练...
2021-01-21 00:49:19
第38轮训练完成，耗时08分18秒，
训练集上的loss=0.039255；
验证集上的loss=0.3131，mIoU=0.679487
最好的结果是第2轮，mIoU=0.641337

2021-01-21 00:49:19
正在进行第39轮训练...
2021-01-21 00:57:38
第39轮训练完成，耗时08分19秒，
训练集上的loss=0.040200；
验证集上的loss=0.3165，mIoU=0.679806
最好的结果是第2轮，mIoU=0.641337

2021-01-21 00:57:38
正在进行第40轮训练...
2021-01-21 01:05:57
第40轮训练完成，耗时08分18秒，
训练集上的loss=0.042732；
验证集上的loss=0.2882，mIoU=0.649577
最好的结果是第2轮，mIoU=0.641337

2021-01-21 01:05:57
正在进行第41轮训练...
2021-01-21 01:14:16
第41轮训练完成，耗时08分18秒，
训练集上的loss=0.043341；
验证集上的loss=0.3018，mIoU=0.677593
最好的结果是第2轮，mIoU=0.641337

2021-01-21 01:14:16
正在进行第42轮训练...
2021-01-21 01:22:35
第42轮训练完成，耗时08分19秒，
训练集上的loss=0.038013；
验证集上的loss=0.3194，mIoU=0.681655
最好的结果是第2轮，mIoU=0.641337

2021-01-21 01:22:35
正在进行第43轮训练...
2021-01-21 01:30:54
第43轮训练完成，耗时08分19秒，
训练集上的loss=0.039279；
验证集上的loss=0.2972，mIoU=0.662337
最好的结果是第2轮，mIoU=0.641337

2021-01-21 01:30:54
正在进行第44轮训练...
2021-01-21 01:39:14
第44轮训练完成，耗时08分19秒，
训练集上的loss=0.040633；
验证集上的loss=0.3159，mIoU=0.681612
最好的结果是第2轮，mIoU=0.641337

2021-01-21 01:39:14
正在进行第45轮训练...
2021-01-21 01:47:33
第45轮训练完成，耗时08分18秒，
训练集上的loss=0.037865；
验证集上的loss=0.3203，mIoU=0.685179
最好的结果是第2轮，mIoU=0.641337

2021-01-21 01:47:33
正在进行第46轮训练...
2021-01-21 01:55:52
第46轮训练完成，耗时08分19秒，
训练集上的loss=0.036758；
验证集上的loss=0.3242，mIoU=0.685289
最好的结果是第2轮，mIoU=0.641337

2021-01-21 01:55:52
正在进行第47轮训练...
2021-01-21 02:04:11
第47轮训练完成，耗时08分19秒，
训练集上的loss=0.037278；
验证集上的loss=0.3258，mIoU=0.684555
最好的结果是第2轮，mIoU=0.641337

2021-01-21 02:04:11
正在进行第48轮训练...
2021-01-21 02:12:30
第48轮训练完成，耗时08分19秒，
训练集上的loss=0.044749；
验证集上的loss=0.3080，mIoU=0.680747
最好的结果是第2轮，mIoU=0.641337

2021-01-21 02:12:30
正在进行第49轮训练...
2021-01-21 02:20:50
第49轮训练完成，耗时08分19秒，
训练集上的loss=0.036641；
验证集上的loss=0.3186，mIoU=0.689134
最好的结果是第2轮，mIoU=0.641337

2021-01-21 02:20:50
正在进行第50轮训练...
2021-01-21 02:29:10
第50轮训练完成，耗时08分20秒，
训练集上的loss=0.034550；
验证集上的loss=0.3319，mIoU=0.687195
最好的结果是第2轮，mIoU=0.641337

2021-01-21 02:29:10
正在进行第51轮训练...
2021-01-21 02:37:29
第51轮训练完成，耗时08分18秒，
训练集上的loss=0.034899；
验证集上的loss=0.3289，mIoU=0.688241
最好的结果是第2轮，mIoU=0.641337

2021-01-21 02:37:29
正在进行第52轮训练...
2021-01-21 02:45:49
第52轮训练完成，耗时08分20秒，
训练集上的loss=0.036744；
验证集上的loss=0.3299，mIoU=0.687278
最好的结果是第2轮，mIoU=0.641337

2021-01-21 02:45:49
正在进行第53轮训练...
2021-01-21 02:54:08
第53轮训练完成，耗时08分19秒，
训练集上的loss=0.035276；
验证集上的loss=0.3246，mIoU=0.679359
最好的结果是第2轮，mIoU=0.641337

2021-01-21 02:54:08
正在进行第54轮训练...
2021-01-21 03:02:28
第54轮训练完成，耗时08分19秒，
训练集上的loss=0.035791；
验证集上的loss=0.3291，mIoU=0.686877
最好的结果是第2轮，mIoU=0.641337

2021-01-21 03:02:28
正在进行第55轮训练...
2021-01-21 03:10:47
第55轮训练完成，耗时08分19秒，
训练集上的loss=0.034301；
验证集上的loss=0.3203，mIoU=0.684604
最好的结果是第2轮，mIoU=0.641337

2021-01-21 03:10:47
正在进行第56轮训练...
2021-01-21 03:19:06
第56轮训练完成，耗时08分19秒，
训练集上的loss=0.034235；
验证集上的loss=0.3333，mIoU=0.685564
最好的结果是第2轮，mIoU=0.641337

2021-01-21 03:19:06
正在进行第57轮训练...
2021-01-21 03:27:25
第57轮训练完成，耗时08分19秒，
训练集上的loss=0.033828；
验证集上的loss=0.3430，mIoU=0.686410
最好的结果是第2轮，mIoU=0.641337

2021-01-21 03:27:25
正在进行第58轮训练...
2021-01-21 03:35:45
第58轮训练完成，耗时08分19秒，
训练集上的loss=0.038299；
验证集上的loss=0.3121，mIoU=0.681794
最好的结果是第2轮，mIoU=0.641337

2021-01-21 03:35:45
正在进行第59轮训练...
2021-01-21 03:44:05
第59轮训练完成，耗时08分19秒，
训练集上的loss=0.035128；
验证集上的loss=0.3235，mIoU=0.689406
最好的结果是第2轮，mIoU=0.641337

2021-01-21 03:44:05
正在进行第60轮训练...
2021-01-21 03:52:24
第60轮训练完成，耗时08分19秒，
训练集上的loss=0.032036；
验证集上的loss=0.3308，mIoU=0.691278
最好的结果是第2轮，mIoU=0.641337

2021-01-21 03:52:24
正在进行第61轮训练...
2021-01-21 04:00:44
第61轮训练完成，耗时08分19秒，
训练集上的loss=0.031313；
验证集上的loss=0.3416，mIoU=0.690422
最好的结果是第2轮，mIoU=0.641337

2021-01-21 04:00:44
正在进行第62轮训练...
2021-01-21 04:09:03
第62轮训练完成，耗时08分19秒，
训练集上的loss=0.045386；
验证集上的loss=0.3121，mIoU=0.685486
最好的结果是第2轮，mIoU=0.641337

2021-01-21 04:09:03
正在进行第63轮训练...
2021-01-21 04:17:23
第63轮训练完成，耗时08分19秒，
训练集上的loss=0.032650；
验证集上的loss=0.3272，mIoU=0.693492
最好的结果是第2轮，mIoU=0.641337

2021-01-21 04:17:23
正在进行第64轮训练...
2021-01-21 04:25:43
第64轮训练完成，耗时08分20秒，
训练集上的loss=0.029609；
验证集上的loss=0.3437，mIoU=0.692988
最好的结果是第2轮，mIoU=0.641337

2021-01-21 04:25:43
正在进行第65轮训练...
2021-01-21 04:34:03
第65轮训练完成，耗时08分19秒，
训练集上的loss=0.029655；
验证集上的loss=0.3397，mIoU=0.693255
最好的结果是第2轮，mIoU=0.641337

2021-01-21 04:34:03
正在进行第66轮训练...
2021-01-21 04:42:22
第66轮训练完成，耗时08分19秒，
训练集上的loss=0.031203；
验证集上的loss=0.3343，mIoU=0.685056
最好的结果是第2轮，mIoU=0.641337

2021-01-21 04:42:22
正在进行第67轮训练...
2021-01-21 04:50:42
第67轮训练完成，耗时08分19秒，
训练集上的loss=0.032123；
验证集上的loss=0.3479，mIoU=0.692020
最好的结果是第2轮，mIoU=0.641337

2021-01-21 04:50:42
正在进行第68轮训练...
2021-01-21 04:59:02
第68轮训练完成，耗时08分20秒，
训练集上的loss=0.030807；
验证集上的loss=0.3462，mIoU=0.689738
最好的结果是第2轮，mIoU=0.641337

2021-01-21 04:59:02
正在进行第69轮训练...
2021-01-21 05:07:24
第69轮训练完成，耗时08分21秒，
训练集上的loss=0.030497；
验证集上的loss=0.3517，mIoU=0.690949
最好的结果是第2轮，mIoU=0.641337

2021-01-21 05:07:24
正在进行第70轮训练...
2021-01-21 05:15:44
第70轮训练完成，耗时08分20秒，
训练集上的loss=0.031573；
验证集上的loss=0.3469，mIoU=0.694110
最好的结果是第2轮，mIoU=0.641337

2021-01-21 05:15:44
正在进行第71轮训练...
2021-01-21 05:24:04
第71轮训练完成，耗时08分19秒，
训练集上的loss=0.035136；
验证集上的loss=0.3179，mIoU=0.688103
最好的结果是第2轮，mIoU=0.641337

2021-01-21 05:24:04
正在进行第72轮训练...
2021-01-21 05:32:24
第72轮训练完成，耗时08分19秒，
训练集上的loss=0.031315；
验证集上的loss=0.3470，mIoU=0.692814
最好的结果是第2轮，mIoU=0.641337

2021-01-21 05:32:24
正在进行第73轮训练...
2021-01-21 05:40:44
第73轮训练完成，耗时08分19秒，
训练集上的loss=0.028689；
验证集上的loss=0.3577，mIoU=0.693986
最好的结果是第2轮，mIoU=0.641337

2021-01-21 05:40:44
正在进行第74轮训练...
2021-01-21 05:49:04
第74轮训练完成，耗时08分20秒，
训练集上的loss=0.028772；
验证集上的loss=0.3536，mIoU=0.690916
最好的结果是第2轮，mIoU=0.641337

2021-01-21 05:49:04
正在进行第75轮训练...
2021-01-21 05:57:24
第75轮训练完成，耗时08分20秒，
训练集上的loss=0.029488；
验证集上的loss=0.3595，mIoU=0.693461
最好的结果是第2轮，mIoU=0.641337

2021-01-21 05:57:24
正在进行第76轮训练...
2021-01-21 06:05:44
第76轮训练完成，耗时08分19秒，
训练集上的loss=0.029601；
验证集上的loss=0.3515，mIoU=0.693197
最好的结果是第2轮，mIoU=0.641337

2021-01-21 06:05:44
正在进行第77轮训练...
2021-01-21 06:14:04
第77轮训练完成，耗时08分20秒，
训练集上的loss=0.031446；
验证集上的loss=0.3284，mIoU=0.678856
最好的结果是第2轮，mIoU=0.641337

2021-01-21 06:14:04
正在进行第78轮训练...
2021-01-21 06:22:25
第78轮训练完成，耗时08分20秒，
训练集上的loss=0.035483；
验证集上的loss=0.3148，mIoU=0.655717
最好的结果是第2轮，mIoU=0.641337

2021-01-21 06:22:25
正在进行第79轮训练...
2021-01-21 06:30:45
第79轮训练完成，耗时08分20秒，
训练集上的loss=0.031444；
验证集上的loss=0.3482，mIoU=0.695239
最好的结果是第2轮，mIoU=0.641337

2021-01-21 06:30:45
正在进行第80轮训练...
2021-01-21 06:39:05
第80轮训练完成，耗时08分19秒，
训练集上的loss=0.027184；
验证集上的loss=0.3588，mIoU=0.699492
最好的结果是第2轮，mIoU=0.641337

2021-01-21 06:39:05
正在进行第81轮训练...
2021-01-21 06:47:25
第81轮训练完成，耗时08分20秒，
训练集上的loss=0.026826；
验证集上的loss=0.3733，mIoU=0.695972
最好的结果是第2轮，mIoU=0.641337

2021-01-21 06:47:25
正在进行第82轮训练...
2021-01-21 06:55:45
第82轮训练完成，耗时08分19秒，
训练集上的loss=0.027447；
验证集上的loss=0.3643，mIoU=0.695125
最好的结果是第2轮，mIoU=0.641337

2021-01-21 06:55:45
正在进行第83轮训练...
2021-01-21 07:04:05
第83轮训练完成，耗时08分19秒，
训练集上的loss=0.027716；
验证集上的loss=0.3610，mIoU=0.694632
最好的结果是第2轮，mIoU=0.641337

2021-01-21 07:04:05
正在进行第84轮训练...
2021-01-21 07:12:25
第84轮训练完成，耗时08分20秒，
训练集上的loss=0.027822；
验证集上的loss=0.3625，mIoU=0.696794
最好的结果是第2轮，mIoU=0.641337

2021-01-21 07:12:25
正在进行第85轮训练...
2021-01-21 07:20:45
第85轮训练完成，耗时08分19秒，
训练集上的loss=0.030633；
验证集上的loss=0.3449，mIoU=0.688354
最好的结果是第2轮，mIoU=0.641337

2021-01-21 07:20:45
正在进行第86轮训练...
2021-01-21 07:29:05
第86轮训练完成，耗时08分19秒，
训练集上的loss=0.028425；
验证集上的loss=0.3585，mIoU=0.698190
最好的结果是第2轮，mIoU=0.641337

2021-01-21 07:29:05
正在进行第87轮训练...
2021-01-21 07:37:24
第87轮训练完成，耗时08分19秒，
训练集上的loss=0.026602；
验证集上的loss=0.3672，mIoU=0.697752
最好的结果是第2轮，mIoU=0.641337

2021-01-21 07:37:24
正在进行第88轮训练...
2021-01-21 07:45:44
第88轮训练完成，耗时08分19秒，
训练集上的loss=0.026705；
验证集上的loss=0.3637，mIoU=0.683918
最好的结果是第2轮，mIoU=0.641337

2021-01-21 07:45:44
正在进行第89轮训练...
2021-01-21 07:54:05
第89轮训练完成，耗时08分20秒，
训练集上的loss=0.039311；
验证集上的loss=0.3466，mIoU=0.696827
最好的结果是第2轮，mIoU=0.641337

2021-01-21 07:54:05
正在进行第90轮训练...
