/home/cm/landUseProj/code/model/PSPNet.py:15: UserWarning: nn.init.kaiming_normal is now deprecated in favor of nn.init.kaiming_normal_.
  nn.init.kaiming_normal(module.weight)

2021-01-24 16:21:29
正在进行第0轮训练...
/home/cm/.conda/envs/conda_cm/lib/python3.7/site-packages/torch/nn/functional.py:2952: UserWarning: nn.functional.upsample is deprecated. Use nn.functional.interpolate instead.
  warnings.warn("nn.functional.upsample is deprecated. Use nn.functional.interpolate instead.")
/home/cm/.conda/envs/conda_cm/lib/python3.7/site-packages/torch/nn/functional.py:3063: UserWarning: Default upsampling behavior when mode=bilinear is changed to align_corners=False since 0.4.0. Please specify align_corners=True if the old behavior is desired. See the documentation of nn.Upsample for details.
  "See the documentation of nn.Upsample for details.".format(mode))
2021-01-24 17:02:05
第0轮训练完成，耗时40分35秒，
训练集上的loss=0.627753；
验证集上的loss=0.5156，mIoU=0.177912
最好的结果是第0轮，mIoU=0.177912

2021-01-24 17:02:05
正在进行第1轮训练...
 2021-01-24 17:43:37
第1轮训练完成，耗时41分31秒，
训练集上的loss=0.495900；
验证集上的loss=0.5118，mIoU=0.186193
最好的结果是第1轮，mIoU=0.186193

2021-01-24 17:43:37
正在进行第2轮训练...
2021-01-24 18:25:06
第2轮训练完成，耗时41分29秒，
训练集上的loss=0.452845；
验证集上的loss=0.4269，mIoU=0.253130
最好的结果是第2轮，mIoU=0.253130

2021-01-24 18:25:06
正在进行第3轮训练...
2021-01-24 19:06:36
第3轮训练完成，耗时41分30秒，
训练集上的loss=0.432534；
验证集上的loss=0.4159，mIoU=0.273955
最好的结果是第3轮，mIoU=0.273955

2021-01-24 19:06:36
正在进行第4轮训练...
2021-01-24 19:48:06
第4轮训练完成，耗时41分29秒，
训练集上的loss=0.408732；
验证集上的loss=0.4108，mIoU=0.283681
最好的结果是第4轮，mIoU=0.283681

2021-01-24 19:48:06
正在进行第5轮训练...
2021-01-24 20:29:34
第5轮训练完成，耗时41分28秒，
训练集上的loss=0.392738；
验证集上的loss=0.3842，mIoU=0.329341
最好的结果是第5轮，mIoU=0.329341

2021-01-24 20:29:34
正在进行第6轮训练...
2021-01-24 21:11:01
第6轮训练完成，耗时41分26秒，
训练集上的loss=0.379830；
验证集上的loss=0.3909，mIoU=0.330164
最好的结果是第5轮，mIoU=0.329341

2021-01-24 21:11:01
正在进行第7轮训练...
2021-01-24 21:52:26
第7轮训练完成，耗时41分25秒，
训练集上的loss=0.368416；
验证集上的loss=0.3727，mIoU=0.338006
最好的结果是第7轮，mIoU=0.338006

2021-01-24 21:52:26
正在进行第8轮训练...
2021-01-24 22:33:37
第8轮训练完成，耗时41分10秒，
训练集上的loss=0.393538；
验证集上的loss=0.4017，mIoU=0.325727
最好的结果是第7轮，mIoU=0.338006

2021-01-24 22:33:37
正在进行第9轮训练...
