
2021-01-24 14:12:40
正在进行第0轮训练...
2021-01-24 14:18:01
第0轮训练完成，耗时05分20秒，
训练集上的loss=0.162145；
验证集上的loss=0.3432，mIoU=0.471042
最好的结果是第0轮，mIoU=0.471042

2021-01-24 14:18:01
正在进行第1轮训练...
2021-01-24 14:23:23
第1轮训练完成，耗时05分22秒，
训练集上的loss=0.161803；
验证集上的loss=0.3501，mIoU=0.450549
最好的结果是第0轮，mIoU=0.471042

2021-01-24 14:23:23
正在进行第2轮训练...
2021-01-24 14:28:46
第2轮训练完成，耗时05分22秒，
训练集上的loss=0.158526；
验证集上的loss=0.3489，mIoU=0.470532
最好的结果是第0轮，mIoU=0.471042

2021-01-24 14:28:46
正在进行第3轮训练...
2021-01-24 14:34:09
第3轮训练完成，耗时05分23秒，
训练集上的loss=0.158078；
验证集上的loss=0.3449，mIoU=0.459752
最好的结果是第0轮，mIoU=0.471042

2021-01-24 14:34:09
正在进行第4轮训练...
2021-01-24 14:39:31
第4轮训练完成，耗时05分22秒，
训练集上的loss=0.159416；
验证集上的loss=0.3568，mIoU=0.457535
最好的结果是第0轮，mIoU=0.471042

2021-01-24 14:39:31
正在进行第5轮训练...
2021-01-24 14:44:53
第5轮训练完成，耗时05分21秒，
训练集上的loss=0.156794；
验证集上的loss=0.3522，mIoU=0.464859
最好的结果是第0轮，mIoU=0.471042

2021-01-24 14:44:53
正在进行第6轮训练...
2021-01-24 14:50:16
第6轮训练完成，耗时05分22秒，
训练集上的loss=0.163469；
验证集上的loss=0.3520，mIoU=0.433876
最好的结果是第0轮，mIoU=0.471042

2021-01-24 14:50:16
正在进行第7轮训练...
2021-01-24 14:55:38
第7轮训练完成，耗时05分22秒，
训练集上的loss=0.161960；
验证集上的loss=0.3465，mIoU=0.471697
最好的结果是第0轮，mIoU=0.471042

2021-01-24 14:55:38
正在进行第8轮训练...
2021-01-24 15:01:00
第8轮训练完成，耗时05分22秒，
训练集上的loss=0.152708；
验证集上的loss=0.3500，mIoU=0.467055
最好的结果是第0轮，mIoU=0.471042

2021-01-24 15:01:00
正在进行第9轮训练...
2021-01-24 15:06:22
第9轮训练完成，耗时05分22秒，
训练集上的loss=0.153279；
验证集上的loss=0.3590，mIoU=0.467468
最好的结果是第0轮，mIoU=0.471042

2021-01-24 15:06:22
正在进行第10轮训练...
2021-01-24 15:11:44
第10轮训练完成，耗时05分21秒，
训练集上的loss=0.151652；
验证集上的loss=0.3478，mIoU=0.469092
最好的结果是第0轮，mIoU=0.471042

2021-01-24 15:11:44
正在进行第11轮训练...
2021-01-24 15:17:12
第11轮训练完成，耗时05分28秒，
训练集上的loss=0.152159；
验证集上的loss=0.3487，mIoU=0.470459
最好的结果是第0轮，mIoU=0.471042

2021-01-24 15:17:12
正在进行第12轮训练...
2021-01-24 15:22:45
第12轮训练完成，耗时05分32秒，
训练集上的loss=0.151157；
验证集上的loss=0.3550，mIoU=0.462939
最好的结果是第0轮，mIoU=0.471042

2021-01-24 15:22:45
正在进行第13轮训练...
2021-01-24 15:28:10
第13轮训练完成，耗时05分25秒，
训练集上的loss=0.150414；
验证集上的loss=0.3562，mIoU=0.464881
最好的结果是第0轮，mIoU=0.471042

2021-01-24 15:28:10
正在进行第14轮训练...
2021-01-24 15:33:37
第14轮训练完成，耗时05分26秒，
训练集上的loss=0.150779；
验证集上的loss=0.3497，mIoU=0.466901
最好的结果是第0轮，mIoU=0.471042

2021-01-24 15:33:37
正在进行第15轮训练...
2021-01-24 15:39:01
第15轮训练完成，耗时05分24秒，
训练集上的loss=0.148894；
验证集上的loss=0.3528，mIoU=0.463662
最好的结果是第0轮，mIoU=0.471042

2021-01-24 15:39:01
正在进行第16轮训练...
2021-01-24 15:44:24
第16轮训练完成，耗时05分22秒，
训练集上的loss=0.148835；
验证集上的loss=0.3599，mIoU=0.435365
最好的结果是第0轮，mIoU=0.471042

2021-01-24 15:44:24
正在进行第17轮训练...
2021-01-24 15:49:47
第17轮训练完成，耗时05分22秒，
训练集上的loss=0.148686；
验证集上的loss=0.3512，mIoU=0.467671
最好的结果是第0轮，mIoU=0.471042

2021-01-24 15:49:47
正在进行第18轮训练...
2021-01-24 15:55:09
第18轮训练完成，耗时05分22秒，
训练集上的loss=0.145992；
验证集上的loss=0.3527，mIoU=0.472405
最好的结果是第0轮，mIoU=0.471042

2021-01-24 15:55:09
正在进行第19轮训练...
2021-01-24 16:00:38
第19轮训练完成，耗时05分29秒，
训练集上的loss=0.146258；
验证集上的loss=0.3455，mIoU=0.467370
最好的结果是第0轮，mIoU=0.471042

2021-01-24 16:00:38
正在进行第20轮训练...
2021-01-24 16:06:02
第20轮训练完成，耗时05分23秒，
训练集上的loss=0.146197；
验证集上的loss=0.3538，mIoU=0.476377
最好的结果是第0轮，mIoU=0.471042

2021-01-24 16:06:02
正在进行第21轮训练...
2021-01-24 16:11:24
第21轮训练完成，耗时05分22秒，
训练集上的loss=0.144995；
验证集上的loss=0.3467，mIoU=0.472926
最好的结果是第0轮，mIoU=0.471042

2021-01-24 16:11:24
正在进行第22轮训练...
2021-01-24 16:16:46
第22轮训练完成，耗时05分21秒，
训练集上的loss=0.142834；
验证集上的loss=0.3559，mIoU=0.474123
最好的结果是第0轮，mIoU=0.471042

2021-01-24 16:16:46
正在进行第23轮训练...
2021-01-24 16:22:08
第23轮训练完成，耗时05分22秒，
训练集上的loss=0.143589；
验证集上的loss=0.3514，mIoU=0.468896
最好的结果是第0轮，mIoU=0.471042

2021-01-24 16:22:08
正在进行第24轮训练...
2021-01-24 16:27:45
第24轮训练完成，耗时05分36秒，
训练集上的loss=0.143764；
验证集上的loss=0.3527，mIoU=0.475701
最好的结果是第0轮，mIoU=0.471042

2021-01-24 16:27:45
正在进行第25轮训练...
2021-01-24 16:33:21
第25轮训练完成，耗时05分36秒，
训练集上的loss=0.142167；
验证集上的loss=0.3528，mIoU=0.467961
最好的结果是第0轮，mIoU=0.471042

2021-01-24 16:33:21
正在进行第26轮训练...
2021-01-24 16:38:58
第26轮训练完成，耗时05分36秒，
训练集上的loss=0.142942；
验证集上的loss=0.3512，mIoU=0.479769
最好的结果是第0轮，mIoU=0.471042

2021-01-24 16:38:58
正在进行第27轮训练...
2021-01-24 16:44:35
第27轮训练完成，耗时05分36秒，
训练集上的loss=0.140968；
验证集上的loss=0.3483，mIoU=0.475733
最好的结果是第0轮，mIoU=0.471042

2021-01-24 16:44:35
正在进行第28轮训练...
2021-01-24 16:50:10
第28轮训练完成，耗时05分35秒，
训练集上的loss=0.140250；
验证集上的loss=0.3562，mIoU=0.477532
最好的结果是第0轮，mIoU=0.471042

2021-01-24 16:50:10
正在进行第29轮训练...
2021-01-24 16:55:47
第29轮训练完成，耗时05分36秒，
训练集上的loss=0.140026；
验证集上的loss=0.3551，mIoU=0.472785
最好的结果是第0轮，mIoU=0.471042

2021-01-24 16:55:47
正在进行第30轮训练...
2021-01-24 17:01:24
第30轮训练完成，耗时05分36秒，
训练集上的loss=0.139482；
验证集上的loss=0.3601，mIoU=0.466810
最好的结果是第0轮，mIoU=0.471042

2021-01-24 17:01:24
正在进行第31轮训练...
2021-01-24 17:07:00
第31轮训练完成，耗时05分36秒，
训练集上的loss=0.138742；
验证集上的loss=0.3552，mIoU=0.447094
最好的结果是第0轮，mIoU=0.471042

2021-01-24 17:07:00
正在进行第32轮训练...
2021-01-24 17:12:35
第32轮训练完成，耗时05分35秒，
训练集上的loss=0.138013；
验证集上的loss=0.3566，mIoU=0.475407
最好的结果是第0轮，mIoU=0.471042

2021-01-24 17:12:35
正在进行第33轮训练...
2021-01-24 17:18:09
第33轮训练完成，耗时05分34秒，
训练集上的loss=0.137700；
验证集上的loss=0.3561，mIoU=0.474900
最好的结果是第0轮，mIoU=0.471042

2021-01-24 17:18:09
正在进行第34轮训练...
2021-01-24 17:23:45
第34轮训练完成，耗时05分36秒，
训练集上的loss=0.136467；
验证集上的loss=0.3522，mIoU=0.478514
最好的结果是第0轮，mIoU=0.471042

2021-01-24 17:23:45
正在进行第35轮训练...
2021-01-24 17:29:23
第35轮训练完成，耗时05分37秒，
训练集上的loss=0.136888；
验证集上的loss=0.3542，mIoU=0.474618
最好的结果是第0轮，mIoU=0.471042

2021-01-24 17:29:23
正在进行第36轮训练...
2021-01-24 17:35:00
第36轮训练完成，耗时05分36秒，
训练集上的loss=0.135857；
验证集上的loss=0.3581，mIoU=0.455611
最好的结果是第0轮，mIoU=0.471042

2021-01-24 17:35:00
正在进行第37轮训练...
2021-01-24 17:40:36
第37轮训练完成，耗时05分36秒，
训练集上的loss=0.134549；
验证集上的loss=0.3571，mIoU=0.475436
最好的结果是第0轮，mIoU=0.471042

2021-01-24 17:40:36
正在进行第38轮训练...
2021-01-24 17:46:15
第38轮训练完成，耗时05分38秒，
训练集上的loss=0.135401；
验证集上的loss=0.3628，mIoU=0.471274
最好的结果是第0轮，mIoU=0.471042

2021-01-24 17:46:15
正在进行第39轮训练...
2021-01-24 17:51:53
第39轮训练完成，耗时05分38秒，
训练集上的loss=0.134524；
验证集上的loss=0.3572，mIoU=0.481283
最好的结果是第0轮，mIoU=0.471042

2021-01-24 17:51:53
正在进行第40轮训练...
2021-01-24 17:57:29
第40轮训练完成，耗时05分35秒，
训练集上的loss=0.134110；
验证集上的loss=0.3501，mIoU=0.482308
最好的结果是第0轮，mIoU=0.471042

2021-01-24 17:57:29
正在进行第41轮训练...
2021-01-24 18:03:05
第41轮训练完成，耗时05分36秒，
训练集上的loss=0.133596；
验证集上的loss=0.3558，mIoU=0.482157
最好的结果是第0轮，mIoU=0.471042

2021-01-24 18:03:05
正在进行第42轮训练...
2021-01-24 18:08:40
第42轮训练完成，耗时05分35秒，
训练集上的loss=0.132408；
验证集上的loss=0.3541，mIoU=0.482777
最好的结果是第0轮，mIoU=0.471042

2021-01-24 18:08:40
正在进行第43轮训练...
2021-01-24 18:14:16
第43轮训练完成，耗时05分36秒，
训练集上的loss=0.131254；
验证集上的loss=0.3527，mIoU=0.479084
最好的结果是第0轮，mIoU=0.471042

2021-01-24 18:14:16
正在进行第44轮训练...
2021-01-24 18:19:52
第44轮训练完成，耗时05分35秒，
训练集上的loss=0.131524；
验证集上的loss=0.3612，mIoU=0.470733
最好的结果是第0轮，mIoU=0.471042

2021-01-24 18:19:52
正在进行第45轮训练...
2021-01-24 18:25:29
第45轮训练完成，耗时05分36秒，
训练集上的loss=0.131859；
验证集上的loss=0.3540，mIoU=0.482719
最好的结果是第0轮，mIoU=0.471042

2021-01-24 18:25:29
正在进行第46轮训练...
2021-01-24 18:31:04
第46轮训练完成，耗时05分35秒，
训练集上的loss=0.130175；
验证集上的loss=0.3509，mIoU=0.483096
最好的结果是第0轮，mIoU=0.471042

2021-01-24 18:31:04
正在进行第47轮训练...
2021-01-24 18:36:41
第47轮训练完成，耗时05分36秒，
训练集上的loss=0.129539；
验证集上的loss=0.3642，mIoU=0.482989
最好的结果是第0轮，mIoU=0.471042

2021-01-24 18:36:41
正在进行第48轮训练...
2021-01-24 18:42:17
第48轮训练完成，耗时05分35秒，
训练集上的loss=0.129164；
验证集上的loss=0.3639，mIoU=0.470169
最好的结果是第0轮，mIoU=0.471042

2021-01-24 18:42:17
正在进行第49轮训练...
2021-01-24 18:47:56
第49轮训练完成，耗时05分38秒，
训练集上的loss=0.130156；
验证集上的loss=0.3472，mIoU=0.481107
最好的结果是第0轮，mIoU=0.471042

2021-01-24 18:47:56
正在进行第50轮训练...
2021-01-24 18:53:32
第50轮训练完成，耗时05分36秒，
训练集上的loss=0.127927；
验证集上的loss=0.3641，mIoU=0.481003
最好的结果是第0轮，mIoU=0.471042

2021-01-24 18:53:32
正在进行第51轮训练...
2021-01-24 18:59:07
第51轮训练完成，耗时05分35秒，
训练集上的loss=0.127785；
验证集上的loss=0.3592，mIoU=0.479697
最好的结果是第0轮，mIoU=0.471042

2021-01-24 18:59:07
正在进行第52轮训练...
2021-01-24 19:04:42
第52轮训练完成，耗时05分34秒，
训练集上的loss=0.127735；
验证集上的loss=0.3585，mIoU=0.478111
最好的结果是第0轮，mIoU=0.471042

2021-01-24 19:04:42
正在进行第53轮训练...
2021-01-24 19:10:19
第53轮训练完成，耗时05分37秒，
训练集上的loss=0.126970；
验证集上的loss=0.3573，mIoU=0.488244
最好的结果是第0轮，mIoU=0.471042

2021-01-24 19:10:19
正在进行第54轮训练...
2021-01-24 19:15:54
第54轮训练完成，耗时05分34秒，
训练集上的loss=0.128935；
验证集上的loss=0.3589，mIoU=0.483482
最好的结果是第0轮，mIoU=0.471042

2021-01-24 19:15:54
正在进行第55轮训练...
2021-01-24 19:21:30
第55轮训练完成，耗时05分35秒，
训练集上的loss=0.124881；
验证集上的loss=0.3543，mIoU=0.483684
最好的结果是第0轮，mIoU=0.471042

2021-01-24 19:21:30
正在进行第56轮训练...
2021-01-24 19:27:07
第56轮训练完成，耗时05分37秒，
训练集上的loss=0.125135；
验证集上的loss=0.3659，mIoU=0.473264
最好的结果是第0轮，mIoU=0.471042

2021-01-24 19:27:07
正在进行第57轮训练...
2021-01-24 19:32:42
第57轮训练完成，耗时05分35秒，
训练集上的loss=0.126052；
验证集上的loss=0.3545，mIoU=0.477665
最好的结果是第0轮，mIoU=0.471042

2021-01-24 19:32:42
正在进行第58轮训练...
2021-01-24 19:38:19
第58轮训练完成，耗时05分36秒，
训练集上的loss=0.125117；
验证集上的loss=0.3570，mIoU=0.480574
最好的结果是第0轮，mIoU=0.471042

2021-01-24 19:38:19
正在进行第59轮训练...
2021-01-24 19:43:54
第59轮训练完成，耗时05分35秒，
训练集上的loss=0.124478；
验证集上的loss=0.3530，mIoU=0.488631
最好的结果是第0轮，mIoU=0.471042

2021-01-24 19:43:54
正在进行第60轮训练...
2021-01-24 19:49:31
第60轮训练完成，耗时05分36秒，
训练集上的loss=0.123575；
验证集上的loss=0.3612，mIoU=0.487712
最好的结果是第0轮，mIoU=0.471042

2021-01-24 19:49:31
正在进行第61轮训练...
2021-01-24 19:55:07
第61轮训练完成，耗时05分36秒，
训练集上的loss=0.123572；
验证集上的loss=0.3611，mIoU=0.481582
最好的结果是第0轮，mIoU=0.471042

2021-01-24 19:55:07
正在进行第62轮训练...
2021-01-24 20:00:44
第62轮训练完成，耗时05分37秒，
训练集上的loss=0.123735；
验证集上的loss=0.3552，mIoU=0.482799
最好的结果是第0轮，mIoU=0.471042

2021-01-24 20:00:44
正在进行第63轮训练...
2021-01-24 20:06:19
第63轮训练完成，耗时05分34秒，
训练集上的loss=0.122959；
验证集上的loss=0.3583，mIoU=0.485882
最好的结果是第0轮，mIoU=0.471042

2021-01-24 20:06:19
正在进行第64轮训练...
2021-01-24 20:11:54
第64轮训练完成，耗时05分34秒，
训练集上的loss=0.122201；
验证集上的loss=0.3658，mIoU=0.484142
最好的结果是第0轮，mIoU=0.471042

2021-01-24 20:11:54
正在进行第65轮训练...
2021-01-24 20:17:30
第65轮训练完成，耗时05分36秒，
训练集上的loss=0.121302；
验证集上的loss=0.3571，mIoU=0.488609
最好的结果是第0轮，mIoU=0.471042

2021-01-24 20:17:30
正在进行第66轮训练...
2021-01-24 20:23:08
第66轮训练完成，耗时05分37秒，
训练集上的loss=0.120925；
验证集上的loss=0.3541，mIoU=0.488169
最好的结果是第0轮，mIoU=0.471042

2021-01-24 20:23:08
正在进行第67轮训练...
2021-01-24 20:28:43
第67轮训练完成，耗时05分35秒，
训练集上的loss=0.121837；
验证集上的loss=0.3618，mIoU=0.483802
最好的结果是第0轮，mIoU=0.471042

2021-01-24 20:28:43
正在进行第68轮训练...
2021-01-24 20:34:19
第68轮训练完成，耗时05分36秒，
训练集上的loss=0.120454；
验证集上的loss=0.3546，mIoU=0.488353
最好的结果是第0轮，mIoU=0.471042

2021-01-24 20:34:19
正在进行第69轮训练...
2021-01-24 20:39:56
第69轮训练完成，耗时05分37秒，
训练集上的loss=0.119464；
验证集上的loss=0.3529，mIoU=0.493770
最好的结果是第0轮，mIoU=0.471042

2021-01-24 20:39:56
正在进行第70轮训练...
2021-01-24 20:45:34
第70轮训练完成，耗时05分37秒，
训练集上的loss=0.120866；
验证集上的loss=0.3643，mIoU=0.490043
最好的结果是第0轮，mIoU=0.471042

2021-01-24 20:45:34
正在进行第71轮训练...
2021-01-24 20:51:09
第71轮训练完成，耗时05分34秒，
训练集上的loss=0.120182；
验证集上的loss=0.3626，mIoU=0.486588
最好的结果是第0轮，mIoU=0.471042

2021-01-24 20:51:09
正在进行第72轮训练...
2021-01-24 20:56:46
第72轮训练完成，耗时05分37秒，
训练集上的loss=0.119057；
验证集上的loss=0.3642，mIoU=0.486909
最好的结果是第0轮，mIoU=0.471042

2021-01-24 20:56:46
正在进行第73轮训练...
2021-01-24 21:02:21
第73轮训练完成，耗时05分35秒，
训练集上的loss=0.118469；
验证集上的loss=0.3604，mIoU=0.494083
最好的结果是第0轮，mIoU=0.471042

2021-01-24 21:02:21
正在进行第74轮训练...
2021-01-24 21:07:57
第74轮训练完成，耗时05分35秒，
训练集上的loss=0.123129；
验证集上的loss=0.3601，mIoU=0.492164
最好的结果是第0轮，mIoU=0.471042

2021-01-24 21:07:57
正在进行第75轮训练...
2021-01-24 21:13:33
第75轮训练完成，耗时05分35秒，
训练集上的loss=0.116878；
验证集上的loss=0.3642，mIoU=0.487258
最好的结果是第0轮，mIoU=0.471042

2021-01-24 21:13:33
正在进行第76轮训练...
2021-01-24 21:19:10
第76轮训练完成，耗时05分37秒，
训练集上的loss=0.116733；
验证集上的loss=0.3558，mIoU=0.492791
最好的结果是第0轮，mIoU=0.471042

2021-01-24 21:19:10
正在进行第77轮训练...
2021-01-24 21:24:46
第77轮训练完成，耗时05分35秒，
训练集上的loss=0.118613；
验证集上的loss=0.3618，mIoU=0.496731
最好的结果是第0轮，mIoU=0.471042

2021-01-24 21:24:46
正在进行第78轮训练...
2021-01-24 21:30:22
第78轮训练完成，耗时05分36秒，
训练集上的loss=0.116104；
验证集上的loss=0.3571，mIoU=0.491560
最好的结果是第0轮，mIoU=0.471042

2021-01-24 21:30:22
正在进行第79轮训练...
2021-01-24 21:35:59
第79轮训练完成，耗时05分36秒，
训练集上的loss=0.115848；
验证集上的loss=0.3663，mIoU=0.488479
最好的结果是第0轮，mIoU=0.471042

2021-01-24 21:35:59
正在进行第80轮训练...
2021-01-24 21:41:35
第80轮训练完成，耗时05分35秒，
训练集上的loss=0.115610；
验证集上的loss=0.3629，mIoU=0.484681
最好的结果是第0轮，mIoU=0.471042

2021-01-24 21:41:35
正在进行第81轮训练...
2021-01-24 21:47:11
第81轮训练完成，耗时05分36秒，
训练集上的loss=0.115387；
验证集上的loss=0.3644，mIoU=0.485637
最好的结果是第0轮，mIoU=0.471042

2021-01-24 21:47:11
正在进行第82轮训练...
2021-01-24 21:52:46
第82轮训练完成，耗时05分35秒，
训练集上的loss=0.114737；
验证集上的loss=0.3669，mIoU=0.491184
最好的结果是第0轮，mIoU=0.471042

2021-01-24 21:52:46
正在进行第83轮训练...
2021-01-24 21:58:21
第83轮训练完成，耗时05分34秒，
训练集上的loss=0.115136；
验证集上的loss=0.3616，mIoU=0.489852
最好的结果是第0轮，mIoU=0.471042

2021-01-24 21:58:21
正在进行第84轮训练...
2021-01-24 22:03:55
第84轮训练完成，耗时05分34秒，
训练集上的loss=0.114326；
验证集上的loss=0.3700，mIoU=0.490359
最好的结果是第0轮，mIoU=0.471042

2021-01-24 22:03:55
正在进行第85轮训练...
2021-01-24 22:09:28
第85轮训练完成，耗时05分33秒，
训练集上的loss=0.113949；
验证集上的loss=0.3683，mIoU=0.489848
最好的结果是第0轮，mIoU=0.471042

2021-01-24 22:09:28
正在进行第86轮训练...
2021-01-24 22:15:03
第86轮训练完成，耗时05分34秒，
训练集上的loss=0.114395；
验证集上的loss=0.3646，mIoU=0.490769
最好的结果是第0轮，mIoU=0.471042

2021-01-24 22:15:03
正在进行第87轮训练...
2021-01-24 22:20:37
第87轮训练完成，耗时05分34秒，
训练集上的loss=0.113122；
验证集上的loss=0.3668，mIoU=0.492795
最好的结果是第0轮，mIoU=0.471042

2021-01-24 22:20:37
正在进行第88轮训练...
2021-01-24 22:26:11
第88轮训练完成，耗时05分33秒，
训练集上的loss=0.113218；
验证集上的loss=0.3650，mIoU=0.487671
最好的结果是第0轮，mIoU=0.471042

2021-01-24 22:26:11
正在进行第89轮训练...
2021-01-24 22:31:45
第89轮训练完成，耗时05分34秒，
训练集上的loss=0.114090；
验证集上的loss=0.3737，mIoU=0.485109
最好的结果是第0轮，mIoU=0.471042

2021-01-24 22:31:45
正在进行第90轮训练...
2021-01-24 22:37:19
第90轮训练完成，耗时05分33秒，
训练集上的loss=0.112276；
验证集上的loss=0.3597，mIoU=0.499312
最好的结果是第0轮，mIoU=0.471042

2021-01-24 22:37:19
正在进行第91轮训练...
2021-01-24 22:42:53
第91轮训练完成，耗时05分34秒，
训练集上的loss=0.111706；
验证集上的loss=0.3658，mIoU=0.499038
最好的结果是第0轮，mIoU=0.471042

2021-01-24 22:42:53
正在进行第92轮训练...
2021-01-24 22:48:29
第92轮训练完成，耗时05分35秒，
训练集上的loss=0.111133；
验证集上的loss=0.3665，mIoU=0.494815
最好的结果是第0轮，mIoU=0.471042

2021-01-24 22:48:29
正在进行第93轮训练...
2021-01-24 22:54:05
第93轮训练完成，耗时05分36秒，
训练集上的loss=0.111137；
验证集上的loss=0.3637，mIoU=0.497461
最好的结果是第0轮，mIoU=0.471042

2021-01-24 22:54:05
正在进行第94轮训练...
2021-01-24 22:59:39
第94轮训练完成，耗时05分33秒，
训练集上的loss=0.110282；
验证集上的loss=0.3743，mIoU=0.491732
最好的结果是第0轮，mIoU=0.471042

2021-01-24 22:59:39
正在进行第95轮训练...
2021-01-24 23:05:14
第95轮训练完成，耗时05分35秒，
训练集上的loss=0.110564；
验证集上的loss=0.3698，mIoU=0.493554
最好的结果是第0轮，mIoU=0.471042

2021-01-24 23:05:14
正在进行第96轮训练...
2021-01-24 23:10:50
第96轮训练完成，耗时05分35秒，
训练集上的loss=0.111281；
验证集上的loss=0.3727，mIoU=0.491218
最好的结果是第0轮，mIoU=0.471042

2021-01-24 23:10:50
正在进行第97轮训练...
