
2021-01-20 14:07:25
正在进行第0轮训练...
2021-01-20 14:15:43
第0轮训练完成，耗时08分18秒，
训练集上的loss=0.104329；
验证集上的loss=0.2424，mIoU=0.607963
最好的结果是第0轮，mIoU=0.607963

2021-01-20 14:15:43
正在进行第1轮训练...
2021-01-20 14:24:05
第1轮训练完成，耗时08分21秒，
训练集上的loss=0.106341；
验证集上的loss=0.2347，mIoU=0.619330
最好的结果是第1轮，mIoU=0.619330

2021-01-20 14:24:05
正在进行第2轮训练...
2021-01-20 14:32:28
第2轮训练完成，耗时08分22秒，
训练集上的loss=0.096938；
验证集上的loss=0.2444，mIoU=0.599449
最好的结果是第1轮，mIoU=0.619330

2021-01-20 14:32:28
正在进行第3轮训练...
2021-01-20 14:40:50
第3轮训练完成，耗时08分21秒，
训练集上的loss=0.093537；
验证集上的loss=0.2383，mIoU=0.625871
最好的结果是第1轮，mIoU=0.619330

2021-01-20 14:40:50
正在进行第4轮训练...
2021-01-20 14:49:11
第4轮训练完成，耗时08分21秒，
训练集上的loss=0.113926；
验证集上的loss=0.2391，mIoU=0.623575
最好的结果是第1轮，mIoU=0.619330

2021-01-20 14:49:11
正在进行第5轮训练...
^CTraceback (most recent call last):
  File "/home/cm/landUseProj/code/main.py", line 19, in <module>
    train_main(cfg=cfg)
  File "/home/cm/landUseProj/code/tools/train.py", line 90, in train_main
    train_loss = train_epoch(model, optimizer, loss_func, train_dataloader, device)
  File "/home/cm/landUseProj/code/tools/train.py", line 31, in train_epoch
    loss_list.append(loss.cpu().item())
KeyboardInterrupt
