ssh://cm@162.105.17.203:22/home/cm/.conda/envs/conda_cm/bin/python3.7 -u /home/cm/landUseProj/code/main.py Unet_config.py train
Console output is saving to: F:\course\遥感分类比赛\landUseProj\code\log\Unet_log.log

2021-01-19 21:35:59
正在进行第0轮训练...
2021-01-19 21:46:41
第0轮训练完成，耗时10分41秒，
训练集上的loss=0.575000；
验证集上的loss=0.5568，mIoU=0.183381
最好的结果是第0轮，mIoU=0.183381

2021-01-19 21:46:41
正在进行第1轮训练...
2021-01-19 21:57:49
第1轮训练完成，耗时11分07秒，
训练集上的loss=0.494585；
验证集上的loss=0.4701，mIoU=0.203541
最好的结果是第1轮，mIoU=0.203541

2021-01-19 21:57:49
正在进行第2轮训练...
2021-01-19 22:09:06
第2轮训练完成，耗时11分16秒，
训练集上的loss=0.463050；
验证集上的loss=0.4408，mIoU=0.236008
最好的结果是第2轮，mIoU=0.236008

2021-01-19 22:09:06
正在进行第3轮训练...
2021-01-19 22:20:26
第3轮训练完成，耗时11分19秒，
训练集上的loss=0.424459；
验证集上的loss=0.4107，mIoU=0.244814
最好的结果是第3轮，mIoU=0.244814

2021-01-19 22:20:26
正在进行第4轮训练...
2021-01-19 22:31:38
第4轮训练完成，耗时11分12秒，
训练集上的loss=0.410500；
验证集上的loss=0.4130，mIoU=0.270528
最好的结果是第3轮，mIoU=0.244814

2021-01-19 22:31:38
正在进行第5轮训练...
2021-01-19 22:42:58
第5轮训练完成，耗时11分19秒，
训练集上的loss=0.382258；
验证集上的loss=0.3869，mIoU=0.284059
最好的结果是第5轮，mIoU=0.284059

2021-01-19 22:42:58
正在进行第6轮训练...
2021-01-19 22:54:01
第6轮训练完成，耗时11分03秒，
训练集上的loss=0.365817；
验证集上的loss=0.3725，mIoU=0.295978
最好的结果是第6轮，mIoU=0.295978

2021-01-19 22:54:01
正在进行第7轮训练...
2021-01-19 23:04:50
第7轮训练完成，耗时10分48秒，
训练集上的loss=0.354842；
验证集上的loss=0.3635，mIoU=0.306253
最好的结果是第7轮，mIoU=0.306253

2021-01-19 23:04:50
正在进行第8轮训练...
2021-01-19 23:15:40
第8轮训练完成，耗时10分50秒，
训练集上的loss=0.341999；
验证集上的loss=0.3473，mIoU=0.336517
最好的结果是第8轮，mIoU=0.336517

2021-01-19 23:15:40
正在进行第9轮训练...
2021-01-19 23:26:22
第9轮训练完成，耗时10分42秒，
训练集上的loss=0.331739；
验证集上的loss=0.3303，mIoU=0.361759
最好的结果是第9轮，mIoU=0.361759

2021-01-19 23:26:22
正在进行第10轮训练...
2021-01-19 23:37:22
第10轮训练完成，耗时11分00秒，
训练集上的loss=0.319024；
验证集上的loss=0.3252，mIoU=0.354454
最好的结果是第10轮，mIoU=0.354454

2021-01-19 23:37:22
正在进行第11轮训练...
2021-01-19 23:48:21
第11轮训练完成，耗时10分58秒，
训练集上的loss=0.308624；
验证集上的loss=0.3224，mIoU=0.347695
最好的结果是第11轮，mIoU=0.347695

2021-01-19 23:48:21
正在进行第12轮训练...
2021-01-19 23:59:26
第12轮训练完成，耗时11分05秒，
训练集上的loss=0.293684；
验证集上的loss=0.3083，mIoU=0.368153
最好的结果是第12轮，mIoU=0.368153

2021-01-19 23:59:26
正在进行第13轮训练...
2021-01-20 00:10:37
第13轮训练完成，耗时11分10秒，
训练集上的loss=0.280597；
验证集上的loss=0.2990，mIoU=0.396379
最好的结果是第13轮，mIoU=0.396379

2021-01-20 00:10:37
正在进行第14轮训练...
2021-01-20 00:21:44
第14轮训练完成，耗时11分06秒，
训练集上的loss=0.263086；
验证集上的loss=0.2902，mIoU=0.420702
最好的结果是第14轮，mIoU=0.420702

2021-01-20 00:21:44
正在进行第15轮训练...
2021-01-20 00:32:57
第15轮训练完成，耗时11分13秒，
训练集上的loss=0.249767；
验证集上的loss=0.2944，mIoU=0.387423
最好的结果是第14轮，mIoU=0.420702

2021-01-20 00:32:57
正在进行第16轮训练...
2021-01-20 00:44:04
第16轮训练完成，耗时11分06秒，
训练集上的loss=0.233989；
验证集上的loss=0.2700，mIoU=0.466849
最好的结果是第16轮，mIoU=0.466849

2021-01-20 00:44:04
正在进行第17轮训练...
2021-01-20 00:55:12
第17轮训练完成，耗时11分08秒，
训练集上的loss=0.217368；
验证集上的loss=0.2682，mIoU=0.464600
最好的结果是第17轮，mIoU=0.464600

2021-01-20 00:55:12
正在进行第18轮训练...
2021-01-20 01:06:23
第18轮训练完成，耗时11分11秒，
训练集上的loss=0.200047；
验证集上的loss=0.2602，mIoU=0.496141
最好的结果是第18轮，mIoU=0.496141

2021-01-20 01:06:23
正在进行第19轮训练...
2021-01-20 01:17:37
第19轮训练完成，耗时11分13秒，
训练集上的loss=0.188377；
验证集上的loss=0.2569，mIoU=0.486665
最好的结果是第19轮，mIoU=0.486665

2021-01-20 01:17:37
正在进行第20轮训练...
2021-01-20 01:28:46
第20轮训练完成，耗时11分08秒，
训练集上的loss=0.175022；
验证集上的loss=0.2480，mIoU=0.532757
最好的结果是第20轮，mIoU=0.532757

2021-01-20 01:28:46
正在进行第21轮训练...
2021-01-20 01:40:01
第21轮训练完成，耗时11分15秒，
训练集上的loss=0.165486；
验证集上的loss=0.2408，mIoU=0.551013
最好的结果是第21轮，mIoU=0.551013

2021-01-20 01:40:01
正在进行第22轮训练...
2021-01-20 01:51:13
第22轮训练完成，耗时11分11秒，
训练集上的loss=0.154336；
验证集上的loss=0.2450，mIoU=0.533253
最好的结果是第21轮，mIoU=0.551013

2021-01-20 01:51:13
正在进行第23轮训练...
2021-01-20 02:02:29
第23轮训练完成，耗时11分16秒，
训练集上的loss=0.145472；
验证集上的loss=0.2375，mIoU=0.566660
最好的结果是第23轮，mIoU=0.566660

2021-01-20 02:02:29
正在进行第24轮训练...
2021-01-20 02:12:01
第24轮训练完成，耗时09分32秒，
训练集上的loss=0.139358；
验证集上的loss=0.2367，mIoU=0.573774
最好的结果是第24轮，mIoU=0.573774

2021-01-20 02:12:01
正在进行第25轮训练...
2021-01-20 02:20:40
第25轮训练完成，耗时08分39秒，
训练集上的loss=0.129467；
验证集上的loss=0.2367，mIoU=0.584373
最好的结果是第24轮，mIoU=0.573774

2021-01-20 02:20:40
正在进行第26轮训练...
2021-01-20 02:29:16
第26轮训练完成，耗时08分35秒，
训练集上的loss=0.123534；
验证集上的loss=0.2407，mIoU=0.579189
最好的结果是第24轮，mIoU=0.573774

2021-01-20 02:29:16
正在进行第27轮训练...
2021-01-20 02:37:53
第27轮训练完成，耗时08分36秒，
训练集上的loss=0.119786；
验证集上的loss=0.2378，mIoU=0.600757
最好的结果是第24轮，mIoU=0.573774

2021-01-20 02:37:53
正在进行第28轮训练...
2021-01-20 02:46:29
第28轮训练完成，耗时08分36秒，
训练集上的loss=0.118663；
验证集上的loss=0.2366，mIoU=0.595998
最好的结果是第28轮，mIoU=0.595998

2021-01-20 02:46:29
正在进行第29轮训练...
2021-01-20 02:55:05
第29轮训练完成，耗时08分35秒，
训练集上的loss=0.108322；
验证集上的loss=0.2374，mIoU=0.610404
最好的结果是第28轮，mIoU=0.595998

2021-01-20 02:55:05
正在进行第30轮训练...
2021-01-20 03:03:40
第30轮训练完成，耗时08分35秒，
训练集上的loss=0.102295；
验证集上的loss=0.2380，mIoU=0.611178
最好的结果是第28轮，mIoU=0.595998

2021-01-20 03:03:40
正在进行第31轮训练...
2021-01-20 03:12:15
第31轮训练完成，耗时08分35秒，
训练集上的loss=0.099045；
验证集上的loss=0.2440，mIoU=0.613819
最好的结果是第28轮，mIoU=0.595998

2021-01-20 03:12:15
正在进行第32轮训练...
2021-01-20 03:20:50
第32轮训练完成，耗时08分34秒，
训练集上的loss=0.098147；
验证集上的loss=0.2375，mIoU=0.610856
最好的结果是第28轮，mIoU=0.595998

2021-01-20 03:20:50
正在进行第33轮训练...
2021-01-20 03:29:25
第33轮训练完成，耗时08分35秒，
训练集上的loss=0.093545；
验证集上的loss=0.2434，mIoU=0.622177
最好的结果是第28轮，mIoU=0.595998

2021-01-20 03:29:25
正在进行第34轮训练...
2021-01-20 03:38:01
第34轮训练完成，耗时08分35秒，
训练集上的loss=0.096217；
验证集上的loss=0.2397，mIoU=0.632534
最好的结果是第28轮，mIoU=0.595998

2021-01-20 03:38:01
正在进行第35轮训练...
2021-01-20 03:46:36
第35轮训练完成，耗时08分35秒，
训练集上的loss=0.084549；
验证集上的loss=0.2459，mIoU=0.637391
最好的结果是第28轮，mIoU=0.595998

2021-01-20 03:46:36
正在进行第36轮训练...
2021-01-20 03:55:13
第36轮训练完成，耗时08分36秒，
训练集上的loss=0.083044；
验证集上的loss=0.2453，mIoU=0.632433
最好的结果是第28轮，mIoU=0.595998

2021-01-20 03:55:13
正在进行第37轮训练...
2021-01-20 04:03:47
第37轮训练完成，耗时08分34秒，
训练集上的loss=0.081415；
验证集上的loss=0.2491，mIoU=0.630463
最好的结果是第28轮，mIoU=0.595998

2021-01-20 04:03:47
正在进行第38轮训练...
2021-01-20 04:12:23
第38轮训练完成，耗时08分35秒，
训练集上的loss=0.078972；
验证集上的loss=0.2507，mIoU=0.646398
最好的结果是第28轮，mIoU=0.595998

2021-01-20 04:12:23
正在进行第39轮训练...
2021-01-20 04:20:59
第39轮训练完成，耗时08分36秒，
训练集上的loss=0.083533；
验证集上的loss=0.2442，mIoU=0.645546
最好的结果是第28轮，mIoU=0.595998

2021-01-20 04:20:59
正在进行第40轮训练...
2021-01-20 04:29:35
第40轮训练完成，耗时08分36秒，
训练集上的loss=0.072988；
验证集上的loss=0.2520，mIoU=0.650383
最好的结果是第28轮，mIoU=0.595998

2021-01-20 04:29:35
正在进行第41轮训练...
2021-01-20 04:38:12
第41轮训练完成，耗时08分37秒，
训练集上的loss=0.071165；
验证集上的loss=0.2554，mIoU=0.644475
最好的结果是第28轮，mIoU=0.595998

2021-01-20 04:38:12
正在进行第42轮训练...
2021-01-20 04:46:49
第42轮训练完成，耗时08分36秒，
训练集上的loss=0.070636；
验证集上的loss=0.2511，mIoU=0.648664
最好的结果是第28轮，mIoU=0.595998

2021-01-20 04:46:49
正在进行第43轮训练...
2021-01-20 04:55:26
第43轮训练完成，耗时08分37秒，
训练集上的loss=0.070320；
验证集上的loss=0.2715，mIoU=0.571152
最好的结果是第28轮，mIoU=0.595998

2021-01-20 04:55:26
正在进行第44轮训练...
2021-01-20 05:04:03
第44轮训练完成，耗时08分36秒，
训练集上的loss=0.070007；
验证集上的loss=0.2636，mIoU=0.640418
最好的结果是第28轮，mIoU=0.595998

2021-01-20 05:04:03
正在进行第45轮训练...
2021-01-20 05:12:40
第45轮训练完成，耗时08分37秒，
训练集上的loss=0.064921；
验证集上的loss=0.2546，mIoU=0.654375
最好的结果是第28轮，mIoU=0.595998

2021-01-20 05:12:40
正在进行第46轮训练...
2021-01-20 05:21:17
第46轮训练完成，耗时08分37秒，
训练集上的loss=0.064120；
验证集上的loss=0.2660，mIoU=0.656369
最好的结果是第28轮，mIoU=0.595998

2021-01-20 05:21:17
正在进行第47轮训练...
2021-01-20 05:29:53
第47轮训练完成，耗时08分36秒，
训练集上的loss=0.075520；
验证集上的loss=0.2584，mIoU=0.573233
最好的结果是第28轮，mIoU=0.595998

2021-01-20 05:29:53
正在进行第48轮训练...
2021-01-20 05:38:29
第48轮训练完成，耗时08分36秒，
训练集上的loss=0.070182；
验证集上的loss=0.2580，mIoU=0.666847
最好的结果是第28轮，mIoU=0.595998

2021-01-20 05:38:29
正在进行第49轮训练...
2021-01-20 05:47:05
第49轮训练完成，耗时08分35秒，
训练集上的loss=0.056969；
验证集上的loss=0.2688，mIoU=0.659911
最好的结果是第28轮，mIoU=0.595998

2021-01-20 05:47:05
正在进行第50轮训练...
2021-01-20 05:55:42
第50轮训练完成，耗时08分37秒，
训练集上的loss=0.057434；
验证集上的loss=0.2684，mIoU=0.658167
最好的结果是第28轮，mIoU=0.595998

2021-01-20 05:55:42
正在进行第51轮训练...
2021-01-20 06:04:22
第51轮训练完成，耗时08分39秒，
训练集上的loss=0.057744；
验证集上的loss=0.2796，mIoU=0.655977
最好的结果是第28轮，mIoU=0.595998

2021-01-20 06:04:22
正在进行第52轮训练...
2021-01-20 06:12:58
第52轮训练完成，耗时08分36秒，
训练集上的loss=0.057445；
验证集上的loss=0.2635，mIoU=0.616107
最好的结果是第28轮，mIoU=0.595998

2021-01-20 06:12:58
正在进行第53轮训练...
2021-01-20 06:21:34
第53轮训练完成，耗时08分36秒，
训练集上的loss=0.059316；
验证集上的loss=0.2691，mIoU=0.668561
最好的结果是第28轮，mIoU=0.595998

2021-01-20 06:21:34
正在进行第54轮训练...
2021-01-20 06:30:10
第54轮训练完成，耗时08分35秒，
训练集上的loss=0.053745；
验证集上的loss=0.2784，mIoU=0.665293
最好的结果是第28轮，mIoU=0.595998

2021-01-20 06:30:10
正在进行第55轮训练...
2021-01-20 06:38:47
第55轮训练完成，耗时08分36秒，
训练集上的loss=0.052395；
验证集上的loss=0.2835，mIoU=0.664762
最好的结果是第28轮，mIoU=0.595998

2021-01-20 06:38:47
正在进行第56轮训练...
2021-01-20 06:47:27
第56轮训练完成，耗时08分40秒，
训练集上的loss=0.072709；
验证集上的loss=0.2635，mIoU=0.659699
最好的结果是第28轮，mIoU=0.595998

2021-01-20 06:47:27
正在进行第57轮训练...
2021-01-20 06:56:03
第57轮训练完成，耗时08分35秒，
训练集上的loss=0.052744；
验证集上的loss=0.2704，mIoU=0.671683
最好的结果是第28轮，mIoU=0.595998

2021-01-20 06:56:03
正在进行第58轮训练...
2021-01-20 07:04:41
第58轮训练完成，耗时08分37秒，
训练集上的loss=0.047716；
验证集上的loss=0.2857，mIoU=0.674225
最好的结果是第28轮，mIoU=0.595998

2021-01-20 07:04:41
正在进行第59轮训练...
2021-01-20 07:13:19
第59轮训练完成，耗时08分38秒，
训练集上的loss=0.047796；
验证集上的loss=0.2821，mIoU=0.671879
最好的结果是第28轮，mIoU=0.595998

2021-01-20 07:13:19
正在进行第60轮训练...
2021-01-20 07:21:54
第60轮训练完成，耗时08分35秒，
训练集上的loss=0.049762；
验证集上的loss=0.2922，mIoU=0.667750
最好的结果是第28轮，mIoU=0.595998

2021-01-20 07:21:54
正在进行第61轮训练...
2021-01-20 07:30:31
第61轮训练完成，耗时08分36秒，
训练集上的loss=0.049069；
验证集上的loss=0.2864，mIoU=0.667900
最好的结果是第28轮，mIoU=0.595998

2021-01-20 07:30:31
正在进行第62轮训练...
2021-01-20 07:39:09
第62轮训练完成，耗时08分38秒，
训练集上的loss=0.051563；
验证集上的loss=0.2786，mIoU=0.667698
最好的结果是第28轮，mIoU=0.595998

2021-01-20 07:39:09
正在进行第63轮训练...
2021-01-20 07:47:48
第63轮训练完成，耗时08分38秒，
训练集上的loss=0.048150；
验证集上的loss=0.2849，mIoU=0.673004
最好的结果是第28轮，mIoU=0.595998

2021-01-20 07:47:48
正在进行第64轮训练...
2021-01-20 07:56:25
第64轮训练完成，耗时08分37秒，
训练集上的loss=0.054290；
验证集上的loss=0.2600，mIoU=0.642195
最好的结果是第28轮，mIoU=0.595998

2021-01-20 07:56:25
正在进行第65轮训练...
2021-01-20 08:05:00
第65轮训练完成，耗时08分34秒，
训练集上的loss=0.049740；
验证集上的loss=0.2776，mIoU=0.677859
最好的结果是第28轮，mIoU=0.595998

2021-01-20 08:05:00
正在进行第66轮训练...
2021-01-20 08:13:35
第66轮训练完成，耗时08分35秒，
训练集上的loss=0.042883；
验证集上的loss=0.2941，mIoU=0.677370
最好的结果是第28轮，mIoU=0.595998

2021-01-20 08:13:35
正在进行第67轮训练...
2021-01-20 08:22:15
第67轮训练完成，耗时08分39秒，
训练集上的loss=0.042521；
验证集上的loss=0.3030，mIoU=0.675128
最好的结果是第28轮，mIoU=0.595998

2021-01-20 08:22:15
正在进行第68轮训练...
2021-01-20 08:30:50
第68轮训练完成，耗时08分35秒，
训练集上的loss=0.043435；
验证集上的loss=0.2952，mIoU=0.678804
最好的结果是第28轮，mIoU=0.595998

2021-01-20 08:30:50
正在进行第69轮训练...
2021-01-20 08:39:27
第69轮训练完成，耗时08分36秒，
训练集上的loss=0.043430；
验证集上的loss=0.3100，mIoU=0.662308
最好的结果是第28轮，mIoU=0.595998

2021-01-20 08:39:27
正在进行第70轮训练...
2021-01-20 08:48:01
第70轮训练完成，耗时08分34秒，
训练集上的loss=0.043414；
验证集上的loss=0.3051，mIoU=0.677752
最好的结果是第28轮，mIoU=0.595998

2021-01-20 08:48:01
正在进行第71轮训练...
2021-01-20 08:56:36
第71轮训练完成，耗时08分34秒，
训练集上的loss=0.042884；
验证集上的loss=0.3076，mIoU=0.676793
最好的结果是第28轮，mIoU=0.595998

2021-01-20 08:56:36
正在进行第72轮训练...
2021-01-20 09:05:15
第72轮训练完成，耗时08分39秒，
训练集上的loss=0.044929；
验证集上的loss=0.2931，mIoU=0.678417
最好的结果是第28轮，mIoU=0.595998

2021-01-20 09:05:15
正在进行第73轮训练...
2021-01-20 09:13:47
第73轮训练完成，耗时08分32秒，
训练集上的loss=0.052834；
验证集上的loss=0.2908，mIoU=0.672771
最好的结果是第28轮，mIoU=0.595998

2021-01-20 09:13:47
正在进行第74轮训练...
2021-01-20 09:22:19
第74轮训练完成，耗时08分31秒，
训练集上的loss=0.040409；
验证集上的loss=0.3043，mIoU=0.685757
最好的结果是第28轮，mIoU=0.595998

2021-01-20 09:22:19
正在进行第75轮训练...
2021-01-20 09:30:54
第75轮训练完成，耗时08分34秒，
训练集上的loss=0.038607；
验证集上的loss=0.3019，mIoU=0.682844
最好的结果是第28轮，mIoU=0.595998

2021-01-20 09:30:54
正在进行第76轮训练...
2021-01-20 09:39:27
第76轮训练完成，耗时08分33秒，
训练集上的loss=0.038697；
验证集上的loss=0.3083，mIoU=0.683108
最好的结果是第28轮，mIoU=0.595998

2021-01-20 09:39:27
正在进行第77轮训练...
2021-01-20 09:48:02
第77轮训练完成，耗时08分35秒，
训练集上的loss=0.038750；
验证集上的loss=0.3152，mIoU=0.683424
最好的结果是第28轮，mIoU=0.595998

2021-01-20 09:48:02
正在进行第78轮训练...
2021-01-20 09:56:35
第78轮训练完成，耗时08分32秒，
训练集上的loss=0.048468；
验证集上的loss=0.2731，mIoU=0.599285
最好的结果是第28轮，mIoU=0.595998

2021-01-20 09:56:35
正在进行第79轮训练...
2021-01-20 10:05:10
第79轮训练完成，耗时08分35秒，
训练集上的loss=0.046435；
验证集上的loss=0.3007，mIoU=0.683145
最好的结果是第28轮，mIoU=0.595998

2021-01-20 10:05:10
正在进行第80轮训练...
2021-01-20 10:13:46
第80轮训练完成，耗时08分35秒，
训练集上的loss=0.036224；
验证集上的loss=0.3232，mIoU=0.688144
最好的结果是第28轮，mIoU=0.595998

2021-01-20 10:13:46
正在进行第81轮训练...
2021-01-20 10:22:23
第81轮训练完成，耗时08分37秒，
训练集上的loss=0.035533；
验证集上的loss=0.3246，mIoU=0.684105
最好的结果是第28轮，mIoU=0.595998

2021-01-20 10:22:23
正在进行第82轮训练...
2021-01-20 10:30:59
第82轮训练完成，耗时08分36秒，
训练集上的loss=0.036219；
验证集上的loss=0.3197，mIoU=0.684829
最好的结果是第28轮，mIoU=0.595998

2021-01-20 10:30:59
正在进行第83轮训练...
2021-01-20 10:39:33
第83轮训练完成，耗时08分34秒，
训练集上的loss=0.037226；
验证集上的loss=0.3136，mIoU=0.680655
最好的结果是第28轮，mIoU=0.595998

2021-01-20 10:39:33
正在进行第84轮训练...
2021-01-20 10:48:06
第84轮训练完成，耗时08分32秒，
训练集上的loss=0.039100；
验证集上的loss=0.3126，mIoU=0.685694
最好的结果是第28轮，mIoU=0.595998

2021-01-20 10:48:06
正在进行第85轮训练...
2021-01-20 10:56:40
第85轮训练完成，耗时08分34秒，
训练集上的loss=0.036419；
验证集上的loss=0.3162，mIoU=0.687977
最好的结果是第28轮，mIoU=0.595998

2021-01-20 10:56:40
正在进行第86轮训练...
2021-01-20 11:05:12
第86轮训练完成，耗时08分32秒，
训练集上的loss=0.035323；
验证集上的loss=0.3282，mIoU=0.687824
最好的结果是第28轮，mIoU=0.595998

2021-01-20 11:05:12
正在进行第87轮训练...
2021-01-20 11:13:45
第87轮训练完成，耗时08分32秒，
训练集上的loss=0.044261；
验证集上的loss=0.3026，mIoU=0.684683
最好的结果是第28轮，mIoU=0.595998

2021-01-20 11:13:45
正在进行第88轮训练...
2021-01-20 11:22:21
第88轮训练完成，耗时08分36秒，
训练集上的loss=0.034639；
验证集上的loss=0.3254，mIoU=0.689825
最好的结果是第28轮，mIoU=0.595998

2021-01-20 11:22:21
正在进行第89轮训练...
2021-01-20 11:30:55
第89轮训练完成，耗时08分34秒，
训练集上的loss=0.038923；
验证集上的loss=0.3159，mIoU=0.686852
最好的结果是第28轮，mIoU=0.595998

2021-01-20 11:30:55
正在进行第90轮训练...
2021-01-20 11:39:29
第90轮训练完成，耗时08分33秒，
训练集上的loss=0.033151；
验证集上的loss=0.3221，mIoU=0.690684
最好的结果是第28轮，mIoU=0.595998

2021-01-20 11:39:29
正在进行第91轮训练...
2021-01-20 11:48:02
第91轮训练完成，耗时08分33秒，
训练集上的loss=0.039015；
验证集上的loss=0.3216，mIoU=0.686588
最好的结果是第28轮，mIoU=0.595998

2021-01-20 11:48:02
正在进行第92轮训练...
2021-01-20 11:56:35
第92轮训练完成，耗时08分33秒，
训练集上的loss=0.032770；
验证集上的loss=0.3284，mIoU=0.690123
最好的结果是第28轮，mIoU=0.595998

2021-01-20 11:56:35
正在进行第93轮训练...
2021-01-20 12:05:07
第93轮训练完成，耗时08分32秒，
训练集上的loss=0.033196；
验证集上的loss=0.3364，mIoU=0.689448
最好的结果是第28轮，mIoU=0.595998

2021-01-20 12:05:07
正在进行第94轮训练...
2021-01-20 12:13:38
第94轮训练完成，耗时08分31秒，
训练集上的loss=0.033683；
验证集上的loss=0.3271，mIoU=0.683426
最好的结果是第28轮，mIoU=0.595998

2021-01-20 12:13:38
正在进行第95轮训练...
2021-01-20 12:22:10
第95轮训练完成，耗时08分31秒，
训练集上的loss=0.033075；
验证集上的loss=0.3268，mIoU=0.690791
最好的结果是第28轮，mIoU=0.595998

