
2021-01-22 16:15:51
正在进行第0轮训练...
2021-01-22 16:24:06
第0轮训练完成，耗时08分14秒，
训练集上的loss=0.568248；
验证集上的loss=0.5404，mIoU=0.185454
最好的结果是第0轮，mIoU=0.185454

2021-01-22 16:24:06
正在进行第1轮训练...
2021-01-22 16:32:23
第1轮训练完成，耗时08分16秒，
训练集上的loss=0.497709；
验证集上的loss=0.5339，mIoU=0.176651
最好的结果是第1轮，mIoU=0.176651

2021-01-22 16:32:23
正在进行第2轮训练...
2021-01-22 16:40:39
第2轮训练完成，耗时08分16秒，
训练集上的loss=0.469247；
验证集上的loss=0.4431，mIoU=0.249002
最好的结果是第2轮，mIoU=0.249002

2021-01-22 16:40:39
正在进行第3轮训练...
2021-01-22 16:48:55
第3轮训练完成，耗时08分16秒，
训练集上的loss=0.434138；
验证集上的loss=0.4321，mIoU=0.233895
最好的结果是第3轮，mIoU=0.233895

2021-01-22 16:48:55
正在进行第4轮训练...
2021-01-22 16:57:12
第4轮训练完成，耗时08分16秒，
训练集上的loss=0.410211；
验证集上的loss=0.4153，mIoU=0.271281
最好的结果是第4轮，mIoU=0.271281

2021-01-22 16:57:12
正在进行第5轮训练...
2021-01-22 17:05:28
第5轮训练完成，耗时08分15秒，
训练集上的loss=0.389459；
验证集上的loss=0.3946，mIoU=0.284500
最好的结果是第5轮，mIoU=0.284500

2021-01-22 17:05:28
正在进行第6轮训练...
2021-01-22 17:13:44
第6轮训练完成，耗时08分15秒，
训练集上的loss=0.372414；
验证集上的loss=0.3759，mIoU=0.295325
最好的结果是第6轮，mIoU=0.295325

2021-01-22 17:13:44
正在进行第7轮训练...
2021-01-22 17:21:59
第7轮训练完成，耗时08分15秒，
训练集上的loss=0.360660；
验证集上的loss=0.3643，mIoU=0.309411
最好的结果是第7轮，mIoU=0.309411

2021-01-22 17:21:59
正在进行第8轮训练...
2021-01-22 17:30:15
第8轮训练完成，耗时08分15秒，
训练集上的loss=0.346743；
验证集上的loss=0.3465，mIoU=0.332673
最好的结果是第8轮，mIoU=0.332673

2021-01-22 17:30:15
正在进行第9轮训练...
2021-01-22 17:38:32
第9轮训练完成，耗时08分17秒，
训练集上的loss=0.336213；
验证集上的loss=0.3378，mIoU=0.355494
最好的结果是第9轮，mIoU=0.355494

2021-01-22 17:38:32
正在进行第10轮训练...
2021-01-22 17:46:48
第10轮训练完成，耗时08分15秒，
训练集上的loss=0.323924；
验证集上的loss=0.3310，mIoU=0.346387
最好的结果是第10轮，mIoU=0.346387

2021-01-22 17:46:48
正在进行第11轮训练...
2021-01-22 17:55:03
第11轮训练完成，耗时08分15秒，
训练集上的loss=0.311788；
验证集上的loss=0.3248，mIoU=0.337681
最好的结果是第11轮，mIoU=0.337681

2021-01-22 17:55:03
正在进行第12轮训练...
2021-01-22 18:03:19
第12轮训练完成，耗时08分15秒，
训练集上的loss=0.301138；
验证集上的loss=0.3082，mIoU=0.377381
最好的结果是第12轮，mIoU=0.377381

2021-01-22 18:03:19
正在进行第13轮训练...
2021-01-22 18:11:35
第13轮训练完成，耗时08分15秒，
训练集上的loss=0.285169；
验证集上的loss=0.3048，mIoU=0.387907
最好的结果是第13轮，mIoU=0.387907

2021-01-22 18:11:35
正在进行第14轮训练...
2021-01-22 18:19:51
第14轮训练完成，耗时08分16秒，
训练集上的loss=0.270621；
验证集上的loss=0.3002，mIoU=0.402221
最好的结果是第14轮，mIoU=0.402221

2021-01-22 18:19:51
正在进行第15轮训练...
2021-01-22 18:28:07
第15轮训练完成，耗时08分16秒，
训练集上的loss=0.257430；
验证集上的loss=0.2889，mIoU=0.412898
最好的结果是第15轮，mIoU=0.412898

2021-01-22 18:28:07
正在进行第16轮训练...
2021-01-22 18:36:23
第16轮训练完成，耗时08分16秒，
训练集上的loss=0.244704；
验证集上的loss=0.2781，mIoU=0.431566
最好的结果是第16轮，mIoU=0.431566

2021-01-22 18:36:23
正在进行第17轮训练...
2021-01-22 18:44:39
第17轮训练完成，耗时08分15秒，
训练集上的loss=0.228225；
验证集上的loss=0.2750，mIoU=0.445093
最好的结果是第17轮，mIoU=0.445093

2021-01-22 18:44:39
正在进行第18轮训练...
2021-01-22 18:52:55
第18轮训练完成，耗时08分15秒，
训练集上的loss=0.213235；
验证集上的loss=0.2737，mIoU=0.461793
最好的结果是第18轮，mIoU=0.461793

2021-01-22 18:52:55
正在进行第19轮训练...
2021-01-22 19:01:12
第19轮训练完成，耗时08分16秒，
训练集上的loss=0.201389；
验证集上的loss=0.2618，mIoU=0.468464
最好的结果是第19轮，mIoU=0.468464

2021-01-22 19:01:12
正在进行第20轮训练...
2021-01-22 19:09:26
第20轮训练完成，耗时08分14秒，
训练集上的loss=0.189046；
验证集上的loss=0.2488，mIoU=0.506818
最好的结果是第20轮，mIoU=0.506818

2021-01-22 19:09:26
正在进行第21轮训练...
2021-01-22 19:17:41
第21轮训练完成，耗时08分14秒，
训练集上的loss=0.176939；
验证集上的loss=0.2442，mIoU=0.536661
最好的结果是第21轮，mIoU=0.536661

2021-01-22 19:17:41
正在进行第22轮训练...
2021-01-22 19:25:55
第22轮训练完成，耗时08分13秒，
训练集上的loss=0.165970；
验证集上的loss=0.2485，mIoU=0.531427
最好的结果是第21轮，mIoU=0.536661

2021-01-22 19:25:55
正在进行第23轮训练...
2021-01-22 19:34:10
第23轮训练完成，耗时08分15秒，
训练集上的loss=0.159410；
验证集上的loss=0.2354，mIoU=0.561429
最好的结果是第23轮，mIoU=0.561429

2021-01-22 19:34:10
正在进行第24轮训练...
2021-01-22 19:42:26
第24轮训练完成，耗时08分15秒，
训练集上的loss=0.147665；
验证集上的loss=0.2370，mIoU=0.567439
最好的结果是第23轮，mIoU=0.561429

2021-01-22 19:42:26
正在进行第25轮训练...
2021-01-22 19:50:41
第25轮训练完成，耗时08分15秒，
训练集上的loss=0.139430；
验证集上的loss=0.2349，mIoU=0.570303
最好的结果是第25轮，mIoU=0.570303

2021-01-22 19:50:41
正在进行第26轮训练...
2021-01-22 19:58:55
第26轮训练完成，耗时08分13秒，
训练集上的loss=0.134336；
验证集上的loss=0.2393，mIoU=0.563817
最好的结果是第25轮，mIoU=0.570303

2021-01-22 19:58:55
正在进行第27轮训练...
2021-01-22 20:07:09
第27轮训练完成，耗时08分14秒，
训练集上的loss=0.126538；
验证集上的loss=0.2375，mIoU=0.585043
最好的结果是第25轮，mIoU=0.570303

2021-01-22 20:07:09
正在进行第28轮训练...
2021-01-22 20:15:24
第28轮训练完成，耗时08分14秒，
训练集上的loss=0.124737；
验证集上的loss=0.2340，mIoU=0.592854
最好的结果是第28轮，mIoU=0.592854

2021-01-22 20:15:24
正在进行第29轮训练...
2021-01-22 20:23:39
第29轮训练完成，耗时08分15秒，
训练集上的loss=0.114295；
验证集上的loss=0.2315，mIoU=0.601479
最好的结果是第29轮，mIoU=0.601479

2021-01-22 20:23:39
正在进行第30轮训练...
2021-01-22 20:31:54
第30轮训练完成，耗时08分14秒，
训练集上的loss=0.108930；
验证集上的loss=0.2351，mIoU=0.605777
最好的结果是第29轮，mIoU=0.601479

2021-01-22 20:31:54
正在进行第31轮训练...
2021-01-22 20:40:08
第31轮训练完成，耗时08分14秒，
训练集上的loss=0.107748；
验证集上的loss=0.2359，mIoU=0.618227
最好的结果是第29轮，mIoU=0.601479

2021-01-22 20:40:08
正在进行第32轮训练...
2021-01-22 20:48:23
第32轮训练完成，耗时08分14秒，
训练集上的loss=0.100132；
验证集上的loss=0.2331，mIoU=0.617763
最好的结果是第29轮，mIoU=0.601479

2021-01-22 20:48:23
正在进行第33轮训练...
2021-01-22 20:56:37
第33轮训练完成，耗时08分14秒，
训练集上的loss=0.098707；
验证集上的loss=0.2356，mIoU=0.616982
最好的结果是第29轮，mIoU=0.601479

2021-01-22 20:56:37
正在进行第34轮训练...
2021-01-22 21:04:53
第34轮训练完成，耗时08分15秒，
训练集上的loss=0.093556；
验证集上的loss=0.2361，mIoU=0.624361
最好的结果是第29轮，mIoU=0.601479

2021-01-22 21:04:53
正在进行第35轮训练...
2021-01-22 21:13:07
第35轮训练完成，耗时08分14秒，
训练集上的loss=0.094126；
验证集上的loss=0.2470，mIoU=0.596281
最好的结果是第29轮，mIoU=0.601479

2021-01-22 21:13:07
正在进行第36轮训练...
2021-01-22 21:21:22
第36轮训练完成，耗时08分14秒，
训练集上的loss=0.089955；
验证集上的loss=0.2402，mIoU=0.633706
最好的结果是第29轮，mIoU=0.601479

2021-01-22 21:21:22
正在进行第37轮训练...
2021-01-22 21:29:36
第37轮训练完成，耗时08分14秒，
训练集上的loss=0.083872；
验证集上的loss=0.2387，mIoU=0.637084
最好的结果是第29轮，mIoU=0.601479

2021-01-22 21:29:36
正在进行第38轮训练...
2021-01-22 21:37:50
第38轮训练完成，耗时08分14秒，
训练集上的loss=0.081820；
验证集上的loss=0.2410，mIoU=0.644990
最好的结果是第29轮，mIoU=0.601479

2021-01-22 21:37:50
正在进行第39轮训练...
2021-01-22 21:46:06
第39轮训练完成，耗时08分15秒，
训练集上的loss=0.079938；
验证集上的loss=0.2429，mIoU=0.638574
最好的结果是第29轮，mIoU=0.601479

2021-01-22 21:46:06
正在进行第40轮训练...
2021-01-22 21:54:20
第40轮训练完成，耗时08分13秒，
训练集上的loss=0.078624；
验证集上的loss=0.2498，mIoU=0.640536
最好的结果是第29轮，mIoU=0.601479

2021-01-22 21:54:20
正在进行第41轮训练...
2021-01-22 22:02:34
第41轮训练完成，耗时08分13秒，
训练集上的loss=0.075591；
验证集上的loss=0.2480，mIoU=0.643749
最好的结果是第29轮，mIoU=0.601479

2021-01-22 22:02:34
正在进行第42轮训练...
2021-01-22 22:10:48
第42轮训练完成，耗时08分14秒，
训练集上的loss=0.098226；
验证集上的loss=0.2393，mIoU=0.638746
最好的结果是第29轮，mIoU=0.601479

2021-01-22 22:10:48
正在进行第43轮训练...
2021-01-22 22:19:02
第43轮训练完成，耗时08分14秒，
训练集上的loss=0.072077；
验证集上的loss=0.2428，mIoU=0.657093
最好的结果是第29轮，mIoU=0.601479

2021-01-22 22:19:02
正在进行第44轮训练...
2021-01-22 22:27:17
第44轮训练完成，耗时08分15秒，
训练集上的loss=0.066348；
验证集上的loss=0.2535，mIoU=0.655868
最好的结果是第29轮，mIoU=0.601479

2021-01-22 22:27:17
正在进行第45轮训练...
2021-01-22 22:35:32
第45轮训练完成，耗时08分14秒，
训练集上的loss=0.066280；
验证集上的loss=0.2493，mIoU=0.657475
最好的结果是第29轮，mIoU=0.601479

2021-01-22 22:35:32
正在进行第46轮训练...
2021-01-22 22:43:46
第46轮训练完成，耗时08分14秒，
训练集上的loss=0.066438；
验证集上的loss=0.2538，mIoU=0.654735
最好的结果是第29轮，mIoU=0.601479

2021-01-22 22:43:46
正在进行第47轮训练...
2021-01-22 22:52:01
第47轮训练完成，耗时08分14秒，
训练集上的loss=0.075234；
验证集上的loss=0.2546，mIoU=0.636527
最好的结果是第29轮，mIoU=0.601479

2021-01-22 22:52:01
正在进行第48轮训练...
2021-01-22 23:00:15
第48轮训练完成，耗时08分13秒，
训练集上的loss=0.063015；
验证集上的loss=0.2513，mIoU=0.662556
最好的结果是第29轮，mIoU=0.601479

2021-01-22 23:00:15
正在进行第49轮训练...
2021-01-22 23:08:29
第49轮训练完成，耗时08分14秒，
训练集上的loss=0.061110；
验证集上的loss=0.2650，mIoU=0.657079
最好的结果是第29轮，mIoU=0.601479

2021-01-22 23:08:29
正在进行第50轮训练...
2021-01-22 23:16:43
第50轮训练完成，耗时08分14秒，
训练集上的loss=0.063002；
验证集上的loss=0.2557，mIoU=0.658850
最好的结果是第29轮，mIoU=0.601479

2021-01-22 23:16:43
正在进行第51轮训练...
2021-01-22 23:24:57
第51轮训练完成，耗时08分13秒，
训练集上的loss=0.061175；
验证集上的loss=0.2643，mIoU=0.661292
最好的结果是第29轮，mIoU=0.601479

2021-01-22 23:24:57
正在进行第52轮训练...
2021-01-22 23:33:11
第52轮训练完成，耗时08分13秒，
训练集上的loss=0.058511；
验证集上的loss=0.2663，mIoU=0.651055
最好的结果是第29轮，mIoU=0.601479

2021-01-22 23:33:11
正在进行第53轮训练...
2021-01-22 23:41:25
第53轮训练完成，耗时08分13秒，
训练集上的loss=0.061312；
验证集上的loss=0.2642，mIoU=0.666201
最好的结果是第29轮，mIoU=0.601479

2021-01-22 23:41:25
正在进行第54轮训练...
2021-01-22 23:49:40
第54轮训练完成，耗时08分14秒，
训练集上的loss=0.057264；
验证集上的loss=0.2629，mIoU=0.665367
最好的结果是第29轮，mIoU=0.601479

2021-01-22 23:49:40
正在进行第55轮训练...
2021-01-22 23:57:54
第55轮训练完成，耗时08分13秒，
训练集上的loss=0.055476；
验证集上的loss=0.2727，mIoU=0.662644
最好的结果是第29轮，mIoU=0.601479

2021-01-22 23:57:54
正在进行第56轮训练...
2021-01-23 00:06:09
第56轮训练完成，耗时08分14秒，
训练集上的loss=0.056398；
验证集上的loss=0.2751，mIoU=0.656043
最好的结果是第29轮，mIoU=0.601479

2021-01-23 00:06:09
正在进行第57轮训练...
2021-01-23 00:14:23
第57轮训练完成，耗时08分13秒，
训练集上的loss=0.075498；
验证集上的loss=0.2596，mIoU=0.668298
最好的结果是第29轮，mIoU=0.601479

2021-01-23 00:14:23
正在进行第58轮训练...
2021-01-23 00:22:37
第58轮训练完成，耗时08分13秒，
训练集上的loss=0.051887；
验证集上的loss=0.2729，mIoU=0.677453
最好的结果是第29轮，mIoU=0.601479

2021-01-23 00:22:37
正在进行第59轮训练...
2021-01-23 00:30:51
第59轮训练完成，耗时08分14秒，
训练集上的loss=0.050316；
验证集上的loss=0.2797，mIoU=0.674500
最好的结果是第29轮，mIoU=0.601479

2021-01-23 00:30:51
正在进行第60轮训练...
2021-01-23 00:39:05
第60轮训练完成，耗时08分13秒，
训练集上的loss=0.049159；
验证集上的loss=0.2863，mIoU=0.669222
最好的结果是第29轮，mIoU=0.601479

2021-01-23 00:39:05
正在进行第61轮训练...
2021-01-23 00:47:20
第61轮训练完成，耗时08分14秒，
训练集上的loss=0.049599；
验证集上的loss=0.2808，mIoU=0.675353
最好的结果是第29轮，mIoU=0.601479

2021-01-23 00:47:20
正在进行第62轮训练...
2021-01-23 00:55:34
第62轮训练完成，耗时08分14秒，
训练集上的loss=0.053215；
验证集上的loss=0.2681，mIoU=0.654337
最好的结果是第29轮，mIoU=0.601479

2021-01-23 00:55:34
正在进行第63轮训练...
2021-01-23 01:03:48
第63轮训练完成，耗时08分14秒，
训练集上的loss=0.051418；
验证集上的loss=0.2745，mIoU=0.678664
最好的结果是第29轮，mIoU=0.601479

2021-01-23 01:03:48
正在进行第64轮训练...
2021-01-23 01:12:02
第64轮训练完成，耗时08分14秒，
训练集上的loss=0.047442；
验证集上的loss=0.2971，mIoU=0.673791
最好的结果是第29轮，mIoU=0.601479

2021-01-23 01:12:02
正在进行第65轮训练...
2021-01-23 01:20:16
第65轮训练完成，耗时08分13秒，
训练集上的loss=0.047633；
验证集上的loss=0.2876，mIoU=0.659801
最好的结果是第29轮，mIoU=0.601479

2021-01-23 01:20:16
正在进行第66轮训练...
2021-01-23 01:28:30
第66轮训练完成，耗时08分13秒，
训练集上的loss=0.048813；
验证集上的loss=0.2803，mIoU=0.672663
最好的结果是第29轮，mIoU=0.601479

2021-01-23 01:28:30
正在进行第67轮训练...
2021-01-23 01:36:44
第67轮训练完成，耗时08分13秒，
训练集上的loss=0.050670；
验证集上的loss=0.2790，mIoU=0.667460
最好的结果是第29轮，mIoU=0.601479

2021-01-23 01:36:44
正在进行第68轮训练...
2021-01-23 01:44:58
第68轮训练完成，耗时08分14秒，
训练集上的loss=0.045813；
验证集上的loss=0.2873，mIoU=0.679646
最好的结果是第29轮，mIoU=0.601479

2021-01-23 01:44:58
正在进行第69轮训练...
2021-01-23 01:53:13
第69轮训练完成，耗时08分14秒，
训练集上的loss=0.043657；
验证集上的loss=0.2932，mIoU=0.676456
最好的结果是第29轮，mIoU=0.601479

2021-01-23 01:53:13
正在进行第70轮训练...
2021-01-23 02:01:27
第70轮训练完成，耗时08分13秒，
训练集上的loss=0.043891；
验证集上的loss=0.2968，mIoU=0.676726
最好的结果是第29轮，mIoU=0.601479

2021-01-23 02:01:27
正在进行第71轮训练...
2021-01-23 02:09:41
第71轮训练完成，耗时08分14秒，
训练集上的loss=0.048414；
验证集上的loss=0.2866，mIoU=0.663174
最好的结果是第29轮，mIoU=0.601479

2021-01-23 02:09:41
正在进行第72轮训练...
2021-01-23 02:17:55
第72轮训练完成，耗时08分13秒，
训练集上的loss=0.044056；
验证集上的loss=0.2989，mIoU=0.678797
最好的结果是第29轮，mIoU=0.601479

2021-01-23 02:17:55
正在进行第73轮训练...
2021-01-23 02:26:09
第73轮训练完成，耗时08分14秒，
训练集上的loss=0.041506；
验证集上的loss=0.3145，mIoU=0.665723
最好的结果是第29轮，mIoU=0.601479

2021-01-23 02:26:09
正在进行第74轮训练...
2021-01-23 02:34:24
第74轮训练完成，耗时08分14秒，
训练集上的loss=0.045064；
验证集上的loss=0.2943，mIoU=0.676998
最好的结果是第29轮，mIoU=0.601479

2021-01-23 02:34:24
正在进行第75轮训练...
2021-01-23 02:42:38
第75轮训练完成，耗时08分13秒，
训练集上的loss=0.041419；
验证集上的loss=0.2930，mIoU=0.680201
最好的结果是第29轮，mIoU=0.601479

2021-01-23 02:42:38
正在进行第76轮训练...
2021-01-23 02:50:52
第76轮训练完成，耗时08分13秒，
训练集上的loss=0.040910；
验证集上的loss=0.3002，mIoU=0.679300
最好的结果是第29轮，mIoU=0.601479

2021-01-23 02:50:52
正在进行第77轮训练...
2021-01-23 02:59:06
第77轮训练完成，耗时08分14秒，
训练集上的loss=0.040724；
验证集上的loss=0.3037，mIoU=0.680325
最好的结果是第29轮，mIoU=0.601479

2021-01-23 02:59:06
正在进行第78轮训练...
2021-01-23 03:07:20
第78轮训练完成，耗时08分14秒，
训练集上的loss=0.043255；
验证集上的loss=0.2941，mIoU=0.673285
最好的结果是第29轮，mIoU=0.601479

2021-01-23 03:07:20
正在进行第79轮训练...
2021-01-23 03:15:35
第79轮训练完成，耗时08分14秒，
训练集上的loss=0.046703；
验证集上的loss=0.2726，mIoU=0.636147
最好的结果是第29轮，mIoU=0.601479

2021-01-23 03:15:35
正在进行第80轮训练...
2021-01-23 03:23:49
第80轮训练完成，耗时08分14秒，
训练集上的loss=0.045866；
验证集上的loss=0.2920，mIoU=0.684180
最好的结果是第29轮，mIoU=0.601479

2021-01-23 03:23:49
正在进行第81轮训练...
2021-01-23 03:32:03
第81轮训练完成，耗时08分13秒，
训练集上的loss=0.037904；
验证集上的loss=0.3017，mIoU=0.687531
最好的结果是第29轮，mIoU=0.601479

2021-01-23 03:32:03
正在进行第82轮训练...
2021-01-23 03:40:17
第82轮训练完成，耗时08分14秒，
训练集上的loss=0.036524；
验证集上的loss=0.3076，mIoU=0.687409
最好的结果是第29轮，mIoU=0.601479

2021-01-23 03:40:17
正在进行第83轮训练...
2021-01-23 03:48:31
第83轮训练完成，耗时08分14秒，
训练集上的loss=0.037238；
验证集上的loss=0.3135，mIoU=0.686986
最好的结果是第29轮，mIoU=0.601479

2021-01-23 03:48:31
正在进行第84轮训练...
2021-01-23 03:56:46
第84轮训练完成，耗时08分14秒，
训练集上的loss=0.037887；
验证集上的loss=0.3116，mIoU=0.684817
最好的结果是第29轮，mIoU=0.601479

2021-01-23 03:56:46
正在进行第85轮训练...
2021-01-23 04:05:00
第85轮训练完成，耗时08分14秒，
训练集上的loss=0.039916；
验证集上的loss=0.2927，mIoU=0.679031
最好的结果是第29轮，mIoU=0.601479

2021-01-23 04:05:00
正在进行第86轮训练...
2021-01-23 04:13:14
第86轮训练完成，耗时08分14秒，
训练集上的loss=0.052175；
验证集上的loss=0.2921，mIoU=0.680125
最好的结果是第29轮，mIoU=0.601479

2021-01-23 04:13:14
正在进行第87轮训练...
2021-01-23 04:21:28
第87轮训练完成，耗时08分13秒，
训练集上的loss=0.037736；
验证集上的loss=0.3064，mIoU=0.686936
最好的结果是第29轮，mIoU=0.601479

2021-01-23 04:21:28
正在进行第88轮训练...
2021-01-23 04:29:43
第88轮训练完成，耗时08分14秒，
训练集上的loss=0.035002；
验证集上的loss=0.3136，mIoU=0.689402
最好的结果是第29轮，mIoU=0.601479

2021-01-23 04:29:43
正在进行第89轮训练...
2021-01-23 04:37:57
第89轮训练完成，耗时08分14秒，
训练集上的loss=0.034434；
验证集上的loss=0.3181，mIoU=0.687731
最好的结果是第29轮，mIoU=0.601479

2021-01-23 04:37:57
正在进行第90轮训练...
2021-01-23 04:46:11
第90轮训练完成，耗时08分13秒，
训练集上的loss=0.034801；
验证集上的loss=0.3126，mIoU=0.685723
最好的结果是第29轮，mIoU=0.601479

2021-01-23 04:46:11
正在进行第91轮训练...
2021-01-23 04:54:25
第91轮训练完成，耗时08分13秒，
训练集上的loss=0.035329；
验证集上的loss=0.3166，mIoU=0.687072
最好的结果是第29轮，mIoU=0.601479

2021-01-23 04:54:25
正在进行第92轮训练...
2021-01-23 05:02:39
第92轮训练完成，耗时08分14秒，
训练集上的loss=0.035853；
验证集上的loss=0.3214，mIoU=0.684868
最好的结果是第29轮，mIoU=0.601479

2021-01-23 05:02:39
正在进行第93轮训练...
2021-01-23 05:10:53
第93轮训练完成，耗时08分13秒，
训练集上的loss=0.036632；
验证集上的loss=0.3227，mIoU=0.682253
最好的结果是第29轮，mIoU=0.601479

2021-01-23 05:10:53
正在进行第94轮训练...
2021-01-23 05:19:07
第94轮训练完成，耗时08分14秒，
训练集上的loss=0.035419；
验证集上的loss=0.3216，mIoU=0.690718
最好的结果是第29轮，mIoU=0.601479

2021-01-23 05:19:07
正在进行第95轮训练...
2021-01-23 05:27:22
第95轮训练完成，耗时08分14秒，
训练集上的loss=0.033965；
验证集上的loss=0.3250，mIoU=0.686209
最好的结果是第29轮，mIoU=0.601479

2021-01-23 05:27:22
正在进行第96轮训练...
2021-01-23 05:35:35
第96轮训练完成，耗时08分13秒，
训练集上的loss=0.034916；
验证集上的loss=0.3332，mIoU=0.683242
最好的结果是第29轮，mIoU=0.601479

2021-01-23 05:35:35
正在进行第97轮训练...
2021-01-23 05:43:49
第97轮训练完成，耗时08分14秒，
训练集上的loss=0.033945；
验证集上的loss=0.3342，mIoU=0.689407
最好的结果是第29轮，mIoU=0.601479

2021-01-23 05:43:49
正在进行第98轮训练...
2021-01-23 05:52:04
第98轮训练完成，耗时08分14秒，
训练集上的loss=0.049590；
验证集上的loss=0.2847，mIoU=0.673662
最好的结果是第29轮，mIoU=0.601479

2021-01-23 05:52:04
正在进行第99轮训练...
2021-01-23 06:00:18
第99轮训练完成，耗时08分14秒，
训练集上的loss=0.035859；
验证集上的loss=0.3150，mIoU=0.693200
最好的结果是第29轮，mIoU=0.601479
end
